RUN	ImporterSimulation	importersimulation	1553763006514	 	3.0.3
USER	ImporterSimulation	1	START	1553763007196	1553763007196
USER	ImporterSimulation	2	START	1553763007231	1553763007231
USER	ImporterSimulation	3	START	1553763007232	1553763007232
USER	ImporterSimulation	4	START	1553763007234	1553763007234
USER	ImporterSimulation	5	START	1553763007235	1553763007235
USER	ImporterSimulation	6	START	1553763007237	1553763007237
USER	ImporterSimulation	7	START	1553763007239	1553763007239
USER	ImporterSimulation	8	START	1553763007241	1553763007241
USER	ImporterSimulation	9	START	1553763007243	1553763007243
USER	ImporterSimulation	10	START	1553763007246	1553763007246
USER	ImporterSimulation	11	START	1553763007251	1553763007251
USER	ImporterSimulation	12	START	1553763007255	1553763007255
USER	ImporterSimulation	13	START	1553763007260	1553763007260
USER	ImporterSimulation	14	START	1553763007265	1553763007265
USER	ImporterSimulation	15	START	1553763007268	1553763007268
USER	ImporterSimulation	16	START	1553763007272	1553763007272
USER	ImporterSimulation	17	START	1553763007274	1553763007274
USER	ImporterSimulation	18	START	1553763007276	1553763007276
USER	ImporterSimulation	19	START	1553763007277	1553763007277
USER	ImporterSimulation	20	START	1553763007279	1553763007279
USER	ImporterSimulation	21	START	1553763007280	1553763007280
USER	ImporterSimulation	22	START	1553763007282	1553763007282
USER	ImporterSimulation	23	START	1553763007284	1553763007284
USER	ImporterSimulation	24	START	1553763007286	1553763007286
USER	ImporterSimulation	25	START	1553763007287	1553763007287
USER	ImporterSimulation	26	START	1553763007288	1553763007288
USER	ImporterSimulation	27	START	1553763007290	1553763007290
USER	ImporterSimulation	28	START	1553763007291	1553763007291
USER	ImporterSimulation	29	START	1553763007296	1553763007296
USER	ImporterSimulation	30	START	1553763007299	1553763007299
USER	ImporterSimulation	31	START	1553763007300	1553763007300
USER	ImporterSimulation	32	START	1553763007302	1553763007302
USER	ImporterSimulation	33	START	1553763007303	1553763007303
USER	ImporterSimulation	34	START	1553763007305	1553763007305
USER	ImporterSimulation	35	START	1553763007306	1553763007306
USER	ImporterSimulation	36	START	1553763007307	1553763007307
USER	ImporterSimulation	37	START	1553763007313	1553763007313
USER	ImporterSimulation	38	START	1553763007314	1553763007314
USER	ImporterSimulation	39	START	1553763007316	1553763007316
USER	ImporterSimulation	40	START	1553763007317	1553763007317
USER	ImporterSimulation	41	START	1553763007319	1553763007319
USER	ImporterSimulation	42	START	1553763007321	1553763007321
USER	ImporterSimulation	43	START	1553763007322	1553763007322
USER	ImporterSimulation	44	START	1553763007332	1553763007332
USER	ImporterSimulation	45	START	1553763007348	1553763007348
USER	ImporterSimulation	46	START	1553763007353	1553763007353
USER	ImporterSimulation	47	START	1553763007355	1553763007355
USER	ImporterSimulation	48	START	1553763007358	1553763007358
USER	ImporterSimulation	49	START	1553763007360	1553763007360
USER	ImporterSimulation	50	START	1553763007361	1553763007361
USER	ImporterSimulation	51	START	1553763007363	1553763007363
USER	ImporterSimulation	52	START	1553763007364	1553763007364
USER	ImporterSimulation	53	START	1553763007366	1553763007366
USER	ImporterSimulation	54	START	1553763007367	1553763007367
USER	ImporterSimulation	55	START	1553763007368	1553763007368
USER	ImporterSimulation	56	START	1553763007370	1553763007370
USER	ImporterSimulation	57	START	1553763007371	1553763007371
USER	ImporterSimulation	58	START	1553763007372	1553763007372
USER	ImporterSimulation	59	START	1553763007374	1553763007374
USER	ImporterSimulation	60	START	1553763007375	1553763007375
USER	ImporterSimulation	61	START	1553763007376	1553763007376
USER	ImporterSimulation	62	START	1553763007378	1553763007378
USER	ImporterSimulation	63	START	1553763007379	1553763007379
USER	ImporterSimulation	64	START	1553763007380	1553763007380
USER	ImporterSimulation	65	START	1553763007382	1553763007382
USER	ImporterSimulation	66	START	1553763007383	1553763007383
USER	ImporterSimulation	67	START	1553763007384	1553763007384
USER	ImporterSimulation	68	START	1553763007386	1553763007386
USER	ImporterSimulation	69	START	1553763007387	1553763007387
USER	ImporterSimulation	70	START	1553763007388	1553763007388
USER	ImporterSimulation	71	START	1553763007389	1553763007389
USER	ImporterSimulation	72	START	1553763007390	1553763007390
USER	ImporterSimulation	73	START	1553763007391	1553763007391
USER	ImporterSimulation	74	START	1553763007392	1553763007392
USER	ImporterSimulation	75	START	1553763007393	1553763007393
USER	ImporterSimulation	76	START	1553763007394	1553763007394
USER	ImporterSimulation	77	START	1553763007395	1553763007395
USER	ImporterSimulation	78	START	1553763007396	1553763007396
USER	ImporterSimulation	79	START	1553763007397	1553763007397
USER	ImporterSimulation	80	START	1553763007398	1553763007398
USER	ImporterSimulation	81	START	1553763007399	1553763007399
USER	ImporterSimulation	82	START	1553763007400	1553763007400
USER	ImporterSimulation	83	START	1553763007401	1553763007401
USER	ImporterSimulation	84	START	1553763007402	1553763007402
USER	ImporterSimulation	85	START	1553763007403	1553763007403
USER	ImporterSimulation	86	START	1553763007404	1553763007404
USER	ImporterSimulation	87	START	1553763007405	1553763007405
USER	ImporterSimulation	88	START	1553763007406	1553763007406
USER	ImporterSimulation	89	START	1553763007407	1553763007407
USER	ImporterSimulation	90	START	1553763007408	1553763007408
USER	ImporterSimulation	91	START	1553763007409	1553763007409
USER	ImporterSimulation	92	START	1553763007409	1553763007409
USER	ImporterSimulation	93	START	1553763007410	1553763007410
USER	ImporterSimulation	94	START	1553763007411	1553763007411
USER	ImporterSimulation	95	START	1553763007412	1553763007412
USER	ImporterSimulation	96	START	1553763007413	1553763007413
USER	ImporterSimulation	97	START	1553763007414	1553763007414
USER	ImporterSimulation	98	START	1553763007415	1553763007415
USER	ImporterSimulation	99	START	1553763007416	1553763007416
USER	ImporterSimulation	100	START	1553763007417	1553763007417
REQUEST	6		request	1553763007238	1553763008407	OK	 
REQUEST	3		request	1553763007233	1553763008454	OK	 
REQUEST	4		request	1553763007235	1553763008864	OK	 
REQUEST	14		request	1553763007266	1553763009120	OK	 
REQUEST	13		request	1553763007261	1553763009410	OK	 
REQUEST	2		request	1553763007232	1553763010067	OK	 
REQUEST	5		request	1553763007236	1553763010067	OK	 
REQUEST	21		request	1553763007281	1553763010069	OK	 
REQUEST	7		request	1553763007240	1553763010070	OK	 
REQUEST	8		request	1553763007242	1553763010070	OK	 
REQUEST	1		request	1553763007228	1553763010075	OK	 
REQUEST	23		request	1553763007286	1553763010075	OK	 
REQUEST	11		request	1553763007252	1553763010075	OK	 
REQUEST	33		request	1553763007304	1553763010077	OK	 
REQUEST	43		request	1553763007323	1553763010077	OK	 
REQUEST	10		request	1553763007248	1553763010081	OK	 
REQUEST	26		request	1553763007290	1553763010084	OK	 
REQUEST	39		request	1553763007317	1553763011835	OK	 
REQUEST	37		request	1553763007314	1553763011835	OK	 
REQUEST	53		request	1553763007367	1553763011838	OK	 
REQUEST	29		request	1553763007298	1553763011838	OK	 
REQUEST	71		request	1553763007390	1553763011839	OK	 
REQUEST	85		request	1553763007404	1553763011840	OK	 
REQUEST	45		request	1553763007352	1553763011840	OK	 
REQUEST	55		request	1553763007369	1553763011840	OK	 
REQUEST	93		request	1553763007411	1553763011842	OK	 
REQUEST	61		request	1553763007377	1553763011843	OK	 
REQUEST	30		request	1553763007300	1553763011984	OK	 
REQUEST	62		request	1553763007378	1553763011986	OK	 
REQUEST	12		request	1553763007257	1553763012100	OK	 
REQUEST	28		request	1553763007292	1553763012102	OK	 
REQUEST	44		request	1553763007340	1553763012105	OK	 
REQUEST	76		request	1553763007395	1553763012106	OK	 
REQUEST	15		request	1553763007269	1553763012164	OK	 
REQUEST	31		request	1553763007301	1553763012169	OK	 
REQUEST	79		request	1553763007398	1553763012170	OK	 
REQUEST	63		request	1553763007379	1553763012171	OK	 
REQUEST	22		request	1553763007284	1553763012803	OK	 
REQUEST	54		request	1553763007368	1553763012804	OK	 
REQUEST	38		request	1553763007316	1553763012805	OK	 
REQUEST	9		request	1553763007244	1553763012935	OK	 
REQUEST	25		request	1553763007288	1553763012937	OK	 
REQUEST	19		request	1553763007278	1553763012938	OK	 
REQUEST	34		request	1553763007306	1553763012939	OK	 
REQUEST	42		request	1553763007322	1553763012939	OK	 
REQUEST	57		request	1553763007372	1553763012939	OK	 
REQUEST	83		request	1553763007402	1553763012940	OK	 
REQUEST	90		request	1553763007408	1553763012940	OK	 
REQUEST	41		request	1553763007320	1553763012941	OK	 
REQUEST	99		request	1553763007417	1553763012941	OK	 
REQUEST	73		request	1553763007392	1553763012942	OK	 
REQUEST	51		request	1553763007364	1553763012943	OK	 
REQUEST	32		request	1553763007303	1553763013062	OK	 
REQUEST	20		request	1553763007280	1553763013062	OK	 
REQUEST	16		request	1553763007274	1553763013064	OK	 
REQUEST	36		request	1553763007312	1553763013064	OK	 
REQUEST	96		request	1553763007414	1553763013066	OK	 
REQUEST	68		request	1553763007387	1553763013066	OK	 
REQUEST	52		request	1553763007365	1553763013068	OK	 
REQUEST	64		request	1553763007381	1553763013068	OK	 
REQUEST	27		request	1553763007291	1553763013068	OK	 
REQUEST	80		request	1553763007399	1553763013069	OK	 
REQUEST	100		request	1553763007418	1553763013069	OK	 
REQUEST	75		request	1553763007394	1553763013069	OK	 
REQUEST	35		request	1553763007307	1553763013575	OK	 
REQUEST	18		request	1553763007277	1553763013575	OK	 
REQUEST	98		request	1553763007416	1553763013577	OK	 
REQUEST	66		request	1553763007384	1553763013578	OK	 
REQUEST	50		request	1553763007363	1553763013580	OK	 
REQUEST	24		request	1553763007287	1553763013619	OK	 
REQUEST	72		request	1553763007391	1553763013622	OK	 
REQUEST	88		request	1553763007407	1553763013624	OK	 
REQUEST	69		request	1553763007388	1553763013682	OK	 
REQUEST	17		request	1553763007275	1553763013875	OK	 
REQUEST	81		request	1553763007400	1553763013876	OK	 
REQUEST	65		request	1553763007382	1553763013877	OK	 
REQUEST	97		request	1553763007415	1553763013878	OK	 
REQUEST	87		request	1553763007406	1553763013978	OK	 
REQUEST	23		request	1553763010076	1553763013980	OK	 
REQUEST	67		request	1553763007386	1553763014006	OK	 
REQUEST	89		request	1553763007407	1553763014173	OK	 
REQUEST	92		request	1553763007410	1553763014317	OK	 
REQUEST	70		request	1553763007389	1553763014318	OK	 
REQUEST	60		request	1553763007376	1553763014320	OK	 
REQUEST	86		request	1553763007405	1553763014323	OK	 
REQUEST	58		request	1553763007373	1553763014323	OK	 
REQUEST	47		request	1553763007358	1553763014324	OK	 
REQUEST	78		request	1553763007397	1553763014325	OK	 
REQUEST	46		request	1553763007355	1553763014326	OK	 
REQUEST	95		request	1553763007413	1553763014326	OK	 
REQUEST	94		request	1553763007412	1553763014328	OK	 
REQUEST	74		request	1553763007393	1553763014331	OK	 
REQUEST	59		request	1553763007375	1553763014856	OK	 
REQUEST	56		request	1553763007370	1553763014856	OK	 
REQUEST	91		request	1553763007409	1553763014858	OK	 
REQUEST	40		request	1553763007318	1553763014858	OK	 
REQUEST	43		request	1553763010078	1553763014859	OK	 
REQUEST	82		request	1553763007401	1553763014882	OK	 
REQUEST	49		request	1553763007361	1553763015129	OK	 
REQUEST	1		request	1553763010076	1553763015130	OK	 
REQUEST	26		request	1553763010085	1553763015976	OK	 
REQUEST	14		request	1553763009121	1553763015976	OK	 
REQUEST	10		request	1553763010082	1553763015977	OK	 
REQUEST	5		request	1553763010068	1553763016051	OK	 
REQUEST	21		request	1553763010070	1553763016053	OK	 
REQUEST	53		request	1553763011839	1553763016054	OK	 
REQUEST	7		request	1553763010074	1553763016328	OK	 
REQUEST	71		request	1553763011840	1553763016329	OK	 
REQUEST	55		request	1553763011841	1553763016330	OK	 
REQUEST	11		request	1553763010076	1553763016707	OK	 
REQUEST	75		request	1553763013070	1553763016708	OK	 
REQUEST	48		request	1553763007360	1553763016714	OK	 
REQUEST	32		request	1553763013063	1553763016715	OK	 
REQUEST	96		request	1553763013067	1553763016717	OK	 
REQUEST	64		request	1553763013069	1553763016718	OK	 
REQUEST	9		request	1553763012936	1553763016841	OK	 
REQUEST	13		request	1553763009411	1553763016841	OK	 
REQUEST	57		request	1553763012940	1553763016842	OK	 
REQUEST	77		request	1553763007396	1553763016842	OK	 
REQUEST	29		request	1553763011839	1553763016844	OK	 
REQUEST	41		request	1553763012941	1553763016844	OK	 
REQUEST	73		request	1553763012943	1553763016845	OK	 
REQUEST	45		request	1553763011840	1553763016845	OK	 
REQUEST	93		request	1553763011842	1553763016847	OK	 
REQUEST	85		request	1553763011840	1553763017020	OK	 
REQUEST	15		request	1553763012165	1553763017020	OK	 
REQUEST	31		request	1553763012169	1553763017021	OK	 
REQUEST	37		request	1553763011836	1553763017021	OK	 
REQUEST	79		request	1553763012171	1553763017023	OK	 
REQUEST	6		request	1553763008436	1553763017500	OK	 
REQUEST	54		request	1553763012805	1553763017502	OK	 
REQUEST	38		request	1553763012806	1553763017503	OK	 
REQUEST	42		request	1553763012940	1553763017510	OK	 
REQUEST	90		request	1553763012941	1553763017512	OK	 
REQUEST	61		request	1553763011844	1553763017513	OK	 
REQUEST	25		request	1553763012938	1553763017513	OK	 
REQUEST	62		request	1553763011987	1553763017552	OK	 
REQUEST	30		request	1553763011985	1553763017554	OK	 
REQUEST	39		request	1553763011836	1553763017566	OK	 
REQUEST	23		request	1553763013980	1553763017567	OK	 
REQUEST	80		request	1553763013070	1553763017994	OK	 
REQUEST	3		request	1553763008455	1553763017995	OK	 
REQUEST	34		request	1553763012939	1553763017995	OK	 
REQUEST	84		request	1553763007403	1553763017996	OK	 
REQUEST	16		request	1553763013065	1553763017996	OK	 
REQUEST	83		request	1553763012941	1553763017996	OK	 
REQUEST	4		request	1553763008865	1553763017997	OK	 
REQUEST	99		request	1553763012942	1553763017998	OK	 
REQUEST	68		request	1553763013067	1553763017999	OK	 
REQUEST	51		request	1553763012943	1553763017999	OK	 
REQUEST	52		request	1553763013069	1553763018000	OK	 
REQUEST	100		request	1553763013070	1553763018001	OK	 
REQUEST	36		request	1553763013065	1553763018002	OK	 
REQUEST	72		request	1553763013623	1553763018321	OK	 
REQUEST	8		request	1553763010071	1553763018322	OK	 
REQUEST	24		request	1553763013621	1553763018323	OK	 
REQUEST	33		request	1553763010078	1553763018402	OK	 
REQUEST	81		request	1553763013877	1553763018403	OK	 
REQUEST	65		request	1553763013878	1553763018404	OK	 
REQUEST	78		request	1553763014326	1553763018417	OK	 
REQUEST	46		request	1553763014327	1553763018419	OK	 
REQUEST	94		request	1553763014329	1553763018420	OK	 
REQUEST	63		request	1553763012172	1553763018687	OK	 
REQUEST	47		request	1553763014325	1553763018689	OK	 
REQUEST	12		request	1553763012101	1553763018866	OK	 
REQUEST	44		request	1553763012105	1553763018867	OK	 
REQUEST	76		request	1553763012107	1553763018868	OK	 
REQUEST	58		request	1553763014323	1553763019093	OK	 
REQUEST	69		request	1553763013683	1553763019094	OK	 
REQUEST	74		request	1553763014332	1553763019095	OK	 
REQUEST	5		request	1553763016052	1553763019096	OK	 
REQUEST	27		request	1553763013069	1553763019267	OK	 
REQUEST	43		request	1553763014859	1553763019268	OK	 
REQUEST	59		request	1553763014857	1553763019269	OK	 
REQUEST	35		request	1553763013576	1553763019749	OK	 
REQUEST	2		request	1553763010068	1553763019749	OK	 
REQUEST	98		request	1553763013578	1553763019750	OK	 
REQUEST	66		request	1553763013579	1553763019751	OK	 
REQUEST	48		request	1553763016715	1553763019939	OK	 
REQUEST	96		request	1553763016717	1553763019940	OK	 
REQUEST	97		request	1553763013879	1553763020042	OK	 
REQUEST	87		request	1553763013979	1553763020042	OK	 
REQUEST	17		request	1553763013876	1553763020044	OK	 
REQUEST	71		request	1553763016329	1553763020044	OK	 
REQUEST	1		request	1553763015131	1553763020045	OK	 
REQUEST	55		request	1553763016330	1553763020045	OK	 
REQUEST	14		request	1553763015977	1553763020239	OK	 
REQUEST	62		request	1553763017553	1553763020240	OK	 
REQUEST	28		request	1553763012103	1553763020470	OK	 
REQUEST	92		request	1553763014319	1553763020471	OK	 
REQUEST	22		request	1553763012803	1553763020558	OK	 
REQUEST	70		request	1553763014321	1553763020559	OK	 
REQUEST	53		request	1553763016055	1553763020720	OK	 
REQUEST	95		request	1553763014327	1553763020721	OK	 
REQUEST	26		request	1553763015977	1553763020721	OK	 
REQUEST	13		request	1553763016841	1553763020721	OK	 
REQUEST	15		request	1553763017020	1553763020722	OK	 
REQUEST	21		request	1553763016054	1553763020722	OK	 
REQUEST	10		request	1553763015978	1553763020723	OK	 
REQUEST	29		request	1553763016845	1553763020723	OK	 
REQUEST	45		request	1553763016846	1553763020728	OK	 
REQUEST	88		request	1553763013626	1553763020729	OK	 
REQUEST	56		request	1553763014857	1553763020731	OK	 
REQUEST	91		request	1553763014858	1553763020732	OK	 
REQUEST	75		request	1553763016709	1553763020734	OK	 
REQUEST	18		request	1553763013576	1553763020734	OK	 
REQUEST	89		request	1553763014174	1553763020734	OK	 
REQUEST	50		request	1553763013580	1553763020735	OK	 
REQUEST	57		request	1553763016843	1553763020735	OK	 
REQUEST	9		request	1553763016841	1553763020736	OK	 
REQUEST	41		request	1553763016845	1553763020738	OK	 
REQUEST	30		request	1553763017554	1553763021452	OK	 
REQUEST	42		request	1553763017511	1553763021452	OK	 
REQUEST	90		request	1553763017512	1553763021453	OK	 
REQUEST	58		request	1553763019094	1553763021454	OK	 
REQUEST	7		request	1553763016328	1553763022226	OK	 
REQUEST	23		request	1553763017568	1553763022228	OK	 
REQUEST	85		request	1553763017020	1553763022229	OK	 
REQUEST	64		request	1553763016718	1553763022230	OK	 
REQUEST	37		request	1553763017022	1553763022231	OK	 
REQUEST	32		request	1553763016716	1553763022231	OK	 
REQUEST	80		request	1553763017995	1553763022232	OK	 
REQUEST	5		request	1553763019097	1553763022232	OK	 
REQUEST	60		request	1553763014321	1553763022334	OK	 
REQUEST	44		request	1553763018868	1553763022336	OK	 
REQUEST	34		request	1553763017996	1553763022597	OK	 
REQUEST	19		request	1553763012939	1553763022597	OK	 
REQUEST	67		request	1553763014007	1553763022598	OK	 
REQUEST	83		request	1553763017997	1553763022599	OK	 
REQUEST	99		request	1553763017999	1553763022599	OK	 
REQUEST	31		request	1553763017022	1553763023316	OK	 
REQUEST	79		request	1553763017023	1553763023318	OK	 
REQUEST	63		request	1553763018688	1553763023320	OK	 
REQUEST	93		request	1553763016848	1553763023320	OK	 
REQUEST	86		request	1553763014323	1553763023321	OK	 
REQUEST	61		request	1553763017513	1553763023321	OK	 
REQUEST	51		request	1553763018000	1553763023322	OK	 
REQUEST	69		request	1553763019095	1553763023323	OK	 
REQUEST	6		request	1553763017501	1553763023323	OK	 
REQUEST	77		request	1553763016843	1553763023323	OK	 
REQUEST	3		request	1553763017996	1553763023323	OK	 
REQUEST	11		request	1553763016708	1553763023323	OK	 
REQUEST	54		request	1553763017502	1553763023324	OK	 
REQUEST	40		request	1553763014858	1553763023324	OK	 
REQUEST	53		request	1553763020721	1553763023325	OK	 
REQUEST	16		request	1553763017997	1553763023325	OK	 
REQUEST	29		request	1553763020727	1553763023325	OK	 
REQUEST	20		request	1553763013063	1553763023326	OK	 
REQUEST	96		request	1553763019940	1553763023326	OK	 
REQUEST	72		request	1553763018321	1553763023327	OK	 
REQUEST	43		request	1553763019268	1553763023327	OK	 
REQUEST	84		request	1553763017997	1553763023328	OK	 
REQUEST	49		request	1553763015130	1553763023328	OK	 
REQUEST	81		request	1553763018404	1553763023329	OK	 
REQUEST	68		request	1553763017999	1553763023329	OK	 
REQUEST	52		request	1553763018000	1553763023330	OK	 
REQUEST	65		request	1553763018405	1553763023330	OK	 
REQUEST	100		request	1553763018001	1553763023331	OK	 
REQUEST	74		request	1553763019096	1553763023469	OK	 
REQUEST	36		request	1553763018002	1553763023645	OK	 
REQUEST	39		request	1553763017566	1553763024400	OK	 
REQUEST	35		request	1553763019750	1553763024401	OK	 
REQUEST	82		request	1553763014882	1553763024401	OK	 
REQUEST	71		request	1553763020044	1553763024401	OK	 
REQUEST	98		request	1553763019751	1553763024402	OK	 
REQUEST	66		request	1553763019751	1553763024403	OK	 
REQUEST	12		request	1553763018867	1553763024798	OK	 
REQUEST	78		request	1553763018418	1553763024800	OK	 
REQUEST	76		request	1553763018869	1553763024800	OK	 
REQUEST	28		request	1553763020471	1553763024802	OK	 
REQUEST	45		request	1553763020729	1553763024802	OK	 
REQUEST	46		request	1553763018419	1553763024802	OK	 
REQUEST	59		request	1553763019269	1553763024804	OK	 
REQUEST	13		request	1553763020721	1553763024803	OK	 
REQUEST	94		request	1553763018420	1553763024804	OK	 
REQUEST	27		request	1553763019267	1553763024805	OK	 
REQUEST	73		request	1553763016846	1553763024805	OK	 
REQUEST	62		request	1553763020240	1553763024805	OK	 
REQUEST	25		request	1553763017513	1553763024806	OK	 
REQUEST	8		request	1553763018323	1553763024807	OK	 
REQUEST	57		request	1553763020736	1553763024807	OK	 
REQUEST	24		request	1553763018324	1553763024807	OK	 
REQUEST	88		request	1553763020730	1553763024808	OK	 
REQUEST	9		request	1553763020737	1553763024808	OK	 
REQUEST	38		request	1553763017503	1553763024865	OK	 
REQUEST	21		request	1553763020723	1553763025143	OK	 
REQUEST	5		request	1553763022232	1553763025145	OK	 
REQUEST	41		request	1553763020739	1553763025612	OK	 
REQUEST	89		request	1553763020735	1553763025613	OK	 
REQUEST	87		request	1553763020043	1553763025729	OK	 
REQUEST	55		request	1553763020045	1553763025730	OK	 
REQUEST	2		request	1553763019750	1553763025854	OK	 
REQUEST	33		request	1553763018402	1553763025854	OK	 
REQUEST	18		request	1553763020735	1553763025855	OK	 
REQUEST	1		request	1553763020045	1553763025855	OK	 
REQUEST	48		request	1553763019939	1553763025860	OK	 
REQUEST	64		request	1553763022230	1553763025861	OK	 
REQUEST	47		request	1553763018689	1553763025867	OK	 
REQUEST	15		request	1553763020723	1553763025869	OK	 
REQUEST	14		request	1553763020240	1553763025992	OK	 
REQUEST	19		request	1553763022597	1553763025992	OK	 
REQUEST	34		request	1553763022597	1553763025992	OK	 
REQUEST	83		request	1553763022599	1553763025993	OK	 
REQUEST	93		request	1553763023321	1553763026275	OK	 
REQUEST	61		request	1553763023322	1553763026276	OK	 
REQUEST	26		request	1553763020721	1553763026765	OK	 
REQUEST	10		request	1553763020724	1553763026766	OK	 
REQUEST	42		request	1553763021453	1553763026767	OK	 
REQUEST	75		request	1553763020735	1553763026794	OK	 
REQUEST	91		request	1553763020733	1553763026796	OK	 
REQUEST	56		request	1553763020732	1553763027211	OK	 
REQUEST	72		request	1553763023328	1553763027212	OK	 
REQUEST	37		request	1553763022231	1553763027312	OK	 
REQUEST	85		request	1553763022230	1553763027313	OK	 
REQUEST	23		request	1553763022229	1553763027643	OK	 
REQUEST	7		request	1553763022227	1553763027644	OK	 
REQUEST	90		request	1553763021454	1553763027731	OK	 
REQUEST	80		request	1553763022232	1553763027731	OK	 
REQUEST	58		request	1553763021454	1553763027733	OK	 
REQUEST	32		request	1553763022231	1553763027733	OK	 
REQUEST	96		request	1553763023327	1553763027734	OK	 
REQUEST	4		request	1553763017998	1553763027755	OK	 
REQUEST	20		request	1553763023327	1553763027756	OK	 
REQUEST	68		request	1553763023330	1553763027757	OK	 
REQUEST	52		request	1553763023331	1553763027758	OK	 
REQUEST	100		request	1553763023332	1553763027759	OK	 
REQUEST	92		request	1553763020472	1553763028101	OK	 
REQUEST	44		request	1553763022336	1553763028102	OK	 
REQUEST	29		request	1553763023326	1553763028114	OK	 
REQUEST	67		request	1553763022598	1553763028115	OK	 
REQUEST	77		request	1553763023323	1553763028115	OK	 
REQUEST	99		request	1553763022600	1553763028115	OK	 
REQUEST	43		request	1553763023328	1553763028233	OK	 
REQUEST	11		request	1553763023327	1553763028234	OK	 
REQUEST	59		request	1553763024804	1553763028235	OK	 
REQUEST	97		request	1553763020043	1553763028260	OK	 
REQUEST	73		request	1553763024806	1553763028260	OK	 
REQUEST	57		request	1553763024807	1553763028261	OK	 
REQUEST	17		request	1553763020044	1553763028261	OK	 
REQUEST	81		request	1553763023330	1553763028262	OK	 
REQUEST	9		request	1553763024808	1553763028262	OK	 
REQUEST	65		request	1553763023331	1553763028262	OK	 
REQUEST	71		request	1553763024402	1553763028902	OK	 
REQUEST	40		request	1553763023325	1553763028902	OK	 
REQUEST	39		request	1553763024401	1553763028903	OK	 
REQUEST	8		request	1553763024807	1553763028903	OK	 
REQUEST	87		request	1553763025730	1553763028904	OK	 
REQUEST	53		request	1553763023325	1553763028971	OK	 
REQUEST	69		request	1553763023324	1553763028972	OK	 
REQUEST	5		request	1553763025145	1553763028973	OK	 
REQUEST	35		request	1553763024402	1553763029007	OK	 
REQUEST	50		request	1553763020736	1553763029007	OK	 
REQUEST	98		request	1553763024403	1553763029007	OK	 
REQUEST	16		request	1553763023326	1553763029218	OK	 
REQUEST	64		request	1553763025862	1553763029219	OK	 
REQUEST	31		request	1553763023317	1553763029401	OK	 
REQUEST	95		request	1553763020721	1553763029402	OK	 
REQUEST	79		request	1553763023319	1553763029403	OK	 
REQUEST	13		request	1553763024804	1553763029652	OK	 
REQUEST	45		request	1553763024803	1553763029653	OK	 
REQUEST	74		request	1553763023470	1553763029754	OK	 
REQUEST	26		request	1553763026766	1553763029755	OK	 
REQUEST	10		request	1553763026767	1553763029756	OK	 
REQUEST	27		request	1553763024805	1553763029902	OK	 
REQUEST	75		request	1553763026795	1553763029902	OK	 
REQUEST	49		request	1553763023329	1553763030154	OK	 
REQUEST	1		request	1553763025856	1553763030155	OK	 
REQUEST	25		request	1553763024807	1553763030262	OK	 
REQUEST	41		request	1553763025613	1553763030263	OK	 
REQUEST	70		request	1553763020560	1553763030322	OK	 
REQUEST	22		request	1553763020559	1553763030323	OK	 
REQUEST	6		request	1553763023323	1553763030323	OK	 
REQUEST	54		request	1553763023324	1553763030325	OK	 
REQUEST	24		request	1553763024808	1553763030449	OK	 
REQUEST	63		request	1553763023321	1553763030450	OK	 
REQUEST	55		request	1553763025731	1553763030450	OK	 
REQUEST	60		request	1553763022335	1553763030450	OK	 
REQUEST	66		request	1553763024403	1553763030450	OK	 
REQUEST	88		request	1553763024808	1553763030451	OK	 
REQUEST	82		request	1553763024402	1553763030451	OK	 
REQUEST	12		request	1553763024800	1553763030451	OK	 
REQUEST	15		request	1553763025869	1553763030451	OK	 
REQUEST	18		request	1553763025856	1553763030452	OK	 
REQUEST	76		request	1553763024801	1553763030452	OK	 
REQUEST	21		request	1553763025144	1553763030454	OK	 
REQUEST	51		request	1553763023322	1553763030456	OK	 
REQUEST	34		request	1553763025993	1553763030456	OK	 
REQUEST	3		request	1553763023323	1553763030457	OK	 
REQUEST	83		request	1553763025994	1553763030459	OK	 
REQUEST	42		request	1553763026768	1553763031034	OK	 
REQUEST	30		request	1553763021453	1553763031232	OK	 
REQUEST	62		request	1553763024806	1553763031233	OK	 
REQUEST	78		request	1553763024801	1553763031233	OK	 
REQUEST	46		request	1553763024803	1553763031234	OK	 
REQUEST	93		request	1553763026276	1553763031524	OK	 
REQUEST	61		request	1553763026276	1553763031526	OK	 
REQUEST	48		request	1553763025861	1553763031527	OK	 
REQUEST	96		request	1553763027735	1553763031529	OK	 
REQUEST	80		request	1553763027732	1553763031529	OK	 
REQUEST	94		request	1553763024805	1553763031926	OK	 
REQUEST	89		request	1553763025614	1553763031927	OK	 
REQUEST	57		request	1553763028261	1553763031928	OK	 
REQUEST	84		request	1553763023329	1553763031929	OK	 
REQUEST	28		request	1553763024802	1553763031929	OK	 
REQUEST	36		request	1553763023646	1553763031930	OK	 
REQUEST	19		request	1553763025993	1553763031931	OK	 
REQUEST	91		request	1553763026796	1553763031931	OK	 
REQUEST	29		request	1553763028115	1553763031932	OK	 
REQUEST	68		request	1553763027758	1553763031932	OK	 
REQUEST	43		request	1553763028234	1553763031932	OK	 
REQUEST	99		request	1553763028116	1553763031932	OK	 
REQUEST	52		request	1553763027759	1553763031933	OK	 
REQUEST	59		request	1553763028235	1553763031933	OK	 
REQUEST	100		request	1553763027760	1553763031934	OK	 
REQUEST	32		request	1553763027733	1553763031973	OK	 
REQUEST	20		request	1553763027757	1553763032504	OK	 
REQUEST	85		request	1553763027314	1553763032655	OK	 
REQUEST	37		request	1553763027313	1553763032657	OK	 
REQUEST	5		request	1553763028973	1553763032658	OK	 
REQUEST	53		request	1553763028972	1553763032659	OK	 
REQUEST	72		request	1553763027212	1553763033472	OK	 
REQUEST	56		request	1553763027211	1553763033474	OK	 
REQUEST	8		request	1553763028903	1553763033475	OK	 
REQUEST	2		request	1553763025855	1553763033723	OK	 
REQUEST	35		request	1553763029007	1553763033723	OK	 
REQUEST	98		request	1553763029008	1553763033724	OK	 
REQUEST	23		request	1553763027644	1553763033839	OK	 
REQUEST	86		request	1553763023322	1553763033839	OK	 
REQUEST	38		request	1553763024865	1553763033841	OK	 
REQUEST	69		request	1553763028973	1553763033841	OK	 
REQUEST	33		request	1553763025855	1553763033842	OK	 
REQUEST	7		request	1553763027645	1553763033842	OK	 
REQUEST	81		request	1553763028262	1553763033843	OK	 
REQUEST	6		request	1553763030324	1553763033843	OK	 
REQUEST	71		request	1553763028902	1553763033843	OK	 
REQUEST	54		request	1553763030325	1553763033844	OK	 
REQUEST	97		request	1553763028260	1553763033844	OK	 
REQUEST	70		request	1553763030322	1553763033845	OK	 
REQUEST	90		request	1553763027732	1553763034257	OK	 
REQUEST	58		request	1553763027733	1553763034258	OK	 
REQUEST	26		request	1553763029756	1553763034259	OK	 
REQUEST	10		request	1553763029756	1553763034259	OK	 
REQUEST	11		request	1553763028235	1553763034282	OK	 
REQUEST	75		request	1553763029903	1553763034282	OK	 
REQUEST	77		request	1553763028116	1553763034343	OK	 
REQUEST	45		request	1553763029653	1553763034343	OK	 
REQUEST	13		request	1553763029652	1553763034344	OK	 
REQUEST	93		request	1553763031525	1553763034345	OK	 
REQUEST	47		request	1553763025868	1553763034648	OK	 
REQUEST	31		request	1553763029401	1553763034648	OK	 
REQUEST	79		request	1553763029403	1553763034649	OK	 
REQUEST	74		request	1553763029755	1553763034755	OK	 
REQUEST	73		request	1553763028260	1553763034758	OK	 
REQUEST	9		request	1553763028262	1553763034760	OK	 
REQUEST	40		request	1553763028902	1553763034760	OK	 
REQUEST	41		request	1553763030263	1553763034761	OK	 
REQUEST	24		request	1553763030450	1553763034761	OK	 
REQUEST	22		request	1553763030323	1553763034761	OK	 
REQUEST	44		request	1553763028102	1553763034763	OK	 
REQUEST	92		request	1553763028102	1553763034764	OK	 
REQUEST	12		request	1553763030451	1553763034765	OK	 
REQUEST	76		request	1553763030453	1553763034767	OK	 
REQUEST	14		request	1553763025993	1553763035675	OK	 
REQUEST	95		request	1553763029402	1553763035676	OK	 
REQUEST	34		request	1553763030457	1553763035676	OK	 
REQUEST	64		request	1553763029220	1553763035676	OK	 
REQUEST	16		request	1553763029219	1553763035677	OK	 
REQUEST	65		request	1553763028263	1553763035677	OK	 
REQUEST	67		request	1553763028115	1553763035678	OK	 
REQUEST	15		request	1553763030452	1553763035678	OK	 
REQUEST	83		request	1553763030459	1553763035678	OK	 
REQUEST	96		request	1553763031529	1553763035679	OK	 
REQUEST	51		request	1553763030457	1553763035679	OK	 
REQUEST	62		request	1553763031233	1553763035679	OK	 
REQUEST	80		request	1553763031530	1553763035679	OK	 
REQUEST	17		request	1553763028261	1553763035680	OK	 
REQUEST	78		request	1553763031234	1553763035680	OK	 
REQUEST	1		request	1553763030156	1553763035682	OK	 
REQUEST	30		request	1553763031232	1553763035682	OK	 
REQUEST	4		request	1553763027756	1553763036478	OK	 
REQUEST	21		request	1553763030455	1553763036478	OK	 
REQUEST	84		request	1553763031930	1553763036479	OK	 
REQUEST	5		request	1553763032659	1553763036479	OK	 
REQUEST	53		request	1553763032659	1553763036479	OK	 
REQUEST	68		request	1553763031932	1553763036479	OK	 
REQUEST	52		request	1553763031933	1553763036480	OK	 
REQUEST	50		request	1553763029007	1553763036528	OK	 
REQUEST	27		request	1553763029902	1553763036528	OK	 
REQUEST	87		request	1553763028904	1553763036528	OK	 
REQUEST	66		request	1553763030450	1553763036529	OK	 
REQUEST	39		request	1553763028903	1553763036529	OK	 
REQUEST	43		request	1553763031932	1553763036529	OK	 
REQUEST	55		request	1553763030450	1553763036530	OK	 
REQUEST	82		request	1553763030451	1553763036530	OK	 
REQUEST	23		request	1553763033840	1553763036530	OK	 
REQUEST	71		request	1553763033843	1553763036531	OK	 
REQUEST	25		request	1553763030262	1553763036612	OK	 
REQUEST	57		request	1553763031929	1553763036613	OK	 
REQUEST	48		request	1553763031528	1553763036873	OK	 
REQUEST	46		request	1553763031234	1553763036983	OK	 
REQUEST	3		request	1553763030458	1553763037263	OK	 
REQUEST	7		request	1553763033843	1553763037370	OK	 
REQUEST	61		request	1553763031527	1553763037707	OK	 
REQUEST	29		request	1553763031932	1553763037708	OK	 
REQUEST	45		request	1553763034344	1553763037708	OK	 
REQUEST	93		request	1553763034345	1553763037709	OK	 
REQUEST	13		request	1553763034344	1553763037709	OK	 
REQUEST	85		request	1553763032656	1553763037730	OK	 
REQUEST	37		request	1553763032657	1553763037731	OK	 
REQUEST	100		request	1553763031934	1553763037758	OK	 
REQUEST	36		request	1553763031931	1553763037759	OK	 
REQUEST	88		request	1553763030451	1553763038117	OK	 
REQUEST	42		request	1553763031035	1553763038117	OK	 
REQUEST	72		request	1553763033473	1553763038119	OK	 
REQUEST	26		request	1553763034259	1553763038119	OK	 
REQUEST	10		request	1553763034259	1553763038120	OK	 
REQUEST	8		request	1553763033475	1553763038125	OK	 
REQUEST	59		request	1553763031933	1553763038142	OK	 
REQUEST	91		request	1553763031932	1553763038143	OK	 
REQUEST	75		request	1553763034283	1553763038144	OK	 
REQUEST	63		request	1553763030450	1553763038145	OK	 
REQUEST	31		request	1553763034649	1553763038146	OK	 
REQUEST	49		request	1553763030155	1553763038148	OK	 
REQUEST	81		request	1553763033843	1553763038149	OK	 
REQUEST	86		request	1553763033840	1553763039030	OK	 
REQUEST	89		request	1553763031928	1553763039032	OK	 
REQUEST	6		request	1553763033843	1553763039032	OK	 
REQUEST	54		request	1553763033845	1553763039033	OK	 
REQUEST	73		request	1553763034759	1553763039033	OK	 
REQUEST	18		request	1553763030452	1553763039034	OK	 
REQUEST	35		request	1553763033724	1553763039034	OK	 
REQUEST	9		request	1553763034760	1553763039035	OK	 
REQUEST	38		request	1553763033842	1553763039035	OK	 
REQUEST	98		request	1553763033724	1553763039035	OK	 
REQUEST	90		request	1553763034258	1553763039568	OK	 
REQUEST	58		request	1553763034258	1553763039569	OK	 
REQUEST	60		request	1553763030450	1553763039843	OK	 
REQUEST	28		request	1553763031930	1553763039844	OK	 
REQUEST	44		request	1553763034764	1553763039844	OK	 
REQUEST	12		request	1553763034766	1553763039845	OK	 
REQUEST	97		request	1553763033845	1553763039924	OK	 
REQUEST	69		request	1553763033842	1553763039924	OK	 
REQUEST	79		request	1553763034649	1553763039925	OK	 
REQUEST	70		request	1553763033846	1553763039926	OK	 
REQUEST	94		request	1553763031927	1553763039926	OK	 
REQUEST	11		request	1553763034282	1553763039926	OK	 
REQUEST	47		request	1553763034648	1553763039926	OK	 
REQUEST	62		request	1553763035680	1553763039927	OK	 
REQUEST	15		request	1553763035679	1553763039927	OK	 
REQUEST	33		request	1553763033842	1553763039927	OK	 
REQUEST	43		request	1553763036529	1553763039928	OK	 
REQUEST	5		request	1553763036479	1553763039928	OK	 
REQUEST	1		request	1553763035682	1553763039929	OK	 
REQUEST	32		request	1553763031974	1553763039929	OK	 
REQUEST	56		request	1553763033474	1553763039929	OK	 
REQUEST	53		request	1553763036479	1553763039929	OK	 
REQUEST	65		request	1553763035680	1553763039930	OK	 
REQUEST	24		request	1553763034762	1553763039930	OK	 
REQUEST	96		request	1553763035679	1553763039930	OK	 
REQUEST	64		request	1553763035677	1553763039930	OK	 
REQUEST	80		request	1553763035680	1553763039931	OK	 
REQUEST	99		request	1553763031932	1553763041017	OK	 
REQUEST	34		request	1553763035677	1553763041017	OK	 
REQUEST	19		request	1553763031932	1553763041018	OK	 
REQUEST	41		request	1553763034762	1553763041019	OK	 
REQUEST	83		request	1553763035679	1553763041020	OK	 
REQUEST	74		request	1553763034756	1553763041020	OK	 
REQUEST	57		request	1553763036613	1553763041020	OK	 
REQUEST	77		request	1553763034343	1553763041021	OK	 
REQUEST	26		request	1553763038119	1553763041021	OK	 
REQUEST	20		request	1553763032505	1553763041021	OK	 
REQUEST	61		request	1553763037707	1553763041022	OK	 
REQUEST	68		request	1553763036479	1553763041022	OK	 
REQUEST	29		request	1553763037708	1553763041022	OK	 
REQUEST	51		request	1553763035680	1553763041022	OK	 
REQUEST	52		request	1553763036480	1553763041023	OK	 
REQUEST	45		request	1553763037709	1553763041023	OK	 
REQUEST	87		request	1553763036529	1553763041024	OK	 
REQUEST	23		request	1553763036531	1553763041025	OK	 
REQUEST	78		request	1553763035681	1553763041025	OK	 
REQUEST	71		request	1553763036531	1553763041025	OK	 
REQUEST	30		request	1553763035682	1553763041025	OK	 
REQUEST	55		request	1553763036530	1553763041026	OK	 
REQUEST	14		request	1553763035675	1553763041026	OK	 
REQUEST	17		request	1553763035681	1553763041753	OK	 
REQUEST	67		request	1553763035678	1553763041754	OK	 
REQUEST	81		request	1553763038150	1553763041754	OK	 
REQUEST	2		request	1553763033724	1553763041948	OK	 
REQUEST	66		request	1553763036529	1553763041949	OK	 
REQUEST	95		request	1553763035677	1553763041956	OK	 
REQUEST	31		request	1553763038147	1553763041957	OK	 
REQUEST	40		request	1553763034761	1553763042292	OK	 
REQUEST	72		request	1553763038119	1553763042293	OK	 
REQUEST	8		request	1553763038126	1553763042294	OK	 
REQUEST	21		request	1553763036478	1553763042421	OK	 
REQUEST	39		request	1553763036529	1553763042421	OK	 
REQUEST	85		request	1553763037731	1553763042422	OK	 
REQUEST	10		request	1553763038121	1553763042665	OK	 
REQUEST	42		request	1553763038118	1553763042666	OK	 
REQUEST	84		request	1553763036479	1553763042746	OK	 
REQUEST	76		request	1553763034767	1553763042746	OK	 
REQUEST	4		request	1553763036478	1553763042747	OK	 
REQUEST	92		request	1553763034765	1553763042747	OK	 
REQUEST	60		request	1553763039843	1553763042747	OK	 
REQUEST	44		request	1553763039845	1553763042748	OK	 
REQUEST	46		request	1553763036984	1553763042981	OK	 
REQUEST	62		request	1553763039927	1553763042982	OK	 
REQUEST	27		request	1553763036529	1553763043115	OK	 
REQUEST	75		request	1553763038145	1553763043115	OK	 
REQUEST	59		request	1553763038143	1553763043116	OK	 
REQUEST	16		request	1553763035678	1553763043206	OK	 
REQUEST	48		request	1553763036874	1553763043207	OK	 
REQUEST	96		request	1553763039930	1553763043207	OK	 
REQUEST	64		request	1553763039930	1553763043208	OK	 
REQUEST	80		request	1553763039931	1553763043208	OK	 
REQUEST	22		request	1553763034762	1553763043588	OK	 
REQUEST	6		request	1553763039033	1553763043589	OK	 
REQUEST	54		request	1553763039034	1553763043589	OK	 
REQUEST	88		request	1553763038118	1553763043945	OK	 
REQUEST	24		request	1553763039930	1553763043945	OK	 
REQUEST	50		request	1553763036528	1553763044069	OK	 
REQUEST	93		request	1553763037709	1553763044070	OK	 
REQUEST	35		request	1553763039035	1553763044070	OK	 
REQUEST	12		request	1553763039845	1553763044071	OK	 
REQUEST	82		request	1553763036530	1553763044071	OK	 
REQUEST	98		request	1553763039035	1553763044072	OK	 
REQUEST	13		request	1553763037710	1553763044072	OK	 
REQUEST	28		request	1553763039844	1553763044072	OK	 
REQUEST	91		request	1553763038144	1553763044073	OK	 
REQUEST	38		request	1553763039035	1553763044073	OK	 
REQUEST	29		request	1553763041022	1553763044074	OK	 
REQUEST	63		request	1553763038145	1553763044074	OK	 
REQUEST	90		request	1553763039569	1553763044074	OK	 
REQUEST	15		request	1553763039928	1553763044075	OK	 
REQUEST	61		request	1553763041022	1553763044075	OK	 
REQUEST	58		request	1553763039570	1553763044075	OK	 
REQUEST	37		request	1553763037732	1553763044942	OK	 
REQUEST	5		request	1553763039929	1553763044943	OK	 
USER	ImporterSimulation	5	END	1553763007235	1553763044946
REQUEST	94		request	1553763039926	1553763045528	OK	 
REQUEST	78		request	1553763041025	1553763045529	OK	 
REQUEST	30		request	1553763041026	1553763045530	OK	 
REQUEST	56		request	1553763039929	1553763045795	OK	 
REQUEST	72		request	1553763042293	1553763045797	OK	 
REQUEST	8		request	1553763042294	1553763045799	OK	 
REQUEST	26		request	1553763041022	1553763045800	OK	 
REQUEST	18		request	1553763039034	1553763045800	OK	 
REQUEST	66		request	1553763041949	1553763045801	OK	 
REQUEST	49		request	1553763038148	1553763045801	OK	 
REQUEST	34		request	1553763041018	1553763045802	OK	 
REQUEST	3		request	1553763037263	1553763045802	OK	 
REQUEST	1		request	1553763039929	1553763045802	OK	 
REQUEST	7		request	1553763037371	1553763045802	OK	 
REQUEST	97		request	1553763039926	1553763045803	OK	 
REQUEST	23		request	1553763041025	1553763045805	OK	 
REQUEST	25		request	1553763036613	1553763045806	OK	 
REQUEST	83		request	1553763041021	1553763045806	OK	 
REQUEST	71		request	1553763041026	1553763045806	OK	 
REQUEST	100		request	1553763037759	1553763045806	OK	 
REQUEST	73		request	1553763039034	1553763045807	OK	 
REQUEST	99		request	1553763041018	1553763045807	OK	 
REQUEST	9		request	1553763039035	1553763045807	OK	 
REQUEST	87		request	1553763041024	1553763045807	OK	 
REQUEST	74		request	1553763041021	1553763045808	OK	 
REQUEST	36		request	1553763037760	1553763045808	OK	 
REQUEST	68		request	1553763041022	1553763045809	OK	 
REQUEST	10		request	1553763042665	1553763045809	OK	 
REQUEST	79		request	1553763039926	1553763045811	OK	 
REQUEST	47		request	1553763039927	1553763045812	OK	 
REQUEST	31		request	1553763041957	1553763045813	OK	 
REQUEST	86		request	1553763039031	1553763046190	OK	 
REQUEST	70		request	1553763039926	1553763046191	OK	 
REQUEST	54		request	1553763043590	1553763046192	OK	 
REQUEST	6		request	1553763043589	1553763046192	OK	 
REQUEST	40		request	1553763042293	1553763046643	OK	 
REQUEST	32		request	1553763039929	1553763046643	OK	 
REQUEST	16		request	1553763043206	1553763046644	OK	 
REQUEST	96		request	1553763043208	1553763046645	OK	 
USER	ImporterSimulation	96	END	1553763007413	1553763046646
REQUEST	64		request	1553763043208	1553763046646	OK	 
REQUEST	53		request	1553763039930	1553763046659	OK	 
REQUEST	69		request	1553763039925	1553763046660	OK	 
REQUEST	85		request	1553763042422	1553763046660	OK	 
REQUEST	51		request	1553763041023	1553763047023	OK	 
REQUEST	19		request	1553763041019	1553763047024	OK	 
REQUEST	14		request	1553763041027	1553763047057	OK	 
REQUEST	62		request	1553763042982	1553763047058	OK	 
REQUEST	76		request	1553763042746	1553763047149	OK	 
REQUEST	55		request	1553763041027	1553763047150	OK	 
REQUEST	44		request	1553763042748	1553763047150	OK	 
REQUEST	92		request	1553763042747	1553763047150	OK	 
REQUEST	43		request	1553763039928	1553763047245	OK	 
REQUEST	11		request	1553763039926	1553763047246	OK	 
REQUEST	75		request	1553763043116	1553763047247	OK	 
REQUEST	59		request	1553763043116	1553763047247	OK	 
REQUEST	42		request	1553763042666	1553763047514	OK	 
REQUEST	65		request	1553763039930	1553763047526	OK	 
REQUEST	33		request	1553763039927	1553763047527	OK	 
REQUEST	77		request	1553763041021	1553763047644	OK	 
REQUEST	45		request	1553763041023	1553763047645	OK	 
REQUEST	93		request	1553763044070	1553763047646	OK	 
REQUEST	29		request	1553763044075	1553763047646	OK	 
USER	ImporterSimulation	29	END	1553763007296	1553763047646
REQUEST	61		request	1553763044075	1553763047646	OK	 
REQUEST	52		request	1553763041023	1553763047900	OK	 
REQUEST	20		request	1553763041022	1553763047900	OK	 
REQUEST	84		request	1553763042746	1553763047901	OK	 
REQUEST	21		request	1553763042422	1553763047976	OK	 
REQUEST	89		request	1553763039033	1553763047976	OK	 
REQUEST	57		request	1553763041021	1553763047977	OK	 
REQUEST	80		request	1553763043208	1553763048116	OK	 
REQUEST	48		request	1553763043207	1553763048117	OK	 
REQUEST	95		request	1553763041956	1553763048252	OK	 
REQUEST	15		request	1553763044075	1553763048252	OK	 
REQUEST	22		request	1553763043588	1553763048471	OK	 
REQUEST	60		request	1553763042748	1553763048686	OK	 
REQUEST	12		request	1553763044072	1553763048687	OK	 
REQUEST	13		request	1553763044073	1553763048688	OK	 
REQUEST	27		request	1553763043115	1553763048690	OK	 
REQUEST	24		request	1553763043946	1553763048692	OK	 
REQUEST	88		request	1553763043945	1553763048693	OK	 
REQUEST	35		request	1553763044070	1553763048853	OK	 
REQUEST	2		request	1553763041949	1553763048853	OK	 
REQUEST	98		request	1553763044073	1553763048853	OK	 
REQUEST	72		request	1553763045797	1553763049304	OK	 
REQUEST	8		request	1553763045799	1553763049305	OK	 
REQUEST	32		request	1553763046643	1553763049498	OK	 
REQUEST	64		request	1553763046646	1553763049499	OK	 
USER	ImporterSimulation	64	END	1553763007380	1553763049499
REQUEST	46		request	1553763042981	1553763049981	OK	 
REQUEST	78		request	1553763045529	1553763049981	OK	 
REQUEST	90		request	1553763044074	1553763050590	OK	 
REQUEST	58		request	1553763044075	1553763050593	OK	 
REQUEST	67		request	1553763041754	1553763050594	OK	 
REQUEST	41		request	1553763041020	1553763050594	OK	 
REQUEST	34		request	1553763045802	1553763050594	OK	 
REQUEST	28		request	1553763044073	1553763050594	OK	 
REQUEST	39		request	1553763042422	1553763050594	OK	 
REQUEST	73		request	1553763045807	1553763050594	OK	 
REQUEST	99		request	1553763045808	1553763050595	OK	 
REQUEST	23		request	1553763045806	1553763050595	OK	 
REQUEST	9		request	1553763045807	1553763050595	OK	 
REQUEST	71		request	1553763045807	1553763050595	OK	 
REQUEST	87		request	1553763045809	1553763050596	OK	 
USER	ImporterSimulation	23	END	1553763007284	1553763050595
USER	ImporterSimulation	71	END	1553763007389	1553763050596
REQUEST	83		request	1553763045807	1553763050597	OK	 
REQUEST	26		request	1553763045800	1553763050598	OK	 
USER	ImporterSimulation	26	END	1553763007288	1553763050598
REQUEST	37		request	1553763044942	1553763050599	OK	 
REQUEST	53		request	1553763046659	1553763050600	OK	 
REQUEST	81		request	1553763041755	1553763050600	OK	 
REQUEST	4		request	1553763042747	1553763050600	OK	 
USER	ImporterSimulation	53	END	1553763007366	1553763050601
REQUEST	17		request	1553763041754	1553763050601	OK	 
REQUEST	68		request	1553763045810	1553763050601	OK	 
REQUEST	100		request	1553763045807	1553763050602	OK	 
REQUEST	1		request	1553763045802	1553763050602	OK	 
REQUEST	77		request	1553763047645	1553763050612	OK	 
REQUEST	56		request	1553763045796	1553763051641	OK	 
REQUEST	40		request	1553763046643	1553763051643	OK	 
REQUEST	85		request	1553763046661	1553763051646	OK	 
REQUEST	38		request	1553763044074	1553763051648	OK	 
REQUEST	54		request	1553763046192	1553763051649	OK	 
REQUEST	6		request	1553763046193	1553763051649	OK	 
REQUEST	70		request	1553763046192	1553763051650	OK	 
REQUEST	91		request	1553763044073	1553763051721	OK	 
REQUEST	43		request	1553763047245	1553763051722	OK	 
USER	ImporterSimulation	43	END	1553763007322	1553763051722
REQUEST	75		request	1553763047247	1553763051722	OK	 
USER	ImporterSimulation	75	END	1553763007393	1553763051723
REQUEST	63		request	1553763044074	1553763051795	OK	 
REQUEST	31		request	1553763045813	1553763051796	OK	 
REQUEST	79		request	1553763045811	1553763051796	OK	 
REQUEST	47		request	1553763045812	1553763051797	OK	 
REQUEST	15		request	1553763048252	1553763051797	OK	 
USER	ImporterSimulation	15	END	1553763007268	1553763051797
REQUEST	7		request	1553763045802	1553763051838	OK	 
REQUEST	10		request	1553763045810	1553763051844	OK	 
REQUEST	16		request	1553763046645	1553763051844	OK	 
REQUEST	80		request	1553763048116	1553763051845	OK	 
REQUEST	74		request	1553763045808	1553763051845	OK	 
USER	ImporterSimulation	10	END	1553763007246	1553763051844
USER	ImporterSimulation	80	END	1553763007398	1553763051845
REQUEST	30		request	1553763045530	1553763051861	OK	 
REQUEST	94		request	1553763045529	1553763051869	OK	 
REQUEST	62		request	1553763047058	1553763051870	OK	 
USER	ImporterSimulation	62	END	1553763007378	1553763051871
REQUEST	82		request	1553763044071	1553763051946	OK	 
REQUEST	50		request	1553763044070	1553763051947	OK	 
REQUEST	66		request	1553763045801	1553763051948	OK	 
REQUEST	25		request	1553763045806	1553763052242	OK	 
REQUEST	3		request	1553763045802	1553763052288	OK	 
REQUEST	95		request	1553763048252	1553763052328	OK	 
REQUEST	59		request	1553763047248	1553763052355	OK	 
REQUEST	44		request	1553763047150	1553763052355	OK	 
REQUEST	76		request	1553763047149	1553763052356	OK	 
REQUEST	11		request	1553763047246	1553763052356	OK	 
REQUEST	92		request	1553763047151	1553763052357	OK	 
REQUEST	12		request	1553763048687	1553763052357	OK	 
REQUEST	86		request	1553763046191	1553763052691	OK	 
REQUEST	69		request	1553763046660	1553763052733	OK	 
REQUEST	21		request	1553763047977	1553763052734	OK	 
REQUEST	97		request	1553763045804	1553763052781	OK	 
REQUEST	65		request	1553763047527	1553763052782	OK	 
REQUEST	49		request	1553763045801	1553763052783	OK	 
REQUEST	45		request	1553763047645	1553763053029	OK	 
USER	ImporterSimulation	45	END	1553763007348	1553763053029
REQUEST	93		request	1553763047646	1553763053030	OK	 
USER	ImporterSimulation	93	END	1553763007410	1553763053030
REQUEST	61		request	1553763047646	1553763053030	OK	 
USER	ImporterSimulation	61	END	1553763007376	1553763053030
REQUEST	52		request	1553763047900	1553763053105	OK	 
REQUEST	36		request	1553763045808	1553763053105	OK	 
REQUEST	24		request	1553763048693	1553763053129	OK	 
REQUEST	88		request	1553763048694	1553763053129	OK	 
REQUEST	60		request	1553763048686	1553763053170	OK	 
REQUEST	27		request	1553763048690	1553763053170	OK	 
REQUEST	55		request	1553763047150	1553763053365	OK	 
REQUEST	87		request	1553763050596	1553763053366	OK	 
REQUEST	42		request	1553763047515	1553763053513	OK	 
REQUEST	90		request	1553763050591	1553763053514	OK	 
REQUEST	48		request	1553763048117	1553763053585	OK	 
REQUEST	32		request	1553763049498	1553763053586	OK	 
REQUEST	78		request	1553763049982	1553763053650	OK	 
REQUEST	14		request	1553763047057	1553763053651	OK	 
REQUEST	63		request	1553763051795	1553763054435	OK	 
REQUEST	13		request	1553763048689	1553763054435	OK	 
REQUEST	31		request	1553763051796	1553763054436	OK	 
USER	ImporterSimulation	13	END	1553763007260	1553763054436
USER	ImporterSimulation	31	END	1553763007300	1553763054436
REQUEST	30		request	1553763051861	1553763054437	OK	 
REQUEST	91		request	1553763051722	1553763054438	OK	 
REQUEST	46		request	1553763049981	1553763054438	OK	 
REQUEST	16		request	1553763051844	1553763054440	OK	 
REQUEST	48		request	1553763053585	1553763054441	OK	 
REQUEST	57		request	1553763047977	1553763054441	OK	 
USER	ImporterSimulation	57	END	1553763007371	1553763054441
REQUEST	89		request	1553763047977	1553763054442	OK	 
REQUEST	41		request	1553763050594	1553763054442	OK	 
REQUEST	73		request	1553763050595	1553763054736	OK	 
REQUEST	39		request	1553763050595	1553763054802	OK	 
REQUEST	7		request	1553763051838	1553763054803	OK	 
REQUEST	77		request	1553763050613	1553763054857	OK	 
REQUEST	58		request	1553763050595	1553763055089	OK	 
REQUEST	74		request	1553763051845	1553763055089	OK	 
REQUEST	18		request	1553763045800	1553763055162	OK	 
REQUEST	98		request	1553763048854	1553763055162	OK	 
REQUEST	51		request	1553763047023	1553763055544	OK	 
REQUEST	34		request	1553763050596	1553763055544	OK	 
USER	ImporterSimulation	34	END	1553763007305	1553763055545
REQUEST	19		request	1553763047024	1553763055545	OK	 
REQUEST	83		request	1553763050597	1553763055545	OK	 
USER	ImporterSimulation	83	END	1553763007401	1553763055546
REQUEST	59		request	1553763052356	1553763055818	OK	 
USER	ImporterSimulation	59	END	1553763007374	1553763055818
REQUEST	11		request	1553763052356	1553763055818	OK	 
REQUEST	37		request	1553763050600	1553763055820	OK	 
REQUEST	85		request	1553763051646	1553763055820	OK	 
REQUEST	33		request	1553763047527	1553763055821	OK	 
USER	ImporterSimulation	85	END	1553763007403	1553763055821
REQUEST	69		request	1553763052734	1553763055821	OK	 
REQUEST	81		request	1553763050601	1553763055821	OK	 
REQUEST	1		request	1553763050602	1553763055821	OK	 
USER	ImporterSimulation	1	END	1553763007196	1553763055822
REQUEST	79		request	1553763051796	1553763055874	OK	 
REQUEST	72		request	1553763049304	1553763056102	OK	 
USER	ImporterSimulation	72	END	1553763007390	1553763056102
REQUEST	8		request	1553763049305	1553763056103	OK	 
USER	ImporterSimulation	8	END	1553763007241	1553763056103
REQUEST	56		request	1553763051642	1553763056103	OK	 
REQUEST	47		request	1553763051797	1553763056246	OK	 
REQUEST	20		request	1553763047901	1553763056246	OK	 
REQUEST	84		request	1553763047901	1553763056247	OK	 
REQUEST	42		request	1553763053514	1553763056248	OK	 
REQUEST	32		request	1553763053586	1553763056249	OK	 
REQUEST	90		request	1553763053514	1553763056249	OK	 
REQUEST	28		request	1553763050594	1553763056249	OK	 
USER	ImporterSimulation	42	END	1553763007321	1553763056248
USER	ImporterSimulation	90	END	1553763007408	1553763056249
USER	ImporterSimulation	32	END	1553763007302	1553763056249
REQUEST	16		request	1553763054441	1553763056249	OK	 
REQUEST	44		request	1553763052356	1553763056249	OK	 
REQUEST	68		request	1553763050602	1553763056250	OK	 
USER	ImporterSimulation	16	END	1553763007272	1553763056249
USER	ImporterSimulation	44	END	1553763007332	1553763056250
USER	ImporterSimulation	68	END	1553763007386	1553763056250
REQUEST	87		request	1553763053366	1553763056250	OK	 
REQUEST	12		request	1553763052357	1553763056251	OK	 
REQUEST	55		request	1553763053366	1553763056251	OK	 
REQUEST	76		request	1553763052356	1553763056251	OK	 
USER	ImporterSimulation	87	END	1553763007405	1553763056251
USER	ImporterSimulation	12	END	1553763007255	1553763056251
USER	ImporterSimulation	55	END	1553763007368	1553763056251
REQUEST	22		request	1553763048472	1553763056252	OK	 
REQUEST	94		request	1553763051869	1553763056252	OK	 
REQUEST	54		request	1553763051649	1553763056252	OK	 
USER	ImporterSimulation	54	END	1553763007367	1553763056253
REQUEST	6		request	1553763051649	1553763056253	OK	 
USER	ImporterSimulation	6	END	1553763007237	1553763056253
REQUEST	38		request	1553763051648	1553763056253	OK	 
REQUEST	67		request	1553763050594	1553763056253	OK	 
REQUEST	99		request	1553763050595	1553763056253	OK	 
REQUEST	48		request	1553763054441	1553763057136	OK	 
USER	ImporterSimulation	48	END	1553763007358	1553763057136
REQUEST	70		request	1553763051650	1553763057432	OK	 
REQUEST	77		request	1553763054857	1553763057458	OK	 
REQUEST	9		request	1553763050595	1553763057462	OK	 
USER	ImporterSimulation	9	END	1553763007243	1553763057463
REQUEST	25		request	1553763052242	1553763057463	OK	 
REQUEST	41		request	1553763054442	1553763057463	OK	 
USER	ImporterSimulation	41	END	1553763007319	1553763057463
REQUEST	40		request	1553763051643	1553763057508	OK	 
REQUEST	27		request	1553763053171	1553763057508	OK	 
REQUEST	24		request	1553763053129	1553763057509	OK	 
REQUEST	91		request	1553763054438	1553763057509	OK	 
USER	ImporterSimulation	24	END	1553763007286	1553763057510
REQUEST	21		request	1553763052734	1553763057590	OK	 
REQUEST	58		request	1553763055089	1553763057590	OK	 
USER	ImporterSimulation	58	END	1553763007372	1553763057591
USER	ImporterSimulation	21	END	1553763007280	1553763057591
REQUEST	37		request	1553763055820	1553763057591	OK	 
USER	ImporterSimulation	37	END	1553763007313	1553763057591
REQUEST	39		request	1553763054803	1553763057612	OK	 
REQUEST	89		request	1553763054442	1553763058014	OK	 
REQUEST	7		request	1553763054803	1553763058083	OK	 
USER	ImporterSimulation	7	END	1553763007239	1553763058084
REQUEST	69		request	1553763055821	1553763058278	OK	 
USER	ImporterSimulation	69	END	1553763007387	1553763058279
REQUEST	100		request	1553763050602	1553763058288	OK	 
REQUEST	88		request	1553763053129	1553763058288	OK	 
REQUEST	17		request	1553763050602	1553763058288	OK	 
REQUEST	4		request	1553763050601	1553763058289	OK	 
REQUEST	78		request	1553763053651	1553763058289	OK	 
REQUEST	97		request	1553763052782	1553763058289	OK	 
REQUEST	65		request	1553763052782	1553763058289	OK	 
REQUEST	14		request	1553763053651	1553763058289	OK	 
REQUEST	51		request	1553763055545	1553763058289	OK	 
USER	ImporterSimulation	78	END	1553763007396	1553763058289
REQUEST	11		request	1553763055819	1553763058289	OK	 
REQUEST	95		request	1553763052329	1553763058289	OK	 
REQUEST	92		request	1553763052357	1553763058290	OK	 
REQUEST	27		request	1553763057509	1553763058290	OK	 
USER	ImporterSimulation	11	END	1553763007251	1553763058290
REQUEST	79		request	1553763055875	1553763058290	OK	 
REQUEST	30		request	1553763054438	1553763058290	OK	 
USER	ImporterSimulation	27	END	1553763007290	1553763058290
USER	ImporterSimulation	30	END	1553763007299	1553763058291
REQUEST	2		request	1553763048853	1553763058291	OK	 
REQUEST	3		request	1553763052289	1553763058291	OK	 
REQUEST	63		request	1553763054435	1553763058291	OK	 
USER	ImporterSimulation	79	END	1553763007397	1553763058291
REQUEST	86		request	1553763052692	1553763058291	OK	 
REQUEST	60		request	1553763053171	1553763058291	OK	 
REQUEST	35		request	1553763048853	1553763058292	OK	 
REQUEST	82		request	1553763051946	1553763058292	OK	 
REQUEST	66		request	1553763051948	1553763058292	OK	 
REQUEST	39		request	1553763057612	1553763058298	OK	 
USER	ImporterSimulation	39	END	1553763007316	1553763058299
REQUEST	74		request	1553763055090	1553763058355	OK	 
USER	ImporterSimulation	74	END	1553763007392	1553763058356
REQUEST	77		request	1553763057460	1553763058652	OK	 
USER	ImporterSimulation	77	END	1553763007395	1553763058653
REQUEST	91		request	1553763057510	1553763058758	OK	 
USER	ImporterSimulation	91	END	1553763007409	1553763058759
REQUEST	38		request	1553763056253	1553763058784	OK	 
REQUEST	73		request	1553763054737	1553763058815	OK	 
USER	ImporterSimulation	73	END	1553763007391	1553763058815
REQUEST	25		request	1553763057463	1553763058865	OK	 
REQUEST	47		request	1553763056247	1553763058877	OK	 
REQUEST	56		request	1553763056103	1553763059138	OK	 
REQUEST	46		request	1553763054438	1553763059188	OK	 
REQUEST	50		request	1553763051947	1553763059427	OK	 
REQUEST	19		request	1553763055545	1553763059558	OK	 
REQUEST	89		request	1553763058015	1553763059558	OK	 
REQUEST	52		request	1553763053105	1553763059561	OK	 
REQUEST	95		request	1553763058290	1553763059561	OK	 
REQUEST	76		request	1553763056252	1553763059561	OK	 
REQUEST	28		request	1553763056249	1553763059562	OK	 
REQUEST	22		request	1553763056252	1553763059562	OK	 
REQUEST	36		request	1553763053105	1553763059562	OK	 
REQUEST	70		request	1553763057432	1553763059562	OK	 
REQUEST	84		request	1553763056248	1553763059562	OK	 
REQUEST	92		request	1553763058291	1553763059563	OK	 
USER	ImporterSimulation	76	END	1553763007394	1553763059562
USER	ImporterSimulation	52	END	1553763007364	1553763059562
REQUEST	40		request	1553763057509	1553763059564	OK	 
REQUEST	49		request	1553763052783	1553763059564	OK	 
REQUEST	81		request	1553763055821	1553763059565	OK	 
REQUEST	88		request	1553763058289	1553763059566	OK	 
USER	ImporterSimulation	81	END	1553763007399	1553763059566
USER	ImporterSimulation	88	END	1553763007406	1553763059566
REQUEST	94		request	1553763056252	1553763059682	OK	 
REQUEST	25		request	1553763058866	1553763060028	OK	 
USER	ImporterSimulation	25	END	1553763007287	1553763060028
REQUEST	86		request	1553763058291	1553763060101	OK	 
REQUEST	63		request	1553763058291	1553763060194	OK	 
USER	ImporterSimulation	63	END	1553763007379	1553763060194
REQUEST	14		request	1553763058289	1553763060541	OK	 
REQUEST	20		request	1553763056247	1553763060541	OK	 
USER	ImporterSimulation	14	END	1553763007265	1553763060541
REQUEST	46		request	1553763059188	1553763060542	OK	 
USER	ImporterSimulation	46	END	1553763007353	1553763060542
REQUEST	89		request	1553763059559	1553763060542	OK	 
USER	ImporterSimulation	89	END	1553763007407	1553763060543
REQUEST	60		request	1553763058291	1553763060568	OK	 
REQUEST	99		request	1553763056254	1553763060568	OK	 
USER	ImporterSimulation	99	END	1553763007416	1553763060568
REQUEST	67		request	1553763056253	1553763060568	OK	 
REQUEST	56		request	1553763059139	1553763060584	OK	 
USER	ImporterSimulation	56	END	1553763007370	1553763060585
REQUEST	51		request	1553763058289	1553763060930	OK	 
REQUEST	38		request	1553763058784	1553763060930	OK	 
REQUEST	98		request	1553763055163	1553763060930	OK	 
REQUEST	47		request	1553763058878	1553763060930	OK	 
USER	ImporterSimulation	51	END	1553763007363	1553763060930
USER	ImporterSimulation	38	END	1553763007314	1553763060930
USER	ImporterSimulation	47	END	1553763007355	1553763060930
USER	ImporterSimulation	98	END	1553763007415	1553763060930
REQUEST	35		request	1553763058292	1553763060930	OK	 
REQUEST	18		request	1553763055162	1553763060930	OK	 
USER	ImporterSimulation	35	END	1553763007306	1553763060930
REQUEST	66		request	1553763058292	1553763060931	OK	 
REQUEST	82		request	1553763058292	1553763060931	OK	 
USER	ImporterSimulation	66	END	1553763007383	1553763060931
REQUEST	33		request	1553763055821	1553763060941	OK	 
REQUEST	3		request	1553763058291	1553763061035	OK	 
REQUEST	94		request	1553763059682	1553763061061	OK	 
USER	ImporterSimulation	94	END	1553763007411	1553763061062
REQUEST	40		request	1553763059564	1553763061328	OK	 
USER	ImporterSimulation	40	END	1553763007317	1553763061329
REQUEST	70		request	1553763059563	1553763061333	OK	 
USER	ImporterSimulation	70	END	1553763007388	1553763061333
REQUEST	22		request	1553763059562	1553763061380	OK	 
REQUEST	95		request	1553763059562	1553763061390	OK	 
USER	ImporterSimulation	95	END	1553763007412	1553763061391
REQUEST	28		request	1553763059562	1553763061395	OK	 
REQUEST	100		request	1553763058288	1553763061395	OK	 
USER	ImporterSimulation	28	END	1553763007291	1553763061396
USER	ImporterSimulation	100	END	1553763007417	1553763061396
REQUEST	4		request	1553763058289	1553763061396	OK	 
REQUEST	65		request	1553763058289	1553763061472	OK	 
USER	ImporterSimulation	65	END	1553763007382	1553763061472
REQUEST	97		request	1553763058289	1553763061472	OK	 
REQUEST	19		request	1553763059558	1553763061490	OK	 
REQUEST	92		request	1553763059563	1553763061517	OK	 
USER	ImporterSimulation	92	END	1553763007409	1553763061517
REQUEST	2		request	1553763058291	1553763061897	OK	 
REQUEST	17		request	1553763058288	1553763061897	OK	 
REQUEST	50		request	1553763059427	1553763061897	OK	 
REQUEST	86		request	1553763060101	1553763061918	OK	 
REQUEST	36		request	1553763059562	1553763061922	OK	 
REQUEST	84		request	1553763059563	1553763061923	OK	 
REQUEST	22		request	1553763061380	1553763061964	OK	 
REQUEST	67		request	1553763060568	1553763061964	OK	 
USER	ImporterSimulation	22	END	1553763007282	1553763061964
REQUEST	60		request	1553763060568	1553763061986	OK	 
USER	ImporterSimulation	60	END	1553763007375	1553763061986
REQUEST	18		request	1553763060931	1553763062259	OK	 
REQUEST	3		request	1553763061036	1553763062259	OK	 
REQUEST	49		request	1553763059565	1553763062259	OK	 
USER	ImporterSimulation	3	END	1553763007232	1553763062260
REQUEST	20		request	1553763060541	1553763062294	OK	 
REQUEST	33		request	1553763060942	1553763062380	OK	 
REQUEST	82		request	1553763060932	1553763062380	OK	 
REQUEST	97		request	1553763061472	1553763062381	OK	 
USER	ImporterSimulation	97	END	1553763007414	1553763062381
REQUEST	19		request	1553763061490	1553763062502	OK	 
USER	ImporterSimulation	19	END	1553763007277	1553763062503
REQUEST	67		request	1553763061964	1553763062615	OK	 
USER	ImporterSimulation	67	END	1553763007384	1553763062616
REQUEST	4		request	1553763061396	1553763062639	OK	 
REQUEST	36		request	1553763061923	1553763062659	OK	 
USER	ImporterSimulation	36	END	1553763007307	1553763062660
REQUEST	86		request	1553763061918	1553763062686	OK	 
USER	ImporterSimulation	86	END	1553763007404	1553763062687
REQUEST	2		request	1553763061897	1553763062767	OK	 
REQUEST	17		request	1553763061897	1553763062787	OK	 
REQUEST	84		request	1553763061923	1553763062845	OK	 
USER	ImporterSimulation	84	END	1553763007402	1553763062846
REQUEST	49		request	1553763062260	1553763062922	OK	 
REQUEST	50		request	1553763061898	1553763063070	OK	 
REQUEST	4		request	1553763062640	1553763063149	OK	 
USER	ImporterSimulation	4	END	1553763007234	1553763063150
REQUEST	33		request	1553763062380	1553763063184	OK	 
USER	ImporterSimulation	33	END	1553763007303	1553763063185
REQUEST	82		request	1553763062380	1553763063203	OK	 
USER	ImporterSimulation	82	END	1553763007400	1553763063203
REQUEST	20		request	1553763062294	1553763063246	OK	 
USER	ImporterSimulation	20	END	1553763007279	1553763063246
REQUEST	18		request	1553763062260	1553763063273	OK	 
USER	ImporterSimulation	18	END	1553763007276	1553763063273
REQUEST	17		request	1553763062787	1553763063324	OK	 
USER	ImporterSimulation	17	END	1553763007274	1553763063325
REQUEST	2		request	1553763062768	1553763063368	OK	 
USER	ImporterSimulation	2	END	1553763007231	1553763063368
REQUEST	49		request	1553763062922	1553763063449	OK	 
USER	ImporterSimulation	49	END	1553763007360	1553763063449
REQUEST	50		request	1553763063070	1553763063513	OK	 
USER	ImporterSimulation	50	END	1553763007361	1553763063514
