RUN	ImporterSimulation	importersimulation	1553764873343	 	3.0.3
USER	ImporterSimulation	1	START	1553764874033	1553764874033
USER	ImporterSimulation	2	START	1553764874064	1553764874064
USER	ImporterSimulation	3	START	1553764874066	1553764874066
USER	ImporterSimulation	4	START	1553764874067	1553764874067
USER	ImporterSimulation	5	START	1553764874067	1553764874067
USER	ImporterSimulation	6	START	1553764874068	1553764874068
USER	ImporterSimulation	7	START	1553764874069	1553764874069
USER	ImporterSimulation	8	START	1553764874070	1553764874070
USER	ImporterSimulation	9	START	1553764874071	1553764874071
USER	ImporterSimulation	10	START	1553764874072	1553764874072
USER	ImporterSimulation	11	START	1553764874073	1553764874073
USER	ImporterSimulation	12	START	1553764874074	1553764874074
USER	ImporterSimulation	13	START	1553764874074	1553764874074
USER	ImporterSimulation	14	START	1553764874075	1553764874075
USER	ImporterSimulation	15	START	1553764874076	1553764874076
USER	ImporterSimulation	16	START	1553764874077	1553764874077
USER	ImporterSimulation	17	START	1553764874078	1553764874078
USER	ImporterSimulation	18	START	1553764874079	1553764874079
USER	ImporterSimulation	19	START	1553764874079	1553764874079
USER	ImporterSimulation	20	START	1553764874080	1553764874080
USER	ImporterSimulation	21	START	1553764874080	1553764874080
USER	ImporterSimulation	22	START	1553764874081	1553764874081
USER	ImporterSimulation	23	START	1553764874082	1553764874082
USER	ImporterSimulation	24	START	1553764874083	1553764874083
USER	ImporterSimulation	25	START	1553764874083	1553764874083
USER	ImporterSimulation	26	START	1553764874084	1553764874084
USER	ImporterSimulation	27	START	1553764874085	1553764874085
USER	ImporterSimulation	28	START	1553764874085	1553764874085
USER	ImporterSimulation	29	START	1553764874086	1553764874086
USER	ImporterSimulation	30	START	1553764874086	1553764874086
USER	ImporterSimulation	31	START	1553764874087	1553764874087
USER	ImporterSimulation	32	START	1553764874087	1553764874087
USER	ImporterSimulation	33	START	1553764874088	1553764874088
USER	ImporterSimulation	34	START	1553764874089	1553764874089
USER	ImporterSimulation	35	START	1553764874089	1553764874089
USER	ImporterSimulation	36	START	1553764874090	1553764874090
USER	ImporterSimulation	37	START	1553764874090	1553764874090
USER	ImporterSimulation	38	START	1553764874091	1553764874091
USER	ImporterSimulation	39	START	1553764874091	1553764874091
USER	ImporterSimulation	40	START	1553764874092	1553764874092
USER	ImporterSimulation	41	START	1553764874092	1553764874092
USER	ImporterSimulation	42	START	1553764874093	1553764874093
USER	ImporterSimulation	43	START	1553764874094	1553764874094
USER	ImporterSimulation	44	START	1553764874094	1553764874094
USER	ImporterSimulation	45	START	1553764874095	1553764874095
USER	ImporterSimulation	46	START	1553764874095	1553764874095
USER	ImporterSimulation	47	START	1553764874096	1553764874096
USER	ImporterSimulation	48	START	1553764874097	1553764874097
USER	ImporterSimulation	49	START	1553764874098	1553764874098
USER	ImporterSimulation	50	START	1553764874099	1553764874099
USER	ImporterSimulation	51	START	1553764874100	1553764874100
USER	ImporterSimulation	52	START	1553764874101	1553764874101
USER	ImporterSimulation	53	START	1553764874102	1553764874102
USER	ImporterSimulation	54	START	1553764874103	1553764874103
USER	ImporterSimulation	55	START	1553764874104	1553764874104
USER	ImporterSimulation	56	START	1553764874105	1553764874105
USER	ImporterSimulation	57	START	1553764874105	1553764874105
USER	ImporterSimulation	58	START	1553764874106	1553764874106
USER	ImporterSimulation	59	START	1553764874107	1553764874107
USER	ImporterSimulation	60	START	1553764874108	1553764874108
USER	ImporterSimulation	61	START	1553764874109	1553764874109
USER	ImporterSimulation	62	START	1553764874110	1553764874110
USER	ImporterSimulation	63	START	1553764874111	1553764874111
USER	ImporterSimulation	64	START	1553764874112	1553764874112
USER	ImporterSimulation	65	START	1553764874113	1553764874113
USER	ImporterSimulation	66	START	1553764874115	1553764874115
USER	ImporterSimulation	67	START	1553764874117	1553764874117
USER	ImporterSimulation	68	START	1553764874118	1553764874118
USER	ImporterSimulation	69	START	1553764874119	1553764874119
USER	ImporterSimulation	70	START	1553764874120	1553764874120
USER	ImporterSimulation	71	START	1553764874121	1553764874121
USER	ImporterSimulation	72	START	1553764874122	1553764874122
USER	ImporterSimulation	73	START	1553764874123	1553764874123
USER	ImporterSimulation	74	START	1553764874124	1553764874124
USER	ImporterSimulation	75	START	1553764874126	1553764874126
USER	ImporterSimulation	76	START	1553764874127	1553764874127
USER	ImporterSimulation	77	START	1553764874128	1553764874128
USER	ImporterSimulation	78	START	1553764874130	1553764874130
USER	ImporterSimulation	79	START	1553764874131	1553764874131
USER	ImporterSimulation	80	START	1553764874132	1553764874132
USER	ImporterSimulation	81	START	1553764874132	1553764874132
USER	ImporterSimulation	82	START	1553764874133	1553764874133
USER	ImporterSimulation	83	START	1553764874134	1553764874134
USER	ImporterSimulation	84	START	1553764874136	1553764874136
USER	ImporterSimulation	85	START	1553764874137	1553764874137
USER	ImporterSimulation	86	START	1553764874138	1553764874138
USER	ImporterSimulation	87	START	1553764874139	1553764874139
USER	ImporterSimulation	88	START	1553764874140	1553764874140
USER	ImporterSimulation	89	START	1553764874141	1553764874141
USER	ImporterSimulation	90	START	1553764874142	1553764874142
USER	ImporterSimulation	91	START	1553764874143	1553764874143
USER	ImporterSimulation	92	START	1553764874144	1553764874144
USER	ImporterSimulation	93	START	1553764874145	1553764874145
USER	ImporterSimulation	94	START	1553764874146	1553764874146
USER	ImporterSimulation	95	START	1553764874147	1553764874147
USER	ImporterSimulation	96	START	1553764874149	1553764874149
USER	ImporterSimulation	97	START	1553764874150	1553764874150
USER	ImporterSimulation	98	START	1553764874151	1553764874151
USER	ImporterSimulation	99	START	1553764874152	1553764874152
USER	ImporterSimulation	100	START	1553764874153	1553764874153
REQUEST	9		request	1553764874071	1553764878146	OK	 
REQUEST	18		request	1553764874079	1553764878146	OK	 
REQUEST	10		request	1553764874072	1553764878146	OK	 
REQUEST	3		request	1553764874066	1553764878146	OK	 
REQUEST	4		request	1553764874067	1553764878146	OK	 
REQUEST	2		request	1553764874065	1553764878184	OK	 
REQUEST	20		request	1553764874080	1553764878184	OK	 
REQUEST	21		request	1553764874081	1553764878566	OK	 
REQUEST	15		request	1553764874077	1553764879217	OK	 
REQUEST	43		request	1553764874094	1553764879216	OK	 
REQUEST	7		request	1553764874070	1553764879218	OK	 
REQUEST	50		request	1553764874100	1553764879220	OK	 
REQUEST	28		request	1553764874086	1553764879512	OK	 
REQUEST	26		request	1553764874085	1553764879517	OK	 
REQUEST	5		request	1553764874068	1553764879531	OK	 
REQUEST	88		request	1553764874141	1553764879643	OK	 
REQUEST	42		request	1553764874094	1553764879689	OK	 
REQUEST	64		request	1553764874113	1553764879728	OK	 
REQUEST	25		request	1553764874084	1553764879844	OK	 
REQUEST	49		request	1553764874099	1553764879887	OK	 
REQUEST	39		request	1553764874092	1553764879910	OK	 
REQUEST	74		request	1553764874125	1553764879927	OK	 
REQUEST	24		request	1553764874083	1553764880046	OK	 
REQUEST	58		request	1553764874107	1553764880137	OK	 
REQUEST	18		request	1553764878182	1553764880191	OK	 
REQUEST	35		request	1553764874090	1553764880465	OK	 
REQUEST	75		request	1553764874127	1553764880472	OK	 
REQUEST	42		request	1553764879690	1553764880478	OK	 
REQUEST	53		request	1553764874103	1553764880489	OK	 
REQUEST	81		request	1553764874133	1553764880782	OK	 
REQUEST	62		request	1553764874111	1553764880791	OK	 
REQUEST	9		request	1553764878182	1553764880791	OK	 
REQUEST	7		request	1553764879219	1553764880874	OK	 
REQUEST	26		request	1553764879518	1553764880899	OK	 
REQUEST	91		request	1553764874144	1553764880960	OK	 
REQUEST	4		request	1553764878182	1553764880991	OK	 
REQUEST	71		request	1553764874121	1553764881176	OK	 
REQUEST	15		request	1553764879217	1553764881205	OK	 
REQUEST	51		request	1553764874101	1553764881227	OK	 
REQUEST	55		request	1553764874105	1553764881247	OK	 
REQUEST	86		request	1553764874139	1553764881370	OK	 
REQUEST	14		request	1553764874076	1553764881421	OK	 
REQUEST	30		request	1553764874087	1553764881442	OK	 
REQUEST	59		request	1553764874108	1553764881727	OK	 
REQUEST	12		request	1553764874074	1553764881728	OK	 
REQUEST	61		request	1553764874110	1553764881733	OK	 
REQUEST	48		request	1553764874098	1553764882056	OK	 
REQUEST	97		request	1553764874151	1553764882062	OK	 
REQUEST	29		request	1553764874086	1553764882062	OK	 
REQUEST	82		request	1553764874134	1553764882361	OK	 
REQUEST	90		request	1553764874143	1553764882647	OK	 
REQUEST	17		request	1553764874078	1553764882671	OK	 
REQUEST	11		request	1553764874073	1553764882677	OK	 
REQUEST	2		request	1553764878184	1553764882688	OK	 
REQUEST	78		request	1553764874131	1553764882697	OK	 
REQUEST	62		request	1553764880792	1553764882703	OK	 
REQUEST	38		request	1553764874091	1553764882891	OK	 
REQUEST	26		request	1553764880900	1553764883020	OK	 
REQUEST	5		request	1553764879532	1553764883041	OK	 
REQUEST	31		request	1553764874087	1553764883071	OK	 
REQUEST	41		request	1553764874093	1553764883085	OK	 
REQUEST	49		request	1553764879888	1553764883090	OK	 
REQUEST	66		request	1553764874116	1553764883122	OK	 
REQUEST	25		request	1553764879845	1553764883634	OK	 
REQUEST	75		request	1553764880473	1553764883634	OK	 
REQUEST	6		request	1553764874069	1553764883638	OK	 
REQUEST	99		request	1553764874153	1553764883640	OK	 
REQUEST	52		request	1553764874102	1553764883929	OK	 
REQUEST	46		request	1553764874096	1553764883929	OK	 
REQUEST	68		request	1553764874118	1553764884518	OK	 
REQUEST	3		request	1553764878182	1553764884526	OK	 
REQUEST	65		request	1553764874114	1553764884528	OK	 
REQUEST	69		request	1553764874120	1553764884820	OK	 
REQUEST	54		request	1553764874104	1553764885103	OK	 
REQUEST	73		request	1553764874124	1553764885117	OK	 
REQUEST	18		request	1553764880192	1553764885122	OK	 
REQUEST	16		request	1553764874078	1553764885392	OK	 
REQUEST	55		request	1553764881248	1553764885394	OK	 
REQUEST	23		request	1553764874083	1553764885395	OK	 
REQUEST	36		request	1553764874090	1553764885397	OK	 
REQUEST	86		request	1553764881371	1553764885709	OK	 
REQUEST	12		request	1553764881729	1553764885711	OK	 
REQUEST	13		request	1553764874075	1553764885982	OK	 
REQUEST	47		request	1553764874097	1553764885987	OK	 
REQUEST	57		request	1553764874106	1553764885988	OK	 
REQUEST	34		request	1553764874089	1553764885994	OK	 
REQUEST	88		request	1553764879644	1553764886310	OK	 
REQUEST	90		request	1553764882648	1553764886313	OK	 
REQUEST	81		request	1553764880783	1553764886316	OK	 
REQUEST	38		request	1553764882892	1553764886599	OK	 
REQUEST	1		request	1553764874062	1553764886601	OK	 
REQUEST	98		request	1553764874152	1553764886883	OK	 
REQUEST	43		request	1553764879218	1553764886886	OK	 
REQUEST	32		request	1553764874088	1553764887186	OK	 
REQUEST	61		request	1553764881734	1553764887200	OK	 
REQUEST	64		request	1553764879729	1553764887469	OK	 
REQUEST	22		request	1553764874082	1553764887491	OK	 
REQUEST	45		request	1553764874095	1553764887767	OK	 
REQUEST	35		request	1553764880465	1553764887769	OK	 
REQUEST	85		request	1553764874138	1553764888048	OK	 
REQUEST	97		request	1553764882063	1553764888061	OK	 
REQUEST	39		request	1553764879911	1553764888064	OK	 
REQUEST	14		request	1553764881422	1553764888392	OK	 
REQUEST	24		request	1553764880047	1553764888392	OK	 
REQUEST	8		request	1553764874071	1553764888698	OK	 
REQUEST	60		request	1553764874109	1553764888700	OK	 
REQUEST	59		request	1553764881728	1553764888700	OK	 
REQUEST	6		request	1553764883639	1553764889021	OK	 
REQUEST	100		request	1553764874154	1553764889022	OK	 
REQUEST	76		request	1553764874128	1553764889035	OK	 
REQUEST	56		request	1553764874105	1553764889677	OK	 
REQUEST	84		request	1553764874136	1553764889677	OK	 
REQUEST	26		request	1553764883021	1553764889960	OK	 
REQUEST	67		request	1553764874117	1553764890254	OK	 
REQUEST	83		request	1553764874135	1553764890259	OK	 
REQUEST	37		request	1553764874091	1553764890259	OK	 
REQUEST	94		request	1553764874147	1553764890557	OK	 
REQUEST	89		request	1553764874142	1553764890854	OK	 
REQUEST	11		request	1553764882678	1553764890855	OK	 
REQUEST	80		request	1553764874132	1553764890862	OK	 
REQUEST	93		request	1553764874146	1553764891201	OK	 
REQUEST	21		request	1553764878566	1553764891202	OK	 
REQUEST	92		request	1553764874145	1553764891825	OK	 
REQUEST	90		request	1553764886314	1553764891832	OK	 
REQUEST	99		request	1553764883641	1553764892146	OK	 
REQUEST	19		request	1553764874080	1553764892148	OK	 
REQUEST	27		request	1553764874085	1553764892148	OK	 
REQUEST	77		request	1553764874129	1553764892151	OK	 
REQUEST	70		request	1553764874121	1553764892446	OK	 
REQUEST	44		request	1553764874095	1553764892448	OK	 
REQUEST	95		request	1553764874149	1553764892459	OK	 
REQUEST	40		request	1553764874092	1553764892764	OK	 
REQUEST	33		request	1553764874088	1553764892764	OK	 
REQUEST	79		request	1553764874131	1553764893064	OK	 
REQUEST	20		request	1553764878184	1553764893068	OK	 
REQUEST	25		request	1553764883634	1553764893386	OK	 
REQUEST	92		request	1553764891826	1553764893386	OK	 
REQUEST	63		request	1553764874112	1553764893673	OK	 
REQUEST	71		request	1553764881177	1553764893685	OK	 
REQUEST	100		request	1553764889023	1553764893686	OK	 
REQUEST	72		request	1553764874123	1553764893993	OK	 
REQUEST	87		request	1553764874140	1553764893994	OK	 
REQUEST	27		request	1553764892149	1553764894000	OK	 
REQUEST	51		request	1553764881227	1553764894001	OK	 
REQUEST	28		request	1553764879513	1553764894324	OK	 
REQUEST	88		request	1553764886311	1553764894326	OK	 
REQUEST	8		request	1553764888699	1553764894337	OK	 
REQUEST	55		request	1553764885395	1553764894608	OK	 
REQUEST	41		request	1553764883086	1553764894609	OK	 
REQUEST	12		request	1553764885712	1553764894609	OK	 
REQUEST	10		request	1553764878182	1553764894616	OK	 
REQUEST	57		request	1553764885989	1553764894916	OK	 
REQUEST	33		request	1553764892764	1553764894920	OK	 
REQUEST	47		request	1553764885988	1553764894921	OK	 
REQUEST	66		request	1553764883124	1553764895216	OK	 
REQUEST	11		request	1553764890856	1553764895216	OK	 
REQUEST	37		request	1553764890260	1553764895224	OK	 
REQUEST	35		request	1553764887770	1553764895537	OK	 
REQUEST	31		request	1553764883072	1553764895537	OK	 
REQUEST	96		request	1553764874150	1553764895833	OK	 
REQUEST	61		request	1553764887201	1553764895836	OK	 
REQUEST	92		request	1553764893386	1553764896196	OK	 
REQUEST	58		request	1553764880138	1553764896200	OK	 
REQUEST	60		request	1553764888700	1553764896204	OK	 
REQUEST	29		request	1553764882062	1553764896481	OK	 
REQUEST	100		request	1553764893686	1553764896796	OK	 
REQUEST	7		request	1553764880875	1553764896805	OK	 
REQUEST	17		request	1553764882672	1553764896807	OK	 
REQUEST	68		request	1553764884519	1553764897090	OK	 
REQUEST	89		request	1553764890854	1553764897095	OK	 
REQUEST	53		request	1553764880490	1553764897101	OK	 
REQUEST	38		request	1553764886600	1553764897106	OK	 
REQUEST	3		request	1553764884527	1553764897620	OK	 
REQUEST	65		request	1553764884529	1553764897620	OK	 
REQUEST	43		request	1553764886887	1553764897901	OK	 
REQUEST	56		request	1553764889678	1553764897902	OK	 
REQUEST	12		request	1553764894610	1553764897903	OK	 
REQUEST	94		request	1553764890558	1553764897912	OK	 
REQUEST	13		request	1553764885982	1553764898262	OK	 
REQUEST	45		request	1553764887768	1553764898561	OK	 
REQUEST	32		request	1553764887187	1553764898861	OK	 
REQUEST	4		request	1553764880992	1553764898862	OK	 
REQUEST	11		request	1553764895217	1553764898864	OK	 
REQUEST	91		request	1553764880961	1553764899471	OK	 
REQUEST	97		request	1553764888062	1553764899481	OK	 
REQUEST	82		request	1553764882362	1553764899485	OK	 
REQUEST	86		request	1553764885710	1553764899824	OK	 
REQUEST	31		request	1553764895538	1553764899826	OK	 
REQUEST	18		request	1553764885122	1553764899826	OK	 
REQUEST	30		request	1553764881443	1553764899831	OK	 
REQUEST	55		request	1553764894609	1553764900160	OK	 
REQUEST	34		request	1553764885995	1553764900166	OK	 
REQUEST	66		request	1553764895217	1553764900172	OK	 
REQUEST	24		request	1553764888393	1553764900467	OK	 
REQUEST	33		request	1553764894921	1553764900470	OK	 
REQUEST	26		request	1553764889961	1553764900471	OK	 
REQUEST	14		request	1553764888393	1553764900471	OK	 
REQUEST	7		request	1553764896805	1553764900785	OK	 
REQUEST	98		request	1553764886883	1553764900790	OK	 
REQUEST	99		request	1553764892147	1553764900790	OK	 
REQUEST	74		request	1553764879928	1553764901079	OK	 
REQUEST	42		request	1553764880479	1553764901082	OK	 
REQUEST	60		request	1553764896205	1553764901085	OK	 
REQUEST	48		request	1553764882057	1553764901091	OK	 
REQUEST	35		request	1553764895538	1553764901409	OK	 
REQUEST	50		request	1553764879220	1553764901413	OK	 
REQUEST	1		request	1553764886602	1553764901414	OK	 
REQUEST	18		request	1553764899826	1553764901714	OK	 
REQUEST	23		request	1553764885396	1553764901714	OK	 
REQUEST	16		request	1553764885393	1553764901716	OK	 
REQUEST	52		request	1553764883930	1553764901716	OK	 
REQUEST	68		request	1553764897090	1553764902061	OK	 
REQUEST	69		request	1553764884821	1553764902063	OK	 
REQUEST	38		request	1553764897107	1553764902362	OK	 
REQUEST	58		request	1553764896201	1553764902367	OK	 
REQUEST	54		request	1553764885104	1553764902369	OK	 
REQUEST	46		request	1553764883930	1553764902372	OK	 
REQUEST	39		request	1553764888065	1553764902688	OK	 
REQUEST	2		request	1553764882689	1553764902688	OK	 
REQUEST	7		request	1553764900786	1553764902692	OK	 
REQUEST	14		request	1553764900472	1553764903001	OK	 
REQUEST	62		request	1553764882704	1553764903007	OK	 
REQUEST	96		request	1553764895833	1553764903529	OK	 
REQUEST	73		request	1553764885118	1553764903540	OK	 
REQUEST	5		request	1553764883042	1553764903540	OK	 
REQUEST	59		request	1553764888700	1553764903831	OK	 
REQUEST	90		request	1553764891833	1553764904135	OK	 
REQUEST	31		request	1553764899826	1553764904140	OK	 
REQUEST	78		request	1553764882698	1553764904154	OK	 
REQUEST	76		request	1553764889036	1553764904446	OK	 
REQUEST	88		request	1553764894327	1553764904449	OK	 
REQUEST	63		request	1553764893674	1553764904778	OK	 
REQUEST	84		request	1553764889678	1553764904784	OK	 
REQUEST	47		request	1553764894921	1553764905057	OK	 
REQUEST	30		request	1553764899831	1553764905058	OK	 
REQUEST	67		request	1553764890255	1553764905058	OK	 
REQUEST	44		request	1553764892449	1553764905071	OK	 
REQUEST	6		request	1553764889022	1553764905566	OK	 
REQUEST	83		request	1553764890260	1553764905574	OK	 
REQUEST	56		request	1553764897903	1553764905575	OK	 
REQUEST	9		request	1553764880792	1553764905882	OK	 
REQUEST	4		request	1553764898862	1553764905890	OK	 
REQUEST	32		request	1553764898862	1553764905890	OK	 
REQUEST	38		request	1553764902362	1553764905891	OK	 
REQUEST	77		request	1553764892152	1553764906229	OK	 
REQUEST	66		request	1553764900173	1553764906233	OK	 
REQUEST	85		request	1553764888048	1553764906536	OK	 
REQUEST	62		request	1553764903008	1553764906537	OK	 
REQUEST	27		request	1553764894001	1553764906545	OK	 
REQUEST	21		request	1553764891203	1553764906859	OK	 
REQUEST	36		request	1553764885398	1553764906865	OK	 
REQUEST	15		request	1553764881206	1553764907152	OK	 
REQUEST	93		request	1553764891202	1553764907473	OK	 
REQUEST	33		request	1553764900471	1553764907492	OK	 
REQUEST	28		request	1553764894325	1553764907493	OK	 
REQUEST	100		request	1553764896797	1553764907795	OK	 
REQUEST	46		request	1553764902372	1553764908130	OK	 
REQUEST	91		request	1553764899472	1553764908133	OK	 
REQUEST	43		request	1553764897902	1553764908135	OK	 
REQUEST	57		request	1553764894917	1553764908440	OK	 
REQUEST	71		request	1553764893685	1553764908440	OK	 
REQUEST	81		request	1553764886316	1553764908767	OK	 
REQUEST	62		request	1553764906537	1553764908786	OK	 
REQUEST	25		request	1553764893386	1553764909076	OK	 
REQUEST	85		request	1553764906537	1553764909080	OK	 
REQUEST	22		request	1553764887492	1553764909393	OK	 
REQUEST	51		request	1553764894001	1553764909406	OK	 
REQUEST	87		request	1553764893995	1553764909413	OK	 
REQUEST	56		request	1553764905576	1553764909715	OK	 
REQUEST	38		request	1553764905892	1553764909716	OK	 
REQUEST	97		request	1553764899481	1553764909719	OK	 
REQUEST	78		request	1553764904155	1553764910115	OK	 
REQUEST	24		request	1553764900468	1553764910120	OK	 
REQUEST	98		request	1553764900791	1553764910120	OK	 
REQUEST	42		request	1553764901082	1553764910422	OK	 
REQUEST	53		request	1553764897102	1553764910423	OK	 
REQUEST	1		request	1553764901414	1553764910423	OK	 
REQUEST	82		request	1553764899486	1553764910431	OK	 
REQUEST	94		request	1553764897913	1553764910761	OK	 
REQUEST	72		request	1553764893994	1553764910761	OK	 
REQUEST	70		request	1553764892447	1553764911071	OK	 
REQUEST	68		request	1553764902062	1553764911074	OK	 
REQUEST	7		request	1553764902692	1553764911081	OK	 
REQUEST	46		request	1553764908131	1553764911083	OK	 
REQUEST	23		request	1553764901715	1553764911443	OK	 
REQUEST	58		request	1553764902368	1553764911459	OK	 
REQUEST	95		request	1553764892460	1553764911459	OK	 
REQUEST	34		request	1553764900167	1553764911763	OK	 
REQUEST	39		request	1553764902688	1553764911766	OK	 
REQUEST	55		request	1553764900161	1553764912072	OK	 
REQUEST	54		request	1553764902369	1553764912089	OK	 
REQUEST	98		request	1553764910120	1553764912091	OK	 
REQUEST	53		request	1553764910424	1553764912415	OK	 
REQUEST	61		request	1553764895837	1553764912778	OK	 
REQUEST	64		request	1553764887470	1553764912780	OK	 
REQUEST	73		request	1553764903540	1553764912784	OK	 
REQUEST	31		request	1553764904141	1553764913126	OK	 
REQUEST	29		request	1553764896481	1553764913454	OK	 
REQUEST	2		request	1553764902688	1553764913456	OK	 
REQUEST	40		request	1553764892764	1553764913462	OK	 
REQUEST	80		request	1553764890862	1553764913764	OK	 
REQUEST	12		request	1553764897903	1553764913768	OK	 
REQUEST	49		request	1553764883091	1553764914094	OK	 
REQUEST	92		request	1553764896197	1553764914095	OK	 
REQUEST	41		request	1553764894610	1553764914430	OK	 
REQUEST	75		request	1553764883634	1553764914431	OK	 
REQUEST	17		request	1553764896808	1553764914763	OK	 
REQUEST	10		request	1553764894616	1553764914772	OK	 
REQUEST	9		request	1553764905883	1553764914776	OK	 
REQUEST	7		request	1553764911082	1553764915105	OK	 
REQUEST	76		request	1553764904447	1553764915106	OK	 
REQUEST	8		request	1553764894337	1553764915443	OK	 
REQUEST	58		request	1553764911460	1553764915444	OK	 
REQUEST	83		request	1553764905575	1553764915446	OK	 
REQUEST	26		request	1553764900472	1553764915826	OK	 
REQUEST	95		request	1553764911459	1553764915831	OK	 
REQUEST	86		request	1553764899825	1553764915831	OK	 
REQUEST	15		request	1553764907153	1553764916182	OK	 
REQUEST	59		request	1553764903832	1553764916182	OK	 
REQUEST	88		request	1553764904449	1553764916660	OK	 
REQUEST	99		request	1553764900791	1553764916660	OK	 
REQUEST	30		request	1553764905059	1553764916666	OK	 
REQUEST	67		request	1553764905059	1553764916982	OK	 
REQUEST	84		request	1553764904785	1553764916983	OK	 
REQUEST	32		request	1553764905891	1553764917356	OK	 
REQUEST	18		request	1553764901714	1553764917655	OK	 
REQUEST	4		request	1553764905891	1553764917659	OK	 
REQUEST	35		request	1553764901410	1553764917693	OK	 
REQUEST	16		request	1553764901717	1553764917694	OK	 
REQUEST	52		request	1553764901717	1553764918020	OK	 
REQUEST	45		request	1553764898562	1553764918029	OK	 
REQUEST	66		request	1553764906234	1553764918029	OK	 
REQUEST	95		request	1553764915831	1553764918393	OK	 
REQUEST	74		request	1553764901080	1553764918393	OK	 
REQUEST	41		request	1553764914431	1553764918397	OK	 
REQUEST	69		request	1553764902063	1553764918751	OK	 
REQUEST	9		request	1553764914777	1553764918753	OK	 
REQUEST	63		request	1553764904779	1553764918753	OK	 
REQUEST	92		request	1553764914096	1553764918760	OK	 
REQUEST	10		request	1553764914773	1553764919091	OK	 
REQUEST	43		request	1553764908135	1553764919103	OK	 
REQUEST	86		request	1553764915832	1553764919103	OK	 
REQUEST	50		request	1553764901414	1553764919406	OK	 
REQUEST	44		request	1553764905071	1553764919423	OK	 
REQUEST	11		request	1553764898865	1553764919443	OK	 
REQUEST	26		request	1553764915827	1553764919465	OK	 
REQUEST	71		request	1553764908441	1553764919795	OK	 
REQUEST	91		request	1553764908134	1553764920112	OK	 
REQUEST	80		request	1553764913764	1553764920426	OK	 
REQUEST	25		request	1553764909077	1553764920434	OK	 
REQUEST	96		request	1553764903530	1553764920434	OK	 
REQUEST	77		request	1553764906230	1553764921092	OK	 
REQUEST	30		request	1553764916667	1553764921093	OK	 
REQUEST	93		request	1553764907474	1553764921096	OK	 
REQUEST	19		request	1553764892149	1553764921416	OK	 
REQUEST	28		request	1553764907494	1553764921418	OK	 
REQUEST	37		request	1553764895225	1553764921778	OK	 
REQUEST	86		request	1553764919104	1553764921784	OK	 
REQUEST	79		request	1553764893065	1553764922134	OK	 
REQUEST	38		request	1553764909716	1553764922477	OK	 
REQUEST	84		request	1553764916983	1553764922478	OK	 
REQUEST	100		request	1553764907796	1553764922484	OK	 
REQUEST	5		request	1553764903540	1553764922843	OK	 
REQUEST	14		request	1553764903002	1553764922845	OK	 
REQUEST	20		request	1553764893069	1553764923194	OK	 
REQUEST	9		request	1553764918753	1553764923209	OK	 
REQUEST	47		request	1553764905058	1553764923211	OK	 
REQUEST	42		request	1553764910422	1553764923590	OK	 
REQUEST	70		request	1553764911072	1553764923594	OK	 
REQUEST	3		request	1553764897621	1553764923595	OK	 
REQUEST	65		request	1553764897621	1553764923596	OK	 
REQUEST	10		request	1553764919092	1553764923959	OK	 
REQUEST	39		request	1553764911767	1553764924496	OK	 
REQUEST	55		request	1553764912073	1553764924502	OK	 
REQUEST	93		request	1553764921096	1553764924502	OK	 
REQUEST	13		request	1553764898263	1553764924506	OK	 
REQUEST	38		request	1553764922478	1553764924889	OK	 
REQUEST	77		request	1553764921092	1553764924893	OK	 
REQUEST	12		request	1553764913768	1553764925516	OK	 
REQUEST	63		request	1553764918754	1553764925516	OK	 
REQUEST	22		request	1553764909394	1553764925524	OK	 
REQUEST	11		request	1553764919443	1553764925524	OK	 
REQUEST	21		request	1553764906859	1553764925895	OK	 
REQUEST	54		request	1553764912089	1553764925901	OK	 
REQUEST	85		request	1553764909080	1553764925901	OK	 
REQUEST	2		request	1553764913457	1553764926216	OK	 
REQUEST	84		request	1553764922479	1553764926219	OK	 
REQUEST	36		request	1553764906866	1553764926225	OK	 
REQUEST	78		request	1553764910115	1553764926225	OK	 
REQUEST	20		request	1553764923195	1553764926573	OK	 
REQUEST	49		request	1553764914095	1553764926573	OK	 
REQUEST	1		request	1553764910423	1553764926577	OK	 
REQUEST	60		request	1553764901086	1553764926899	OK	 
REQUEST	81		request	1553764908768	1553764926899	OK	 
REQUEST	24		request	1553764910120	1553764926910	OK	 
REQUEST	34		request	1553764911764	1553764926910	OK	 
REQUEST	75		request	1553764914431	1553764927242	OK	 
REQUEST	63		request	1553764925517	1553764927244	OK	 
REQUEST	57		request	1553764908441	1553764927581	OK	 
REQUEST	61		request	1553764912779	1553764927586	OK	 
REQUEST	31		request	1553764913127	1553764927586	OK	 
REQUEST	13		request	1553764924506	1553764927587	OK	 
REQUEST	15		request	1553764916182	1553764927941	OK	 
REQUEST	73		request	1553764912784	1553764927941	OK	 
REQUEST	92		request	1553764918761	1553764928302	OK	 
REQUEST	11		request	1553764925525	1553764928304	OK	 
REQUEST	81		request	1553764926900	1553764928305	OK	 
REQUEST	64		request	1553764912780	1553764928315	OK	 
REQUEST	97		request	1553764909720	1553764928651	OK	 
REQUEST	18		request	1553764917656	1553764928652	OK	 
REQUEST	75		request	1553764927242	1553764929019	OK	 
REQUEST	69		request	1553764918752	1553764929020	OK	 
REQUEST	35		request	1553764917694	1553764929020	OK	 
REQUEST	60		request	1553764926899	1553764929356	OK	 
REQUEST	26		request	1553764919465	1553764929357	OK	 
REQUEST	45		request	1553764918030	1553764929361	OK	 
REQUEST	89		request	1553764897095	1553764929697	OK	 
REQUEST	25		request	1553764920434	1553764929698	OK	 
REQUEST	53		request	1553764912415	1553764930054	OK	 
REQUEST	76		request	1553764915107	1553764930059	OK	 
REQUEST	59		request	1553764916182	1553764930062	OK	 
REQUEST	19		request	1553764921416	1553764930444	OK	 
REQUEST	26		request	1553764929358	1553764930446	OK	 
REQUEST	90		request	1553764904136	1553764930795	OK	 
REQUEST	100		request	1553764922484	1553764930805	OK	 
REQUEST	30		request	1553764921094	1553764930827	OK	 
REQUEST	71		request	1553764919796	1553764931146	OK	 
REQUEST	82		request	1553764910431	1553764931528	OK	 
REQUEST	56		request	1553764909716	1553764931533	OK	 
REQUEST	76		request	1553764930060	1553764931550	OK	 
REQUEST	52		request	1553764918020	1553764931908	OK	 
REQUEST	67		request	1553764916983	1553764931909	OK	 
REQUEST	95		request	1553764918394	1553764932369	OK	 
REQUEST	22		request	1553764925525	1553764932380	OK	 
REQUEST	32		request	1553764917357	1553764932391	OK	 
REQUEST	20		request	1553764926574	1553764932738	OK	 
REQUEST	33		request	1553764907493	1553764932744	OK	 
REQUEST	21		request	1553764925895	1553764932750	OK	 
REQUEST	49		request	1553764926574	1553764933089	OK	 
REQUEST	100		request	1553764930806	1553764933089	OK	 
REQUEST	44		request	1553764919424	1553764933089	OK	 
REQUEST	6		request	1553764905567	1553764933443	OK	 
REQUEST	71		request	1553764931147	1553764933444	OK	 
REQUEST	37		request	1553764921778	1553764933444	OK	 
REQUEST	84		request	1553764926219	1553764933453	OK	 
REQUEST	22		request	1553764932381	1553764933862	OK	 
REQUEST	32		request	1553764932391	1553764933866	OK	 
REQUEST	91		request	1553764920113	1553764933867	OK	 
REQUEST	97		request	1553764928652	1553764934192	OK	 
REQUEST	11		request	1553764928305	1553764934192	OK	 
REQUEST	79		request	1553764922135	1553764934192	OK	 
REQUEST	92		request	1553764928303	1553764934197	OK	 
REQUEST	48		request	1553764901092	1553764934585	OK	 
REQUEST	21		request	1553764932750	1553764934587	OK	 
REQUEST	18		request	1553764928652	1553764934594	OK	 
REQUEST	17		request	1553764914764	1553764934939	OK	 
REQUEST	69		request	1553764929020	1553764934943	OK	 
REQUEST	45		request	1553764929362	1553764934946	OK	 
REQUEST	67		request	1553764931910	1553764935413	OK	 
REQUEST	16		request	1553764917694	1553764935442	OK	 
REQUEST	4		request	1553764917659	1553764935443	OK	 
REQUEST	9		request	1553764923210	1553764935973	OK	 
REQUEST	22		request	1553764933862	1553764935973	OK	 
REQUEST	32		request	1553764933866	1553764935974	OK	 
REQUEST	60		request	1553764929357	1553764935981	OK	 
REQUEST	69		request	1553764934944	1553764936388	OK	 
REQUEST	8		request	1553764915443	1553764936389	OK	 
REQUEST	7		request	1553764915105	1553764936391	OK	 
REQUEST	17		request	1553764934940	1553764936741	OK	 
REQUEST	93		request	1553764924503	1553764936742	OK	 
REQUEST	26		request	1553764930447	1553764936747	OK	 
USER	ImporterSimulation	26	END	1553764874084	1553764936751
REQUEST	5		request	1553764922844	1553764936754	OK	 
REQUEST	19		request	1553764930445	1553764937112	OK	 
REQUEST	58		request	1553764915444	1553764937117	OK	 
REQUEST	59		request	1553764930063	1553764937118	OK	 
REQUEST	70		request	1553764923595	1553764937463	OK	 
REQUEST	69		request	1553764936389	1553764937465	OK	 
REQUEST	55		request	1553764924502	1553764937468	OK	 
REQUEST	22		request	1553764935974	1553764937474	OK	 
REQUEST	72		request	1553764910762	1553764938043	OK	 
REQUEST	14		request	1553764922846	1553764938046	OK	 
REQUEST	41		request	1553764918397	1553764938049	OK	 
REQUEST	77		request	1553764924893	1553764938565	OK	 
REQUEST	99		request	1553764916661	1553764938565	OK	 
REQUEST	94		request	1553764910762	1553764938565	OK	 
REQUEST	38		request	1553764924890	1553764938570	OK	 
REQUEST	40		request	1553764913463	1553764938966	OK	 
REQUEST	10		request	1553764923960	1553764938967	OK	 
REQUEST	76		request	1553764931551	1553764938968	OK	 
REQUEST	62		request	1553764908787	1553764939302	OK	 
REQUEST	80		request	1553764920427	1553764939306	OK	 
REQUEST	65		request	1553764923596	1553764939309	OK	 
REQUEST	82		request	1553764931528	1553764939313	OK	 
REQUEST	22		request	1553764937475	1553764939671	OK	 
REQUEST	68		request	1553764911075	1553764939675	OK	 
REQUEST	20		request	1553764932739	1553764939677	OK	 
REQUEST	95		request	1553764932369	1553764940030	OK	 
REQUEST	8		request	1553764936390	1553764940032	OK	 
REQUEST	12		request	1553764925516	1553764940035	OK	 
REQUEST	70		request	1553764937464	1553764940036	OK	 
REQUEST	49		request	1553764933089	1553764940364	OK	 
REQUEST	50		request	1553764919407	1553764940376	OK	 
REQUEST	43		request	1553764919103	1553764940376	OK	 
REQUEST	24		request	1553764926911	1553764940718	OK	 
REQUEST	44		request	1553764933090	1553764940721	OK	 
REQUEST	96		request	1553764920434	1553764940729	OK	 
REQUEST	98		request	1553764912092	1553764940731	OK	 
REQUEST	87		request	1553764909414	1553764941119	OK	 
REQUEST	38		request	1553764938571	1553764941476	OK	 
USER	ImporterSimulation	38	END	1553764874091	1553764941477
REQUEST	58		request	1553764937117	1553764941477	OK	 
REQUEST	37		request	1553764933444	1553764941479	OK	 
REQUEST	71		request	1553764933444	1553764941481	OK	 
REQUEST	20		request	1553764939677	1553764941881	OK	 
REQUEST	22		request	1553764939672	1553764941881	OK	 
REQUEST	28		request	1553764921418	1553764942219	OK	 
REQUEST	6		request	1553764933443	1553764942588	OK	 
REQUEST	27		request	1553764906546	1553764942592	OK	 
REQUEST	88		request	1553764916660	1553764942592	OK	 
REQUEST	94		request	1553764938566	1553764942942	OK	 
REQUEST	63		request	1553764927245	1553764943287	OK	 
REQUEST	92		request	1553764934198	1553764943299	OK	 
REQUEST	15		request	1553764927941	1553764943302	OK	 
REQUEST	67		request	1553764935414	1553764943639	OK	 
REQUEST	60		request	1553764935981	1553764943642	OK	 
REQUEST	62		request	1553764939303	1553764944028	OK	 
REQUEST	32		request	1553764935974	1553764944046	OK	 
REQUEST	95		request	1553764940031	1553764944377	OK	 
REQUEST	64		request	1553764928316	1553764944382	OK	 
REQUEST	80		request	1553764939307	1553764944385	OK	 
REQUEST	81		request	1553764928306	1553764944387	OK	 
REQUEST	31		request	1553764927587	1553764944746	OK	 
REQUEST	19		request	1553764937112	1553764944746	OK	 
REQUEST	85		request	1553764925901	1553764945093	OK	 
REQUEST	75		request	1553764929019	1553764945447	OK	 
REQUEST	70		request	1553764940036	1553764945454	OK	 
REQUEST	1		request	1553764926578	1553764945454	OK	 
REQUEST	51		request	1553764909407	1553764945830	OK	 
REQUEST	14		request	1553764938046	1553764945830	OK	 
REQUEST	7		request	1553764936391	1553764946177	OK	 
REQUEST	8		request	1553764940032	1553764946189	OK	 
REQUEST	36		request	1553764926226	1553764946189	OK	 
REQUEST	25		request	1553764929699	1553764946523	OK	 
REQUEST	49		request	1553764940364	1553764946525	OK	 
REQUEST	78		request	1553764926226	1553764946538	OK	 
REQUEST	50		request	1553764940377	1553764946883	OK	 
REQUEST	96		request	1553764940730	1553764946884	OK	 
REQUEST	42		request	1553764923591	1553764946889	OK	 
REQUEST	66		request	1553764918030	1553764947232	OK	 
REQUEST	74		request	1553764918394	1553764947232	OK	 
REQUEST	43		request	1553764940377	1553764947590	OK	 
REQUEST	3		request	1553764923595	1553764947594	OK	 
REQUEST	98		request	1553764940731	1553764947603	OK	 
REQUEST	54		request	1553764925901	1553764947961	OK	 
REQUEST	53		request	1553764930055	1553764947963	OK	 
REQUEST	23		request	1553764911444	1553764948351	OK	 
REQUEST	57		request	1553764927581	1553764948353	OK	 
REQUEST	63		request	1553764943288	1553764948356	OK	 
REQUEST	71		request	1553764941482	1553764948748	OK	 
REQUEST	76		request	1553764938969	1553764948749	OK	 
REQUEST	46		request	1553764911084	1553764949117	OK	 
REQUEST	61		request	1553764927587	1553764949128	OK	 
REQUEST	80		request	1553764944386	1553764949131	OK	 
REQUEST	81		request	1553764944387	1553764949488	OK	 
REQUEST	39		request	1553764924496	1553764949488	OK	 
REQUEST	20		request	1553764941882	1553764949491	OK	 
REQUEST	73		request	1553764927941	1553764949503	OK	 
REQUEST	29		request	1553764913454	1553764949875	OK	 
REQUEST	52		request	1553764931908	1553764949901	OK	 
REQUEST	75		request	1553764945447	1553764949901	OK	 
REQUEST	91		request	1553764933867	1553764950291	OK	 
REQUEST	34		request	1553764926911	1553764950291	OK	 
REQUEST	35		request	1553764929021	1553764950291	OK	 
REQUEST	37		request	1553764941480	1553764950294	OK	 
REQUEST	90		request	1553764930796	1553764950690	OK	 
REQUEST	62		request	1553764944028	1553764950718	OK	 
REQUEST	67		request	1553764943639	1553764951063	OK	 
REQUEST	94		request	1553764942943	1553764951064	OK	 
REQUEST	83		request	1553764915447	1553764951064	OK	 
REQUEST	44		request	1553764940722	1553764951071	OK	 
REQUEST	79		request	1553764934193	1553764951502	OK	 
REQUEST	11		request	1553764934192	1553764951502	OK	 
REQUEST	45		request	1553764934947	1553764951714	OK	 
REQUEST	13		request	1553764927588	1553764951895	OK	 
REQUEST	15		request	1553764943302	1553764951897	OK	 
REQUEST	21		request	1553764934587	1553764951901	OK	 
REQUEST	97		request	1553764934192	1553764951903	OK	 
REQUEST	69		request	1553764937465	1553764952254	OK	 
REQUEST	48		request	1553764934586	1553764952257	OK	 
REQUEST	59		request	1553764937118	1553764952259	OK	 
REQUEST	96		request	1553764946884	1553764952632	OK	 
REQUEST	32		request	1553764944046	1553764952634	OK	 
REQUEST	72		request	1553764938044	1553764953066	OK	 
REQUEST	98		request	1553764947603	1553764953082	OK	 
REQUEST	95		request	1553764944378	1553764953083	OK	 
REQUEST	89		request	1553764929698	1553764953479	OK	 
REQUEST	64		request	1553764944383	1553764953482	OK	 
REQUEST	86		request	1553764921785	1553764953484	OK	 
REQUEST	71		request	1553764948748	1553764953486	OK	 
REQUEST	56		request	1553764931533	1553764953876	OK	 
REQUEST	93		request	1553764936743	1553764954229	OK	 
REQUEST	1		request	1553764945454	1553764954229	OK	 
REQUEST	54		request	1553764947962	1553764954233	OK	 
REQUEST	9		request	1553764935974	1553764954235	OK	 
REQUEST	70		request	1553764945454	1553764954676	OK	 
REQUEST	5		request	1553764936754	1553764954676	OK	 
REQUEST	39		request	1553764949489	1553764954691	OK	 
REQUEST	77		request	1553764938565	1553764955069	OK	 
REQUEST	57		request	1553764948353	1553764955408	OK	 
REQUEST	7		request	1553764946177	1553764955412	OK	 
USER	ImporterSimulation	7	END	1553764874069	1553764955413
REQUEST	30		request	1553764930828	1553764955413	OK	 
REQUEST	36		request	1553764946189	1553764955822	OK	 
REQUEST	18		request	1553764934594	1553764956160	OK	 
REQUEST	8		request	1553764946189	1553764956171	OK	 
REQUEST	25		request	1553764946524	1553764956174	OK	 
REQUEST	49		request	1553764946526	1553764956765	OK	 
REQUEST	43		request	1553764947590	1553764956767	OK	 
REQUEST	73		request	1553764949504	1553764956768	OK	 
REQUEST	2		request	1553764926217	1553764957490	OK	 
REQUEST	47		request	1553764923211	1553764957492	OK	 
REQUEST	55		request	1553764937468	1553764957838	OK	 
REQUEST	14		request	1553764945830	1553764957844	OK	 
REQUEST	90		request	1553764950690	1553764957855	OK	 
REQUEST	34		request	1553764950291	1553764958216	OK	 
REQUEST	42		request	1553764946890	1553764958564	OK	 
REQUEST	27		request	1553764942592	1553764958580	OK	 
REQUEST	1		request	1553764954230	1553764958582	OK	 
REQUEST	58		request	1553764941477	1553764958912	OK	 
REQUEST	23		request	1553764948352	1553764958913	OK	 
REQUEST	40		request	1553764938967	1553764958913	OK	 
REQUEST	29		request	1553764949876	1553764958924	OK	 
REQUEST	12		request	1553764940035	1553764959500	OK	 
REQUEST	76		request	1553764948750	1553764959504	OK	 
REQUEST	45		request	1553764951714	1553764959504	OK	 
REQUEST	30		request	1553764955414	1553764959883	OK	 
REQUEST	17		request	1553764936742	1553764959897	OK	 
REQUEST	79		request	1553764951502	1553764959897	OK	 
REQUEST	73		request	1553764956769	1553764959900	OK	 
REQUEST	22		request	1553764941882	1553764960290	OK	 
USER	ImporterSimulation	22	END	1553764874081	1553764960290
REQUEST	88		request	1553764942592	1553764960663	OK	 
REQUEST	41		request	1553764938050	1553764960664	OK	 
REQUEST	95		request	1553764953083	1553764960668	OK	 
REQUEST	36		request	1553764955822	1553764960676	OK	 
REQUEST	72		request	1553764953067	1553764961064	OK	 
REQUEST	91		request	1553764950291	1553764961064	OK	 
REQUEST	92		request	1553764943300	1553764961420	OK	 
REQUEST	28		request	1553764942220	1553764961421	OK	 
REQUEST	99		request	1553764938566	1553764961824	OK	 
REQUEST	59		request	1553764952259	1553764961837	OK	 
REQUEST	15		request	1553764951898	1553764961837	OK	 
REQUEST	75		request	1553764949902	1553764962227	OK	 
REQUEST	78		request	1553764946539	1553764962595	OK	 
REQUEST	44		request	1553764951071	1553764962602	OK	 
REQUEST	51		request	1553764945830	1553764962608	OK	 
REQUEST	69		request	1553764952255	1553764962991	OK	 
REQUEST	1		request	1553764958582	1553764963357	OK	 
REQUEST	97		request	1553764951903	1553764963367	OK	 
REQUEST	70		request	1553764954677	1553764963734	OK	 
REQUEST	60		request	1553764943642	1553764964142	OK	 
REQUEST	96		request	1553764952633	1553764964151	OK	 
REQUEST	5		request	1553764954677	1553764964153	OK	 
REQUEST	31		request	1553764944747	1553764965052	OK	 
REQUEST	77		request	1553764955069	1553764965057	OK	 
REQUEST	65		request	1553764939310	1553764965057	OK	 
REQUEST	19		request	1553764944747	1553764965060	OK	 
REQUEST	68		request	1553764939676	1553764965822	OK	 
REQUEST	51		request	1553764962608	1553764965823	OK	 
REQUEST	41		request	1553764960665	1553764966171	OK	 
REQUEST	46		request	1553764949118	1553764966176	OK	 
REQUEST	100		request	1553764933089	1553764966179	OK	 
REQUEST	44		request	1553764962602	1553764966759	OK	 
REQUEST	55		request	1553764957839	1553764966759	OK	 
REQUEST	33		request	1553764932745	1553764966760	OK	 
REQUEST	24		request	1553764940719	1553764966769	OK	 
REQUEST	18		request	1553764956160	1553764967175	OK	 
USER	ImporterSimulation	18	END	1553764874079	1553764967175
REQUEST	84		request	1553764933453	1553764967837	OK	 
REQUEST	37		request	1553764950295	1553764967838	OK	 
REQUEST	34		request	1553764958216	1553764967841	OK	 
REQUEST	43		request	1553764956767	1553764967849	OK	 
REQUEST	42		request	1553764958565	1553764968225	OK	 
REQUEST	20		request	1553764949492	1553764968226	OK	 
REQUEST	58		request	1553764958912	1553764968609	OK	 
REQUEST	86		request	1553764953485	1553764968610	OK	 
REQUEST	51		request	1553764965823	1553764968611	OK	 
REQUEST	62		request	1553764950718	1553764968613	OK	 
REQUEST	33		request	1553764966760	1553764968996	OK	 
REQUEST	50		request	1553764946884	1553764968996	OK	 
REQUEST	84		request	1553764967838	1553764969382	OK	 
REQUEST	23		request	1553764958913	1553764969764	OK	 
REQUEST	45		request	1553764959505	1553764969777	OK	 
REQUEST	85		request	1553764945094	1553764969780	OK	 
REQUEST	30		request	1553764959883	1553764970566	OK	 
REQUEST	10		request	1553764938967	1553764970581	OK	 
REQUEST	16		request	1553764935442	1553764970584	OK	 
REQUEST	81		request	1553764949489	1553764971170	OK	 
REQUEST	4		request	1553764935443	1553764971171	OK	 
REQUEST	29		request	1553764958925	1553764971599	OK	 
REQUEST	82		request	1553764939314	1553764971610	OK	 
REQUEST	54		request	1553764954233	1553764971613	OK	 
REQUEST	88		request	1553764960664	1553764972057	OK	 
REQUEST	11		request	1553764951502	1553764972060	OK	 
USER	ImporterSimulation	11	END	1553764874073	1553764972060
REQUEST	76		request	1553764959505	1553764972063	OK	 
REQUEST	12		request	1553764959500	1553764972439	OK	 
REQUEST	28		request	1553764961422	1553764972441	OK	 
REQUEST	72		request	1553764961064	1553764972441	OK	 
REQUEST	16		request	1553764970584	1553764972800	OK	 
REQUEST	59		request	1553764961838	1553764972802	OK	 
REQUEST	40		request	1553764958913	1553764973195	OK	 
REQUEST	97		request	1553764963367	1553764973206	OK	 
REQUEST	80		request	1553764949132	1553764973211	OK	 
REQUEST	61		request	1553764949129	1553764973597	OK	 
REQUEST	77		request	1553764965057	1553764973598	OK	 
REQUEST	87		request	1553764941119	1553764974110	OK	 
REQUEST	70		request	1553764963735	1553764974115	OK	 
REQUEST	63		request	1553764948357	1553764974116	OK	 
REQUEST	89		request	1553764953479	1553764974518	OK	 
REQUEST	67		request	1553764951063	1553764974518	OK	 
REQUEST	32		request	1553764952635	1553764974891	OK	 
USER	ImporterSimulation	32	END	1553764874087	1553764974892
REQUEST	19		request	1553764965061	1553764974908	OK	 
REQUEST	93		request	1553764954230	1553764974927	OK	 
REQUEST	94		request	1553764951064	1553764974932	OK	 
REQUEST	24		request	1553764966770	1553764975325	OK	 
REQUEST	100		request	1553764966179	1553764975326	OK	 
REQUEST	46		request	1553764966176	1553764975327	OK	 
REQUEST	1		request	1553764963358	1553764975347	OK	 
REQUEST	13		request	1553764951895	1553764975897	OK	 
REQUEST	37		request	1553764967839	1553764975913	OK	 
REQUEST	9		request	1553764954235	1553764975913	OK	 
REQUEST	48		request	1553764952257	1553764976272	OK	 
REQUEST	6		request	1553764942589	1553764976273	OK	 
REQUEST	83		request	1553764951064	1553764976276	OK	 
REQUEST	34		request	1553764967842	1553764976279	OK	 
REQUEST	67		request	1553764974518	1553764976762	OK	 
REQUEST	42		request	1553764968226	1553764976767	OK	 
REQUEST	70		request	1553764974115	1553764976769	OK	 
USER	ImporterSimulation	70	END	1553764874120	1553764976769
REQUEST	98		request	1553764953083	1553764977339	OK	 
REQUEST	58		request	1553764968610	1553764977340	OK	 
USER	ImporterSimulation	58	END	1553764874106	1553764977340
REQUEST	62		request	1553764968613	1553764977340	OK	 
USER	ImporterSimulation	62	END	1553764874110	1553764977340
REQUEST	94		request	1553764974932	1553764977356	OK	 
REQUEST	86		request	1553764968611	1553764977764	OK	 
REQUEST	59		request	1553764972802	1553764977766	OK	 
USER	ImporterSimulation	59	END	1553764874107	1553764977767
REQUEST	84		request	1553764969382	1553764977768	OK	 
REQUEST	45		request	1553764969777	1553764978227	OK	 
REQUEST	77		request	1553764973598	1553764978234	OK	 
REQUEST	49		request	1553764956765	1553764978235	OK	 
REQUEST	23		request	1553764969764	1553764978256	OK	 
REQUEST	29		request	1553764971599	1553764978640	OK	 
REQUEST	79		request	1553764959898	1553764978641	OK	 
REQUEST	76		request	1553764972063	1553764978643	OK	 
USER	ImporterSimulation	76	END	1553764874127	1553764978644
REQUEST	75		request	1553764962228	1553764979022	OK	 
REQUEST	88		request	1553764972057	1553764979022	OK	 
REQUEST	54		request	1553764971613	1553764979023	OK	 
REQUEST	4		request	1553764971171	1553764979034	OK	 
REQUEST	80		request	1553764973211	1553764979483	OK	 
REQUEST	56		request	1553764953876	1553764979495	OK	 
REQUEST	84		request	1553764977769	1553764979496	OK	 
USER	ImporterSimulation	84	END	1553764874136	1553764979497
REQUEST	29		request	1553764978640	1553764979873	OK	 
REQUEST	97		request	1553764973206	1553764979873	OK	 
USER	ImporterSimulation	97	END	1553764874150	1553764979873
REQUEST	91		request	1553764961064	1553764979877	OK	 
REQUEST	12		request	1553764972439	1553764979883	OK	 
USER	ImporterSimulation	12	END	1553764874074	1553764979884
REQUEST	24		request	1553764975326	1553764980496	OK	 
REQUEST	51		request	1553764968611	1553764980496	OK	 
REQUEST	93		request	1553764974928	1553764980499	OK	 
REQUEST	37		request	1553764975914	1553764980917	OK	 
REQUEST	46		request	1553764975327	1553764980918	OK	 
REQUEST	1		request	1553764975347	1553764980918	OK	 
USER	ImporterSimulation	1	END	1553764874033	1553764980918
REQUEST	3		request	1553764947594	1553764980929	OK	 
REQUEST	39		request	1553764954692	1553764981311	OK	 
REQUEST	25		request	1553764956175	1553764981312	OK	 
REQUEST	66		request	1553764947233	1553764981731	OK	 
REQUEST	48		request	1553764976272	1553764981731	OK	 
REQUEST	99		request	1553764961824	1553764981733	OK	 
REQUEST	13		request	1553764975898	1553764981736	OK	 
REQUEST	73		request	1553764959900	1553764982184	OK	 
REQUEST	67		request	1553764976762	1553764982185	OK	 
USER	ImporterSimulation	67	END	1553764874117	1553764982185
REQUEST	74		request	1553764947233	1553764982188	OK	 
REQUEST	42		request	1553764976767	1553764982589	OK	 
USER	ImporterSimulation	42	END	1553764874093	1553764982589
REQUEST	53		request	1553764947964	1553764982593	OK	 
REQUEST	8		request	1553764956171	1553764982593	OK	 
REQUEST	2		request	1553764957491	1553764982598	OK	 
REQUEST	98		request	1553764977339	1553764983032	OK	 
REQUEST	91		request	1553764979877	1553764983449	OK	 
REQUEST	60		request	1553764964142	1553764983453	OK	 
REQUEST	23		request	1553764978257	1553764983456	OK	 
REQUEST	46		request	1553764980918	1553764983456	OK	 
REQUEST	49		request	1553764978235	1553764983908	OK	 
USER	ImporterSimulation	49	END	1553764874098	1553764983908
REQUEST	78		request	1553764962596	1553764983911	OK	 
REQUEST	95		request	1553764960669	1553764983912	OK	 
USER	ImporterSimulation	95	END	1553764874147	1553764983912
REQUEST	20		request	1553764968226	1553764984353	OK	 
USER	ImporterSimulation	20	END	1553764874080	1553764984354
REQUEST	90		request	1553764957856	1553764984776	OK	 
REQUEST	98		request	1553764983033	1553764984778	OK	 
USER	ImporterSimulation	98	END	1553764874151	1553764984778
REQUEST	79		request	1553764978642	1553764984779	OK	 
REQUEST	75		request	1553764979022	1553764985199	OK	 
USER	ImporterSimulation	75	END	1553764874126	1553764985200
REQUEST	96		request	1553764964151	1553764985641	OK	 
REQUEST	69		request	1553764962991	1553764985647	OK	 
USER	ImporterSimulation	69	END	1553764874119	1553764985647
REQUEST	54		request	1553764979023	1553764985657	OK	 
REQUEST	14		request	1553764957845	1553764986031	OK	 
REQUEST	52		request	1553764949902	1553764986032	OK	 
REQUEST	5		request	1553764964153	1553764986400	OK	 
REQUEST	31		request	1553764965053	1553764986406	OK	 
REQUEST	24		request	1553764980496	1553764986771	OK	 
USER	ImporterSimulation	24	END	1553764874083	1553764986772
REQUEST	51		request	1553764980497	1553764986772	OK	 
REQUEST	3		request	1553764980929	1553764987123	OK	 
REQUEST	65		request	1553764965057	1553764987125	OK	 
REQUEST	80		request	1553764979484	1553764987126	OK	 
REQUEST	35		request	1553764950291	1553764987534	OK	 
REQUEST	82		request	1553764971610	1553764987897	OK	 
REQUEST	93		request	1553764980500	1553764987918	OK	 
REQUEST	10		request	1553764970582	1553764987919	OK	 
REQUEST	28		request	1553764972441	1553764988519	OK	 
REQUEST	25		request	1553764981312	1553764988519	OK	 
USER	ImporterSimulation	25	END	1553764874083	1553764988520
REQUEST	60		request	1553764983454	1553764988934	OK	 
USER	ImporterSimulation	60	END	1553764874108	1553764988934
REQUEST	74		request	1553764982188	1553764988969	OK	 
REQUEST	91		request	1553764983449	1553764989326	OK	 
USER	ImporterSimulation	91	END	1553764874143	1553764989327
REQUEST	23		request	1553764983456	1553764989332	OK	 
REQUEST	72		request	1553764972441	1553764989756	OK	 
REQUEST	55		request	1553764966759	1553764989775	OK	 
USER	ImporterSimulation	55	END	1553764874104	1553764989776
REQUEST	68		request	1553764965823	1553764989776	OK	 
REQUEST	79		request	1553764984779	1553764990160	OK	 
REQUEST	61		request	1553764973597	1553764990161	OK	 
REQUEST	31		request	1553764986406	1553764990173	OK	 
USER	ImporterSimulation	31	END	1553764874087	1553764990174
REQUEST	28		request	1553764988519	1553764990813	OK	 
REQUEST	21		request	1553764951902	1553764990817	OK	 
REQUEST	51		request	1553764986772	1553764990832	OK	 
USER	ImporterSimulation	51	END	1553764874100	1553764990832
REQUEST	33		request	1553764968997	1553764991218	OK	 
REQUEST	36		request	1553764960677	1553764991227	OK	 
REQUEST	40		request	1553764973196	1553764991648	OK	 
REQUEST	74		request	1553764988970	1553764991649	OK	 
REQUEST	85		request	1553764969781	1553764992005	OK	 
REQUEST	79		request	1553764990160	1553764992007	OK	 
REQUEST	10		request	1553764987919	1553764992415	OK	 
REQUEST	57		request	1553764955408	1553764992817	OK	 
REQUEST	23		request	1553764989332	1553764992818	OK	 
USER	ImporterSimulation	23	END	1553764874082	1553764992819
REQUEST	61		request	1553764990161	1553764992820	OK	 
REQUEST	65		request	1553764987126	1553764992832	OK	 
REQUEST	40		request	1553764991648	1553764993281	OK	 
REQUEST	28		request	1553764990814	1553764993285	OK	 
USER	ImporterSimulation	28	END	1553764874085	1553764993285
REQUEST	83		request	1553764976276	1553764993723	OK	 
REQUEST	6		request	1553764976273	1553764993724	OK	 
REQUEST	100		request	1553764975327	1553764994106	OK	 
USER	ImporterSimulation	100	END	1553764874153	1553764994106
REQUEST	81		request	1553764971171	1553764994109	OK	 
REQUEST	64		request	1553764953482	1553764994110	OK	 
REQUEST	71		request	1553764953487	1553764994569	OK	 
USER	ImporterSimulation	71	END	1553764874121	1553764994570
REQUEST	34		request	1553764976279	1553764995014	OK	 
REQUEST	4		request	1553764979034	1553764995017	OK	 
REQUEST	10		request	1553764992416	1553764995023	OK	 
USER	ImporterSimulation	10	END	1553764874072	1553764995024
REQUEST	92		request	1553764961420	1553764995393	OK	 
USER	ImporterSimulation	92	END	1553764874144	1553764995394
REQUEST	15		request	1553764961838	1553764995394	OK	 
REQUEST	16		request	1553764972801	1553764995795	OK	 
REQUEST	57		request	1553764992818	1553764995804	OK	 
REQUEST	61		request	1553764992820	1553764995812	OK	 
USER	ImporterSimulation	61	END	1553764874109	1553764995812
REQUEST	89		request	1553764974518	1553764996206	OK	 
REQUEST	48		request	1553764981732	1553764996208	OK	 
REQUEST	88		request	1553764979023	1553764996208	OK	 
USER	ImporterSimulation	88	END	1553764874140	1553764996209
REQUEST	4		request	1553764995018	1553764996210	OK	 
USER	ImporterSimulation	4	END	1553764874067	1553764996211
REQUEST	53		request	1553764982593	1553764996673	OK	 
REQUEST	34		request	1553764995014	1553764996675	OK	 
USER	ImporterSimulation	34	END	1553764874089	1553764996675
REQUEST	8		request	1553764982593	1553764997118	OK	 
REQUEST	19		request	1553764974908	1553764997119	OK	 
REQUEST	57		request	1553764995805	1553764997119	OK	 
REQUEST	40		request	1553764993281	1553764997123	OK	 
REQUEST	54		request	1553764985657	1553764997537	OK	 
USER	ImporterSimulation	54	END	1553764874103	1553764997537
REQUEST	36		request	1553764991228	1553764997542	OK	 
REQUEST	21		request	1553764990817	1553764997959	OK	 
REQUEST	53		request	1553764996673	1553764997960	OK	 
REQUEST	63		request	1553764974116	1553764997961	OK	 
REQUEST	5		request	1553764986400	1553764997970	OK	 
REQUEST	47		request	1553764957492	1553764998397	OK	 
REQUEST	17		request	1553764959898	1553764998801	OK	 
REQUEST	27		request	1553764958580	1553764998802	OK	 
REQUEST	93		request	1553764987918	1553764998803	OK	 
USER	ImporterSimulation	93	END	1553764874145	1553764998804
REQUEST	94		request	1553764977356	1553764998809	OK	 
REQUEST	36		request	1553764997542	1553764999327	OK	 
REQUEST	45		request	1553764978228	1553764999328	OK	 
USER	ImporterSimulation	45	END	1553764874095	1553764999328
REQUEST	63		request	1553764997962	1553764999765	OK	 
USER	ImporterSimulation	63	END	1553764874111	1553764999765
REQUEST	86		request	1553764977764	1553764999766	OK	 
USER	ImporterSimulation	86	END	1553764874138	1553764999766
REQUEST	5		request	1553764997970	1553764999769	OK	 
USER	ImporterSimulation	5	END	1553764874067	1553764999770
REQUEST	9		request	1553764975914	1553764999772	OK	 
USER	ImporterSimulation	9	END	1553764874071	1553764999773
REQUEST	29		request	1553764979873	1553765000184	OK	 
REQUEST	77		request	1553764978235	1553765000185	OK	 
REQUEST	17		request	1553764998802	1553765000185	OK	 
USER	ImporterSimulation	77	END	1553764874128	1553765000186
REQUEST	99		request	1553764981734	1553765000648	OK	 
REQUEST	21		request	1553764997959	1553765000652	OK	 
USER	ImporterSimulation	21	END	1553764874080	1553765000653
REQUEST	27		request	1553764998802	1553765000653	OK	 
REQUEST	47		request	1553764998397	1553765000653	OK	 
REQUEST	94		request	1553764998809	1553765001130	OK	 
USER	ImporterSimulation	94	END	1553764874146	1553765001130
REQUEST	73		request	1553764982185	1553765001132	OK	 
REQUEST	44		request	1553764966759	1553765001137	OK	 
REQUEST	2		request	1553764982599	1553765001558	OK	 
REQUEST	56		request	1553764979496	1553765001558	OK	 
REQUEST	43		request	1553764967850	1553765001560	OK	 
USER	ImporterSimulation	43	END	1553764874094	1553765001561
REQUEST	13		request	1553764981737	1553765001573	OK	 
REQUEST	46		request	1553764983456	1553765002005	OK	 
USER	ImporterSimulation	46	END	1553764874095	1553765002005
REQUEST	78		request	1553764983912	1553765002007	OK	 
REQUEST	50		request	1553764968997	1553765002008	OK	 
REQUEST	90		request	1553764984776	1553765002417	OK	 
REQUEST	52		request	1553764986032	1553765002419	OK	 
REQUEST	66		request	1553764981732	1553765002422	OK	 
REQUEST	41		request	1553764966172	1553765002424	OK	 
REQUEST	44		request	1553765001138	1553765002846	OK	 
USER	ImporterSimulation	44	END	1553764874094	1553765002846
REQUEST	27		request	1553765000653	1553765002862	OK	 
REQUEST	96		request	1553764985641	1553765002864	OK	 
REQUEST	99		request	1553765000648	1553765003536	OK	 
REQUEST	80		request	1553764987127	1553765003540	OK	 
USER	ImporterSimulation	80	END	1553764874132	1553765003541
REQUEST	2		request	1553765001558	1553765003542	OK	 
REQUEST	47		request	1553765000654	1553765003564	OK	 
REQUEST	52		request	1553765002420	1553765003990	OK	 
REQUEST	41		request	1553765002424	1553765003993	OK	 
REQUEST	66		request	1553765002422	1553765003996	OK	 
REQUEST	13		request	1553765001573	1553765004417	OK	 
REQUEST	33		request	1553764991218	1553765004417	OK	 
REQUEST	3		request	1553764987123	1553765004420	OK	 
REQUEST	87		request	1553764974111	1553765004424	OK	 
REQUEST	99		request	1553765003536	1553765004839	OK	 
USER	ImporterSimulation	99	END	1553764874152	1553765004839
REQUEST	47		request	1553765003564	1553765004846	OK	 
REQUEST	85		request	1553764992005	1553765004848	OK	 
REQUEST	41		request	1553765003994	1553765005307	OK	 
USER	ImporterSimulation	41	END	1553764874092	1553765005308
REQUEST	2		request	1553765003542	1553765005308	OK	 
REQUEST	79		request	1553764992008	1553765005309	OK	 
USER	ImporterSimulation	2	END	1553764874064	1553765005309
USER	ImporterSimulation	79	END	1553764874131	1553765005309
REQUEST	30		request	1553764970567	1553765005312	OK	 
USER	ImporterSimulation	30	END	1553764874086	1553765005313
REQUEST	33		request	1553765004417	1553765006003	OK	 
USER	ImporterSimulation	33	END	1553764874088	1553765006003
REQUEST	39		request	1553764981311	1553765006025	OK	 
REQUEST	87		request	1553765004424	1553765006026	OK	 
REQUEST	3		request	1553765004420	1553765006455	OK	 
REQUEST	16		request	1553764995795	1553765006457	OK	 
REQUEST	14		request	1553764986031	1553765006457	OK	 
USER	ImporterSimulation	14	END	1553764874075	1553765006458
REQUEST	37		request	1553764980917	1553765006463	OK	 
USER	ImporterSimulation	37	END	1553764874090	1553765006464
REQUEST	35		request	1553764987534	1553765006865	OK	 
REQUEST	48		request	1553764996208	1553765006867	OK	 
REQUEST	89		request	1553764996206	1553765007281	OK	 
REQUEST	82		request	1553764987897	1553765007283	OK	 
REQUEST	15		request	1553764995395	1553765007291	OK	 
USER	ImporterSimulation	15	END	1553764874076	1553765007291
REQUEST	47		request	1553765004846	1553765007306	OK	 
USER	ImporterSimulation	47	END	1553764874096	1553765007307
REQUEST	85		request	1553765004848	1553765007720	OK	 
REQUEST	74		request	1553764991649	1553765007721	OK	 
REQUEST	8		request	1553764997118	1553765007721	OK	 
USER	ImporterSimulation	8	END	1553764874070	1553765007722
REQUEST	65		request	1553764992833	1553765008157	OK	 
REQUEST	6		request	1553764993724	1553765008159	OK	 
REQUEST	83		request	1553764993723	1553765008162	OK	 
REQUEST	19		request	1553764997119	1553765008165	OK	 
REQUEST	87		request	1553765006026	1553765008633	OK	 
REQUEST	40		request	1553764997124	1553765008633	OK	 
REQUEST	48		request	1553765006867	1553765009019	OK	 
REQUEST	74		request	1553765007721	1553765009024	OK	 
REQUEST	53		request	1553764997960	1553765009025	OK	 
USER	ImporterSimulation	53	END	1553764874102	1553765009025
REQUEST	81		request	1553764994110	1553765009034	OK	 
USER	ImporterSimulation	81	END	1553764874132	1553765009034
REQUEST	3		request	1553765006455	1553765009465	OK	 
USER	ImporterSimulation	3	END	1553764874066	1553765009465
REQUEST	65		request	1553765008157	1553765009475	OK	 
REQUEST	36		request	1553764999327	1553765009482	OK	 
USER	ImporterSimulation	36	END	1553764874090	1553765009483
REQUEST	17		request	1553765000186	1553765009953	OK	 
REQUEST	87		request	1553765008635	1553765009953	OK	 
REQUEST	57		request	1553764997119	1553765010359	OK	 
USER	ImporterSimulation	57	END	1553764874105	1553765010360
REQUEST	73		request	1553765001133	1553765010364	OK	 
USER	ImporterSimulation	73	END	1553764874123	1553765010364
REQUEST	78		request	1553765002007	1553765010370	OK	 
REQUEST	96		request	1553765002864	1553765010861	OK	 
REQUEST	72		request	1553764989756	1553765010861	OK	 
USER	ImporterSimulation	96	END	1553764874149	1553765010862
REQUEST	29		request	1553765000185	1553765011269	OK	 
USER	ImporterSimulation	29	END	1553764874086	1553765011270
REQUEST	68		request	1553764989776	1553765011283	OK	 
REQUEST	87		request	1553765009954	1553765011286	OK	 
REQUEST	48		request	1553765009020	1553765011673	OK	 
USER	ImporterSimulation	48	END	1553764874097	1553765011674
REQUEST	66		request	1553765003996	1553765011679	OK	 
USER	ImporterSimulation	66	END	1553764874115	1553765011679
REQUEST	27		request	1553765002863	1553765012134	OK	 
REQUEST	52		request	1553765003991	1553765012143	OK	 
REQUEST	56		request	1553765001558	1553765012149	OK	 
REQUEST	50		request	1553765002008	1553765012581	OK	 
REQUEST	40		request	1553765008633	1553765012581	OK	 
USER	ImporterSimulation	40	END	1553764874092	1553765012582
REQUEST	17		request	1553765009954	1553765012981	OK	 
USER	ImporterSimulation	17	END	1553764874078	1553765012981
REQUEST	39		request	1553765006025	1553765012982	OK	 
USER	ImporterSimulation	39	END	1553764874091	1553765012982
REQUEST	90		request	1553765002417	1553765013003	OK	 
USER	ImporterSimulation	90	END	1553764874142	1553765013004
REQUEST	82		request	1553765007284	1553765013466	OK	 
REQUEST	16		request	1553765006457	1553765013466	OK	 
REQUEST	64		request	1553764994110	1553765013902	OK	 
REQUEST	35		request	1553765006865	1553765013921	OK	 
USER	ImporterSimulation	35	END	1553764874089	1553765013921
REQUEST	56		request	1553765012149	1553765013927	OK	 
USER	ImporterSimulation	56	END	1553764874105	1553765013928
REQUEST	89		request	1553765007281	1553765014363	OK	 
REQUEST	68		request	1553765011283	1553765014367	OK	 
REQUEST	85		request	1553765007720	1553765014367	OK	 
USER	ImporterSimulation	85	END	1553764874137	1553765014367
REQUEST	13		request	1553765004417	1553765014369	OK	 
USER	ImporterSimulation	13	END	1553764874074	1553765014369
REQUEST	16		request	1553765013466	1553765014866	OK	 
USER	ImporterSimulation	16	END	1553764874077	1553765014866
REQUEST	52		request	1553765012143	1553765015270	OK	 
USER	ImporterSimulation	52	END	1553764874101	1553765015271
REQUEST	83		request	1553765008162	1553765015271	OK	 
REQUEST	65		request	1553765009475	1553765015275	OK	 
USER	ImporterSimulation	65	END	1553764874113	1553765015276
REQUEST	6		request	1553765008160	1553765015278	OK	 
REQUEST	64		request	1553765013903	1553765015693	OK	 
REQUEST	74		request	1553765009025	1553765015693	OK	 
USER	ImporterSimulation	74	END	1553764874124	1553765015694
REQUEST	50		request	1553765012581	1553765015696	OK	 
REQUEST	87		request	1553765011286	1553765016139	OK	 
REQUEST	27		request	1553765012135	1553765016139	OK	 
USER	ImporterSimulation	87	END	1553764874139	1553765016140
USER	ImporterSimulation	27	END	1553764874085	1553765016140
REQUEST	19		request	1553765008166	1553765016599	OK	 
USER	ImporterSimulation	19	END	1553764874079	1553765016599
REQUEST	82		request	1553765013466	1553765016602	OK	 
USER	ImporterSimulation	82	END	1553764874133	1553765016603
REQUEST	68		request	1553765014367	1553765016608	OK	 
USER	ImporterSimulation	68	END	1553764874118	1553765016609
REQUEST	78		request	1553765010370	1553765017228	OK	 
REQUEST	6		request	1553765015278	1553765017229	OK	 
USER	ImporterSimulation	78	END	1553764874130	1553765017229
USER	ImporterSimulation	6	END	1553764874068	1553765017230
REQUEST	72		request	1553765010862	1553765017638	OK	 
REQUEST	83		request	1553765015271	1553765017643	OK	 
REQUEST	64		request	1553765015694	1553765017647	OK	 
USER	ImporterSimulation	64	END	1553764874112	1553765017647
REQUEST	50		request	1553765015696	1553765018062	OK	 
USER	ImporterSimulation	50	END	1553764874099	1553765018063
REQUEST	83		request	1553765017644	1553765018068	OK	 
REQUEST	72		request	1553765017638	1553765018068	OK	 
USER	ImporterSimulation	72	END	1553764874122	1553765018068
USER	ImporterSimulation	83	END	1553764874134	1553765018068
REQUEST	89		request	1553765014363	1553765018083	OK	 
REQUEST	89		request	1553765018083	1553765019156	OK	 
USER	ImporterSimulation	89	END	1553764874141	1553765019157
