RUN	ImporterSimulation	importersimulation	1553762688059	 	3.0.3
USER	ImporterSimulation	1	START	1553762688765	1553762688765
USER	ImporterSimulation	2	START	1553762688801	1553762688801
USER	ImporterSimulation	3	START	1553762688802	1553762688802
USER	ImporterSimulation	4	START	1553762688804	1553762688804
USER	ImporterSimulation	5	START	1553762688805	1553762688805
USER	ImporterSimulation	6	START	1553762688806	1553762688806
USER	ImporterSimulation	7	START	1553762688807	1553762688807
USER	ImporterSimulation	8	START	1553762688809	1553762688809
USER	ImporterSimulation	9	START	1553762688810	1553762688810
USER	ImporterSimulation	10	START	1553762688811	1553762688811
USER	ImporterSimulation	11	START	1553762688813	1553762688813
USER	ImporterSimulation	12	START	1553762688814	1553762688814
USER	ImporterSimulation	13	START	1553762688816	1553762688816
USER	ImporterSimulation	14	START	1553762688817	1553762688817
USER	ImporterSimulation	15	START	1553762688818	1553762688818
USER	ImporterSimulation	16	START	1553762688819	1553762688819
USER	ImporterSimulation	17	START	1553762688820	1553762688820
USER	ImporterSimulation	18	START	1553762688821	1553762688821
USER	ImporterSimulation	19	START	1553762688822	1553762688822
USER	ImporterSimulation	20	START	1553762688823	1553762688823
USER	ImporterSimulation	21	START	1553762688824	1553762688824
USER	ImporterSimulation	22	START	1553762688825	1553762688825
USER	ImporterSimulation	23	START	1553762688826	1553762688826
USER	ImporterSimulation	24	START	1553762688827	1553762688827
USER	ImporterSimulation	25	START	1553762688829	1553762688829
USER	ImporterSimulation	26	START	1553762688830	1553762688830
USER	ImporterSimulation	27	START	1553762688832	1553762688832
USER	ImporterSimulation	28	START	1553762688833	1553762688833
USER	ImporterSimulation	29	START	1553762688834	1553762688834
USER	ImporterSimulation	30	START	1553762688835	1553762688835
USER	ImporterSimulation	31	START	1553762688837	1553762688837
USER	ImporterSimulation	32	START	1553762688838	1553762688838
USER	ImporterSimulation	33	START	1553762688840	1553762688840
USER	ImporterSimulation	34	START	1553762688842	1553762688842
USER	ImporterSimulation	35	START	1553762688843	1553762688843
USER	ImporterSimulation	36	START	1553762688845	1553762688845
USER	ImporterSimulation	37	START	1553762688846	1553762688846
USER	ImporterSimulation	38	START	1553762688847	1553762688847
USER	ImporterSimulation	39	START	1553762688848	1553762688848
USER	ImporterSimulation	40	START	1553762688849	1553762688849
USER	ImporterSimulation	41	START	1553762688850	1553762688850
USER	ImporterSimulation	42	START	1553762688852	1553762688852
USER	ImporterSimulation	43	START	1553762688852	1553762688852
USER	ImporterSimulation	44	START	1553762688853	1553762688853
USER	ImporterSimulation	45	START	1553762688855	1553762688855
USER	ImporterSimulation	46	START	1553762688855	1553762688855
USER	ImporterSimulation	47	START	1553762688857	1553762688857
USER	ImporterSimulation	48	START	1553762688858	1553762688858
USER	ImporterSimulation	49	START	1553762688859	1553762688859
USER	ImporterSimulation	50	START	1553762688860	1553762688860
USER	ImporterSimulation	51	START	1553762688861	1553762688861
USER	ImporterSimulation	52	START	1553762688863	1553762688863
USER	ImporterSimulation	53	START	1553762688864	1553762688864
USER	ImporterSimulation	54	START	1553762688865	1553762688865
USER	ImporterSimulation	55	START	1553762688866	1553762688866
USER	ImporterSimulation	56	START	1553762688867	1553762688867
USER	ImporterSimulation	57	START	1553762688868	1553762688868
USER	ImporterSimulation	58	START	1553762688869	1553762688869
USER	ImporterSimulation	59	START	1553762688870	1553762688870
USER	ImporterSimulation	60	START	1553762688872	1553762688872
USER	ImporterSimulation	61	START	1553762688873	1553762688873
USER	ImporterSimulation	62	START	1553762688874	1553762688874
USER	ImporterSimulation	63	START	1553762688876	1553762688876
USER	ImporterSimulation	64	START	1553762688877	1553762688877
USER	ImporterSimulation	65	START	1553762688878	1553762688878
USER	ImporterSimulation	66	START	1553762688879	1553762688879
USER	ImporterSimulation	67	START	1553762688880	1553762688880
USER	ImporterSimulation	68	START	1553762688881	1553762688881
USER	ImporterSimulation	69	START	1553762688882	1553762688882
USER	ImporterSimulation	70	START	1553762688883	1553762688883
USER	ImporterSimulation	71	START	1553762688884	1553762688884
USER	ImporterSimulation	72	START	1553762688885	1553762688885
USER	ImporterSimulation	73	START	1553762688887	1553762688887
USER	ImporterSimulation	74	START	1553762688887	1553762688887
USER	ImporterSimulation	75	START	1553762688889	1553762688889
USER	ImporterSimulation	76	START	1553762688890	1553762688890
USER	ImporterSimulation	77	START	1553762688891	1553762688891
USER	ImporterSimulation	78	START	1553762688892	1553762688892
USER	ImporterSimulation	79	START	1553762688894	1553762688894
USER	ImporterSimulation	80	START	1553762688895	1553762688895
USER	ImporterSimulation	81	START	1553762688896	1553762688896
USER	ImporterSimulation	82	START	1553762688897	1553762688897
USER	ImporterSimulation	83	START	1553762688898	1553762688898
USER	ImporterSimulation	84	START	1553762688899	1553762688899
USER	ImporterSimulation	85	START	1553762688900	1553762688900
USER	ImporterSimulation	86	START	1553762688901	1553762688901
USER	ImporterSimulation	87	START	1553762688903	1553762688903
USER	ImporterSimulation	88	START	1553762688903	1553762688903
USER	ImporterSimulation	89	START	1553762688904	1553762688904
USER	ImporterSimulation	90	START	1553762688905	1553762688905
USER	ImporterSimulation	91	START	1553762688906	1553762688906
USER	ImporterSimulation	92	START	1553762688908	1553762688908
USER	ImporterSimulation	93	START	1553762688909	1553762688909
USER	ImporterSimulation	94	START	1553762688910	1553762688910
USER	ImporterSimulation	95	START	1553762688911	1553762688911
USER	ImporterSimulation	96	START	1553762688912	1553762688912
USER	ImporterSimulation	97	START	1553762688913	1553762688913
USER	ImporterSimulation	98	START	1553762688914	1553762688914
USER	ImporterSimulation	99	START	1553762688915	1553762688915
USER	ImporterSimulation	100	START	1553762688916	1553762688916
REQUEST	3		request-0	1553762688803	1553762689677	OK	 
REQUEST	8		request-0	1553762688810	1553762689680	OK	 
REQUEST	6		request-0	1553762688807	1553762689677	OK	 
REQUEST	2		request-0	1553762688802	1553762689679	OK	 
REQUEST	1		request-0	1553762688799	1553762689709	OK	 
REQUEST	9		request-0	1553762688811	1553762689711	OK	 
REQUEST	24		request-0	1553762688828	1553762689747	OK	 
REQUEST	13		request-0	1553762688816	1553762689752	OK	 
REQUEST	23		request-0	1553762688827	1553762690079	OK	 
REQUEST	12		request-0	1553762688815	1553762690096	OK	 
REQUEST	10		request-0	1553762688812	1553762690105	OK	 
REQUEST	18		request-0	1553762688821	1553762690110	OK	 
REQUEST	15		request-0	1553762688819	1553762690116	OK	 
REQUEST	7		request-0	1553762688808	1553762690128	OK	 
REQUEST	4		request-0	1553762688805	1553762690144	OK	 
REQUEST	5		request-0	1553762688806	1553762690169	OK	 
REQUEST	33		request-0	1553762688841	1553762690451	OK	 
REQUEST	90		request-0	1553762688906	1553762690457	OK	 
REQUEST	45		request-0	1553762688855	1553762690463	OK	 
REQUEST	41		request-0	1553762688851	1553762690479	OK	 
REQUEST	65		request-0	1553762688879	1553762690487	OK	 
REQUEST	46		request-0	1553762688856	1553762690496	OK	 
REQUEST	17		request-0	1553762688821	1553762690514	OK	 
REQUEST	57		request-0	1553762688869	1553762690581	OK	 
REQUEST	88		request-0	1553762688904	1553762690790	OK	 
REQUEST	49		request-0	1553762688860	1553762690805	OK	 
REQUEST	79		request-0	1553762688894	1553762690824	OK	 
REQUEST	53		request-0	1553762688865	1553762690855	OK	 
REQUEST	29		request-0	1553762688835	1553762690855	OK	 
REQUEST	81		request-0	1553762688897	1553762690891	OK	 
REQUEST	95		request-0	1553762688912	1553762690967	OK	 
REQUEST	84		request-0	1553762688900	1553762691042	OK	 
REQUEST	43		request-0	1553762688853	1553762691171	OK	 
REQUEST	20		request-0	1553762688823	1553762691198	OK	 
REQUEST	22		request-0	1553762688825	1553762691234	OK	 
REQUEST	67		request-0	1553762688881	1553762691236	OK	 
REQUEST	21		request-0	1553762688824	1553762691269	OK	 
REQUEST	58		request-0	1553762688870	1553762691290	OK	 
REQUEST	25		request-0	1553762688830	1553762691347	OK	 
REQUEST	45		request-1	1553762690464	1553762691370	OK	 
REQUEST	89		request-0	1553762688905	1553762691557	OK	 
REQUEST	75		request-0	1553762688890	1553762691578	OK	 
REQUEST	42		request-0	1553762688852	1553762691650	OK	 
REQUEST	80		request-0	1553762688896	1553762691675	OK	 
REQUEST	34		request-0	1553762688843	1553762691707	OK	 
REQUEST	82		request-0	1553762688898	1553762691744	OK	 
REQUEST	78		request-0	1553762688893	1553762691774	OK	 
REQUEST	28		request-0	1553762688834	1553762691853	OK	 
REQUEST	94		request-0	1553762688911	1553762691878	OK	 
REQUEST	83		request-0	1553762688899	1553762691928	OK	 
REQUEST	11		request-0	1553762688814	1553762691978	OK	 
REQUEST	46		request-1	1553762690497	1553762691996	OK	 
REQUEST	19		request-0	1553762688822	1553762692057	OK	 
REQUEST	31		request-0	1553762688838	1553762692111	OK	 
REQUEST	16		request-0	1553762688820	1553762692153	OK	 
REQUEST	52		request-0	1553762688864	1553762692205	OK	 
REQUEST	27		request-0	1553762688833	1553762692246	OK	 
REQUEST	91		request-0	1553762688907	1553762692296	OK	 
REQUEST	30		request-0	1553762688836	1553762692372	OK	 
REQUEST	36		request-0	1553762688845	1553762692399	OK	 
REQUEST	51		request-0	1553762688862	1553762692445	OK	 
REQUEST	56		request-0	1553762688868	1553762692496	OK	 
REQUEST	98		request-0	1553762688915	1553762692536	OK	 
REQUEST	47		request-0	1553762688858	1553762692556	OK	 
REQUEST	32		request-0	1553762688839	1553762692651	OK	 
REQUEST	44		request-0	1553762688854	1553762692741	OK	 
REQUEST	54		request-0	1553762688866	1553762692821	OK	 
REQUEST	86		request-0	1553762688902	1553762692822	OK	 
REQUEST	14		request-0	1553762688818	1553762692844	OK	 
REQUEST	69		request-0	1553762688883	1553762692887	OK	 
REQUEST	74		request-0	1553762688889	1553762692948	OK	 
REQUEST	100		request-0	1553762688917	1553762693012	OK	 
REQUEST	87		request-0	1553762688903	1553762693077	OK	 
REQUEST	26		request-0	1553762688831	1553762693108	OK	 
REQUEST	37		request-0	1553762688847	1553762693136	OK	 
REQUEST	6		request-1	1553762689701	1553762693197	OK	 
REQUEST	64		request-0	1553762688878	1553762693243	OK	 
REQUEST	50		request-0	1553762688861	1553762693290	OK	 
REQUEST	60		request-0	1553762688872	1553762693311	OK	 
REQUEST	38		request-0	1553762688848	1553762693381	OK	 
REQUEST	66		request-0	1553762688880	1553762693441	OK	 
REQUEST	62		request-0	1553762688875	1553762693461	OK	 
REQUEST	39		request-0	1553762688849	1553762693532	OK	 
REQUEST	55		request-0	1553762688867	1553762693556	OK	 
REQUEST	59		request-0	1553762688871	1553762693606	OK	 
REQUEST	35		request-0	1553762688844	1553762693645	OK	 
REQUEST	40		request-0	1553762688850	1553762693720	OK	 
REQUEST	97		request-0	1553762688914	1553762693775	OK	 
REQUEST	10		request-1	1553762690106	1553762693821	OK	 
REQUEST	18		request-1	1553762690111	1553762693848	OK	 
REQUEST	76		request-0	1553762688891	1553762693885	OK	 
REQUEST	81		request-1	1553762690892	1553762693913	OK	 
REQUEST	48		request-0	1553762688859	1553762693963	OK	 
REQUEST	61		request-0	1553762688874	1553762694035	OK	 
REQUEST	8		request-1	1553762689701	1553762694130	OK	 
REQUEST	70		request-0	1553762688884	1553762694140	OK	 
REQUEST	84		request-1	1553762691043	1553762694173	OK	 
REQUEST	24		request-1	1553762689748	1553762694196	OK	 
REQUEST	13		request-1	1553762689753	1553762694239	OK	 
REQUEST	1		request-1	1553762689710	1553762694262	OK	 
REQUEST	15		request-1	1553762690117	1553762694355	OK	 
REQUEST	77		request-0	1553762688892	1553762694446	OK	 
REQUEST	96		request-0	1553762688913	1553762694486	OK	 
REQUEST	93		request-0	1553762688910	1553762694526	OK	 
REQUEST	33		request-1	1553762690452	1553762694569	OK	 
REQUEST	73		request-0	1553762688887	1553762694615	OK	 
REQUEST	75		request-1	1553762691579	1553762694713	OK	 
REQUEST	3		request-1	1553762689701	1553762694786	OK	 
REQUEST	68		request-0	1553762688882	1553762694827	OK	 
REQUEST	23		request-1	1553762690080	1553762694849	OK	 
REQUEST	99		request-0	1553762688916	1553762694849	OK	 
REQUEST	85		request-0	1553762688901	1553762694885	OK	 
REQUEST	92		request-0	1553762688909	1553762694923	OK	 
REQUEST	94		request-1	1553762691879	1553762694946	OK	 
REQUEST	43		request-1	1553762691172	1553762695117	OK	 
REQUEST	4		request-1	1553762690145	1553762695129	OK	 
REQUEST	11		request-1	1553762691979	1553762695190	OK	 
REQUEST	72		request-0	1553762688886	1553762695217	OK	 
REQUEST	63		request-0	1553762688876	1553762695230	OK	 
REQUEST	71		request-0	1553762688885	1553762695294	OK	 
REQUEST	86		request-1	1553762692823	1553762695326	OK	 
REQUEST	25		request-1	1553762691347	1553762695423	OK	 
REQUEST	57		request-1	1553762690581	1553762695495	OK	 
REQUEST	29		request-1	1553762690856	1553762695525	OK	 
REQUEST	34		request-1	1553762691708	1553762695592	OK	 
REQUEST	20		request-1	1553762691199	1553762695637	OK	 
REQUEST	9		request-1	1553762689712	1553762695674	OK	 
REQUEST	49		request-1	1553762690806	1553762695702	OK	 
REQUEST	46		request-2	1553762691997	1553762695776	OK	 
REQUEST	52		request-1	1553762692206	1553762695860	OK	 
REQUEST	12		request-1	1553762690097	1553762695927	OK	 
REQUEST	5		request-1	1553762690170	1553762695962	OK	 
REQUEST	7		request-1	1553762690129	1553762695986	OK	 
REQUEST	19		request-1	1553762692058	1553762696016	OK	 
REQUEST	26		request-1	1553762693109	1553762696059	OK	 
REQUEST	69		request-1	1553762692888	1553762696118	OK	 
REQUEST	79		request-1	1553762690825	1553762696193	OK	 
REQUEST	16		request-1	1553762692154	1553762696267	OK	 
REQUEST	27		request-1	1553762692247	1553762696327	OK	 
REQUEST	45		request-2	1553762691371	1553762696384	OK	 
REQUEST	88		request-1	1553762690791	1553762696413	OK	 
REQUEST	42		request-1	1553762691651	1553762696426	OK	 
REQUEST	74		request-1	1553762692949	1553762696461	OK	 
REQUEST	100		request-1	1553762693013	1553762696513	OK	 
REQUEST	90		request-1	1553762690458	1553762696607	OK	 
REQUEST	41		request-1	1553762690480	1553762696648	OK	 
REQUEST	37		request-1	1553762693137	1553762696683	OK	 
REQUEST	87		request-1	1553762693078	1553762696735	OK	 
REQUEST	64		request-1	1553762693244	1553762696739	OK	 
REQUEST	2		request-1	1553762689701	1553762696759	OK	 
REQUEST	6		request-2	1553762693198	1553762696838	OK	 
REQUEST	83		request-1	1553762691929	1553762696939	OK	 
REQUEST	58		request-1	1553762691291	1553762697019	OK	 
REQUEST	97		request-1	1553762693775	1553762697056	OK	 
REQUEST	28		request-1	1553762691854	1553762697083	OK	 
REQUEST	65		request-1	1553762690488	1553762697089	OK	 
REQUEST	50		request-1	1553762693290	1553762697124	OK	 
REQUEST	60		request-1	1553762693312	1553762697154	OK	 
REQUEST	62		request-1	1553762693461	1553762697232	OK	 
REQUEST	99		request-1	1553762694850	1553762697295	OK	 
REQUEST	17		request-1	1553762690515	1553762697382	OK	 
REQUEST	44		request-1	1553762692742	1553762697401	OK	 
REQUEST	82		request-1	1553762691744	1553762697456	OK	 
REQUEST	43		request-2	1553762695117	1553762697503	OK	 
REQUEST	56		request-1	1553762692496	1553762697506	OK	 
REQUEST	88		request-2	1553762696414	1553762697557	OK	 
REQUEST	91		request-1	1553762692297	1553762697650	OK	 
REQUEST	53		request-1	1553762690856	1553762697714	OK	 
REQUEST	63		request-1	1553762695230	1553762697739	OK	 
REQUEST	51		request-1	1553762692446	1553762697765	OK	 
REQUEST	18		request-2	1553762693849	1553762697791	OK	 
REQUEST	11		request-2	1553762695191	1553762697829	OK	 
REQUEST	59		request-1	1553762693606	1553762697907	OK	 
REQUEST	35		request-1	1553762693646	1553762698031	OK	 
REQUEST	10		request-2	1553762693822	1553762698083	OK	 
REQUEST	40		request-1	1553762693721	1553762698099	OK	 
REQUEST	30		request-1	1553762692373	1553762698143	OK	 
REQUEST	81		request-2	1553762693914	1553762698157	OK	 
REQUEST	76		request-1	1553762693886	1553762698166	OK	 
REQUEST	22		request-1	1553762691235	1553762698220	OK	 
REQUEST	54		request-1	1553762692822	1553762698382	OK	 
REQUEST	66		request-1	1553762693441	1553762698428	OK	 
REQUEST	14		request-1	1553762692845	1553762698450	OK	 
REQUEST	36		request-1	1553762692400	1553762698466	OK	 
REQUEST	55		request-1	1553762693557	1553762698476	OK	 
REQUEST	70		request-1	1553762694141	1553762698505	OK	 
REQUEST	32		request-1	1553762692652	1553762698519	OK	 
REQUEST	97		request-2	1553762697057	1553762698711	OK	 
REQUEST	39		request-1	1553762693533	1553762698739	OK	 
REQUEST	21		request-1	1553762691270	1553762698757	OK	 
REQUEST	98		request-1	1553762692536	1553762698773	OK	 
REQUEST	8		request-2	1553762694130	1553762698779	OK	 
REQUEST	67		request-1	1553762691236	1553762698807	OK	 
REQUEST	20		request-2	1553762695638	1553762698833	OK	 
REQUEST	48		request-1	1553762693964	1553762698968	OK	 
REQUEST	4		request-2	1553762695129	1553762699081	OK	 
REQUEST	17		request-2	1553762697383	1553762699161	OK	 
REQUEST	80		request-1	1553762691676	1553762699162	OK	 
REQUEST	78		request-1	1553762691775	1553762699188	OK	 
REQUEST	31		request-1	1553762692112	1553762699199	OK	 
REQUEST	82		request-2	1553762697457	1553762699245	OK	 
REQUEST	88		request-3	1553762697558	1553762699290	OK	 
REQUEST	95		request-1	1553762690968	1553762699307	OK	 
REQUEST	73		request-1	1553762694616	1553762699456	OK	 
REQUEST	25		request-2	1553762695424	1553762699468	OK	 
REQUEST	12		request-2	1553762695927	1553762699536	OK	 
REQUEST	24		request-2	1553762694197	1553762699557	OK	 
REQUEST	86		request-2	1553762695327	1553762699607	OK	 
REQUEST	47		request-1	1553762692556	1553762699636	OK	 
REQUEST	93		request-1	1553762694526	1553762699661	OK	 
REQUEST	84		request-2	1553762694174	1553762699723	OK	 
REQUEST	92		request-1	1553762694924	1553762699772	OK	 
REQUEST	89		request-1	1553762691557	1553762699791	OK	 
REQUEST	45		request-3	1553762696384	1553762699928	OK	 
REQUEST	69		request-2	1553762696119	1553762699948	OK	 
REQUEST	29		request-2	1553762695526	1553762699975	OK	 
REQUEST	15		request-2	1553762694355	1553762700015	OK	 
REQUEST	42		request-2	1553762696427	1553762700029	OK	 
REQUEST	94		request-2	1553762694947	1553762700102	OK	 
REQUEST	26		request-2	1553762696060	1553762700104	OK	 
REQUEST	23		request-2	1553762694850	1553762700159	OK	 
REQUEST	68		request-1	1553762694828	1553762700343	OK	 
REQUEST	33		request-2	1553762694570	1553762700394	OK	 
REQUEST	99		request-2	1553762697295	1553762700435	OK	 
REQUEST	87		request-2	1553762696736	1553762700455	OK	 
REQUEST	75		request-2	1553762694714	1553762700480	OK	 
REQUEST	62		request-2	1553762697233	1553762700484	OK	 
REQUEST	46		request-3	1553762695777	1553762700509	OK	 
REQUEST	77		request-1	1553762694446	1553762700556	OK	 
REQUEST	18		request-3	1553762697792	1553762700773	OK	 
REQUEST	2		request-2	1553762696760	1553762700824	OK	 
REQUEST	9		request-2	1553762695675	1553762700825	OK	 
REQUEST	64		request-2	1553762696740	1553762700827	OK	 
REQUEST	60		request-2	1553762697155	1553762700842	OK	 
REQUEST	85		request-1	1553762694886	1553762700861	OK	 
REQUEST	96		request-1	1553762694487	1553762700893	OK	 
REQUEST	52		request-2	1553762695861	1553762701016	OK	 
REQUEST	61		request-1	1553762694036	1553762701159	OK	 
REQUEST	14		request-2	1553762698451	1553762701213	OK	 
REQUEST	38		request-1	1553762693382	1553762701214	OK	 
REQUEST	19		request-2	1553762696017	1553762701242	OK	 
REQUEST	72		request-1	1553762695217	1553762701280	OK	 
REQUEST	56		request-2	1553762697506	1553762701338	OK	 
REQUEST	13		request-2	1553762694240	1553762701400	OK	 
REQUEST	57		request-2	1553762695496	1553762701417	OK	 
REQUEST	34		request-2	1553762695592	1553762701544	OK	 
REQUEST	1		request-2	1553762694262	1553762701592	OK	 
REQUEST	65		request-2	1553762697090	1553762701625	OK	 
REQUEST	27		request-2	1553762696328	1553762701676	OK	 
REQUEST	95		request-2	1553762699308	1553762701690	OK	 
REQUEST	70		request-2	1553762698505	1553762701755	OK	 
REQUEST	3		request-2	1553762694787	1553762701778	OK	 
REQUEST	8		request-3	1553762698780	1553762701893	OK	 
REQUEST	71		request-1	1553762695295	1553762701929	OK	 
REQUEST	16		request-2	1553762696267	1553762701979	OK	 
REQUEST	21		request-2	1553762698758	1553762702000	OK	 
REQUEST	53		request-2	1553762697715	1553762702025	OK	 
REQUEST	11		request-3	1553762697830	1553762702050	OK	 
REQUEST	67		request-2	1553762698808	1553762702099	OK	 
REQUEST	82		request-3	1553762699246	1553762702262	OK	 
REQUEST	37		request-2	1553762696683	1553762702338	OK	 
REQUEST	20		request-3	1553762698833	1553762702354	OK	 
REQUEST	79		request-2	1553762696194	1553762702367	OK	 
REQUEST	58		request-2	1553762697020	1553762702374	OK	 
REQUEST	41		request-2	1553762696649	1553762702408	OK	 
REQUEST	49		request-2	1553762695704	1553762702428	OK	 
REQUEST	21		request-3	1553762702001	1553762702484	OK	 
REQUEST	6		request-3	1553762696839	1553762702669	OK	 
REQUEST	12		request-3	1553762699537	1553762702727	OK	 
REQUEST	30		request-2	1553762698143	1553762702744	OK	 
REQUEST	69		request-3	1553762699949	1553762702779	OK	 
REQUEST	81		request-3	1553762698157	1553762702800	OK	 
REQUEST	7		request-2	1553762695987	1553762702806	OK	 
REQUEST	83		request-2	1553762696939	1553762702867	OK	 
REQUEST	55		request-2	1553762698477	1553762702890	OK	 
REQUEST	29		request-3	1553762699976	1553762702954	OK	 
REQUEST	74		request-2	1553762696462	1553762703097	OK	 
REQUEST	100		request-2	1553762696514	1553762703140	OK	 
REQUEST	99		request-3	1553762700435	1553762703172	OK	 
REQUEST	24		request-3	1553762699558	1553762703181	OK	 
REQUEST	39		request-2	1553762698739	1553762703195	OK	 
REQUEST	50		request-2	1553762697125	1553762703222	OK	 
REQUEST	43		request-3	1553762697503	1553762703239	OK	 
REQUEST	5		request-2	1553762695963	1553762703384	OK	 
REQUEST	27		request-3	1553762701677	1553762703509	OK	 
REQUEST	31		request-2	1553762699200	1553762703527	OK	 
REQUEST	66		request-2	1553762698428	1553762703557	OK	 
REQUEST	21		request-4	1553762702484	1553762703570	OK	 
REQUEST	42		request-3	1553762700030	1553762703572	OK	 
REQUEST	35		request-2	1553762698031	1553762703685	OK	 
REQUEST	10		request-3	1553762698084	1553762703747	OK	 
REQUEST	53		request-3	1553762702025	1553762703786	OK	 
REQUEST	25		request-3	1553762699468	1553762703875	OK	 
REQUEST	15		request-3	1553762700016	1553762703927	OK	 
REQUEST	16		request-3	1553762701980	1553762703944	OK	 
REQUEST	82		request-4	1553762702262	1553762704021	OK	 
REQUEST	4		request-3	1553762699081	1553762704049	OK	 
REQUEST	67		request-3	1553762702100	1553762704104	OK	 
REQUEST	90		request-2	1553762696608	1553762704181	OK	 
REQUEST	32		request-2	1553762698520	1553762704275	OK	 
REQUEST	60		request-3	1553762700842	1553762704290	OK	 
REQUEST	6		request-4	1553762702670	1553762704334	OK	 
REQUEST	87		request-3	1553762700456	1553762704348	OK	 
REQUEST	45		request-4	1553762699928	1553762704415	OK	 
REQUEST	33		request-3	1553762700394	1553762704472	OK	 
REQUEST	31		request-3	1553762703528	1553762704646	OK	 
REQUEST	98		request-2	1553762698774	1553762704708	OK	 
REQUEST	15		request-4	1553762703927	1553762704753	OK	 
REQUEST	47		request-2	1553762699636	1553762704806	OK	 
REQUEST	76		request-2	1553762698167	1553762704806	OK	 
REQUEST	59		request-2	1553762697907	1553762704840	OK	 
REQUEST	75		request-3	1553762700481	1553762704866	OK	 
REQUEST	16		request-4	1553762703945	1553762705013	OK	 
REQUEST	55		request-3	1553762702891	1553762705083	OK	 
REQUEST	54		request-2	1553762698383	1553762705133	OK	 
REQUEST	94		request-3	1553762700103	1553762705133	OK	 
REQUEST	100		request-3	1553762703140	1553762705144	OK	 
REQUEST	63		request-2	1553762697740	1553762705194	OK	 
REQUEST	36		request-2	1553762698467	1553762705207	OK	 
REQUEST	40		request-2	1553762698100	1553762705274	OK	 
REQUEST	24		request-4	1553762703182	1553762705430	OK	 
REQUEST	48		request-2	1553762698968	1553762705451	OK	 
REQUEST	28		request-2	1553762697083	1553762705482	OK	 
REQUEST	11		request-4	1553762702051	1553762705522	OK	 
REQUEST	93		request-2	1553762699662	1553762705522	OK	 
REQUEST	95		request-3	1553762701691	1553762705552	OK	 
REQUEST	92		request-2	1553762699772	1553762705605	OK	 
REQUEST	8		request-4	1553762701893	1553762705703	OK	 
REQUEST	26		request-3	1553762700105	1553762705796	OK	 
REQUEST	71		request-2	1553762701930	1553762705839	OK	 
REQUEST	31		request-4	1553762704647	1553762705843	OK	 
REQUEST	29		request-4	1553762702955	1553762705868	OK	 
REQUEST	15		request-5	1553762704753	1553762705942	OK	 
REQUEST	70		request-3	1553762701756	1553762705978	OK	 
REQUEST	37		request-3	1553762702339	1553762706002	OK	 
REQUEST	53		request-4	1553762703787	1553762706096	OK	 
REQUEST	30		request-3	1553762702744	1553762706166	OK	 
REQUEST	69		request-4	1553762702780	1553762706211	OK	 
REQUEST	73		request-2	1553762699456	1553762706487	OK	 
REQUEST	26		request-4	1553762705797	1553762706547	OK	 
REQUEST	13		request-3	1553762701401	1553762706610	OK	 
REQUEST	88		request-4	1553762699291	1553762706641	OK	 
REQUEST	48		request-3	1553762705452	1553762706701	OK	 
REQUEST	20		request-4	1553762702355	1553762706768	OK	 
REQUEST	61		request-2	1553762701159	1553762706802	OK	 
REQUEST	39		request-3	1553762703196	1553762706842	OK	 
REQUEST	14		request-3	1553762701214	1553762706929	OK	 
REQUEST	41		request-3	1553762702409	1553762707021	OK	 
REQUEST	62		request-3	1553762700485	1553762707051	OK	 
REQUEST	49		request-3	1553762702429	1553762707071	OK	 
REQUEST	79		request-3	1553762702367	1553762707106	OK	 
REQUEST	48		request-4	1553762706701	1553762707107	OK	 
REQUEST	46		request-4	1553762700510	1553762707167	OK	 
REQUEST	50		request-3	1553762703222	1553762707203	OK	 
REQUEST	8		request-5	1553762705703	1553762707227	OK	 
REQUEST	74		request-3	1553762703098	1553762707400	OK	 
REQUEST	4		request-4	1553762704049	1553762707455	OK	 
REQUEST	42		request-4	1553762703572	1553762707524	OK	 
REQUEST	66		request-3	1553762703558	1553762707525	OK	 
REQUEST	67		request-4	1553762704105	1553762707560	OK	 
REQUEST	15		request-6	1553762705942	1553762707563	OK	 
REQUEST	70		request-4	1553762705978	1553762707578	OK	 
REQUEST	21		request-5	1553762703571	1553762707622	OK	 
REQUEST	6		request-5	1553762704334	1553762707823	OK	 
REQUEST	54		request-3	1553762705133	1553762707879	OK	 
REQUEST	100		request-4	1553762705144	1553762707894	OK	 
REQUEST	60		request-4	1553762704290	1553762707914	OK	 
REQUEST	18		request-4	1553762700774	1553762707913	OK	 
REQUEST	35		request-3	1553762703686	1553762707918	OK	 
REQUEST	86		request-3	1553762699608	1553762707970	OK	 
REQUEST	9		request-3	1553762700825	1553762708047	OK	 
REQUEST	87		request-4	1553762704349	1553762708183	OK	 
REQUEST	53		request-5	1553762706096	1553762708203	OK	 
REQUEST	99		request-4	1553762703173	1553762708217	OK	 
REQUEST	84		request-3	1553762699723	1553762708246	OK	 
REQUEST	98		request-3	1553762704709	1553762708299	OK	 
REQUEST	5		request-3	1553762703385	1553762708389	OK	 
REQUEST	75		request-4	1553762704867	1553762708418	OK	 
REQUEST	63		request-3	1553762705194	1553762708476	OK	 
REQUEST	55		request-4	1553762705083	1553762708506	OK	 
REQUEST	71		request-3	1553762705840	1553762708535	OK	 
REQUEST	10		request-4	1553762703748	1553762708558	OK	 
REQUEST	85		request-2	1553762700861	1553762708664	OK	 
REQUEST	15		request-7	1553762707563	1553762708754	OK	 
REQUEST	70		request-5	1553762707579	1553762708786	OK	 
REQUEST	25		request-4	1553762703875	1553762708788	OK	 
REQUEST	31		request-5	1553762705844	1553762708821	OK	 
REQUEST	94		request-4	1553762705133	1553762708823	OK	 
REQUEST	2		request-3	1553762700824	1553762708865	OK	 
REQUEST	9		request-4	1553762708047	1553762708891	OK	 
REQUEST	33		request-4	1553762704473	1553762709122	OK	 
REQUEST	40		request-3	1553762705275	1553762709180	OK	 
REQUEST	90		request-3	1553762704181	1553762709191	OK	 
REQUEST	76		request-3	1553762704806	1553762709202	OK	 
REQUEST	38		request-2	1553762701214	1553762709214	OK	 
REQUEST	89		request-2	1553762699791	1553762709229	OK	 
REQUEST	32		request-3	1553762704276	1553762709240	OK	 
REQUEST	26		request-5	1553762706548	1553762709294	OK	 
REQUEST	24		request-5	1553762705430	1553762709605	OK	 
REQUEST	56		request-3	1553762701338	1553762709616	OK	 
REQUEST	44		request-2	1553762697402	1553762709645	OK	 
REQUEST	51		request-2	1553762697765	1553762709649	OK	 
REQUEST	91		request-2	1553762697651	1553762709661	OK	 
REQUEST	2		request-4	1553762708865	1553762709685	OK	 
REQUEST	79		request-4	1553762707107	1553762709733	OK	 
REQUEST	50		request-4	1553762707203	1553762709826	OK	 
REQUEST	93		request-3	1553762705523	1553762709998	OK	 
REQUEST	67		request-5	1553762707560	1553762710023	OK	 
REQUEST	49		request-4	1553762707072	1553762710038	OK	 
REQUEST	20		request-5	1553762706769	1553762710056	OK	 
REQUEST	59		request-3	1553762704841	1553762710074	OK	 
REQUEST	53		request-6	1553762708204	1553762710112	OK	 
REQUEST	73		request-3	1553762706488	1553762710210	OK	 
REQUEST	22		request-2	1553762698221	1553762710284	OK	 
REQUEST	3		request-3	1553762701779	1553762710344	OK	 
REQUEST	60		request-5	1553762707914	1553762710401	OK	 
REQUEST	46		request-5	1553762707168	1553762710462	OK	 
REQUEST	65		request-3	1553762701626	1553762710474	OK	 
REQUEST	28		request-3	1553762705482	1553762710501	OK	 
REQUEST	85		request-3	1553762708665	1553762710543	OK	 
REQUEST	37		request-4	1553762706003	1553762710604	OK	 
REQUEST	30		request-4	1553762706166	1553762710677	OK	 
REQUEST	11		request-5	1553762705523	1553762710743	OK	 
REQUEST	98		request-4	1553762708300	1553762710756	OK	 
REQUEST	97		request-3	1553762698712	1553762710803	OK	 
REQUEST	6		request-6	1553762707824	1553762710822	OK	 
REQUEST	70		request-6	1553762708787	1553762710922	OK	 
REQUEST	23		request-3	1553762700159	1553762711023	OK	 
REQUEST	87		request-5	1553762708184	1553762711108	OK	 
REQUEST	62		request-4	1553762707051	1553762711129	OK	 
REQUEST	68		request-2	1553762700343	1553762711159	OK	 
REQUEST	9		request-5	1553762708891	1553762711215	OK	 
REQUEST	5		request-4	1553762708390	1553762711269	OK	 
REQUEST	94		request-5	1553762708823	1553762711290	OK	 
REQUEST	61		request-3	1553762706802	1553762711344	OK	 
REQUEST	99		request-5	1553762708217	1553762711416	OK	 
REQUEST	12		request-4	1553762702727	1553762711474	OK	 
REQUEST	55		request-5	1553762708507	1553762711516	OK	 
REQUEST	14		request-4	1553762706929	1553762711538	OK	 
REQUEST	80		request-2	1553762699163	1553762711557	OK	 
REQUEST	18		request-5	1553762707914	1553762711599	OK	 
REQUEST	41		request-4	1553762707021	1553762711662	OK	 
REQUEST	81		request-4	1553762702801	1553762711726	OK	 
REQUEST	69		request-5	1553762706212	1553762711776	OK	 
REQUEST	35		request-4	1553762707919	1553762711801	OK	 
REQUEST	15		request-8	1553762708755	1553762711849	OK	 
REQUEST	39		request-4	1553762706842	1553762711900	OK	 
REQUEST	90		request-4	1553762709191	1553762711934	OK	 
REQUEST	48		request-5	1553762707107	1553762711970	OK	 
REQUEST	83		request-3	1553762702868	1553762712061	OK	 
REQUEST	52		request-3	1553762701017	1553762712099	OK	 
REQUEST	88		request-5	1553762706641	1553762712148	OK	 
REQUEST	25		request-5	1553762708788	1553762712190	OK	 
REQUEST	89		request-3	1553762709230	1553762712234	OK	 
REQUEST	7		request-3	1553762702806	1553762712246	OK	 
REQUEST	17		request-3	1553762699162	1553762712318	OK	 
REQUEST	63		request-4	1553762708476	1553762712374	OK	 
REQUEST	78		request-2	1553762699189	1553762712447	OK	 
REQUEST	24		request-6	1553762709605	1553762712489	OK	 
REQUEST	64		request-3	1553762700827	1553762712809	OK	 
REQUEST	19		request-3	1553762701243	1553762712815	OK	 
REQUEST	96		request-2	1553762700893	1553762712836	OK	 
REQUEST	13		request-4	1553762706611	1553762712880	OK	 
REQUEST	67		request-6	1553762710024	1553762712936	OK	 
REQUEST	72		request-2	1553762701280	1553762712994	OK	 
REQUEST	90		request-5	1553762711934	1553762713096	OK	 
REQUEST	79		request-5	1553762709733	1553762713120	OK	 
REQUEST	34		request-3	1553762701545	1553762713163	OK	 
REQUEST	9		request-6	1553762711216	1553762713187	OK	 
REQUEST	5		request-5	1553762711270	1553762713236	OK	 
REQUEST	74		request-4	1553762707401	1553762713308	OK	 
REQUEST	66		request-4	1553762707526	1553762713343	OK	 
REQUEST	21		request-6	1553762707623	1553762713471	OK	 
REQUEST	51		request-3	1553762709649	1553762713522	OK	 
REQUEST	60		request-6	1553762710402	1553762713552	OK	 
REQUEST	77		request-2	1553762700556	1553762713571	OK	 
REQUEST	23		request-4	1553762711024	1553762713595	OK	 
REQUEST	27		request-4	1553762703510	1553762713655	OK	 
REQUEST	52		request-4	1553762712100	1553762713691	OK	 
REQUEST	58		request-3	1553762702375	1553762713755	OK	 
REQUEST	84		request-4	1553762708247	1553762713863	OK	 
REQUEST	38		request-3	1553762709215	1553762713916	OK	 
REQUEST	43		request-4	1553762703240	1553762713930	OK	 
REQUEST	40		request-4	1553762709181	1553762713971	OK	 
REQUEST	28		request-4	1553762710501	1553762713974	OK	 
REQUEST	71		request-4	1553762708536	1553762713988	OK	 
REQUEST	3		request-4	1553762710345	1553762714063	OK	 
REQUEST	57		request-3	1553762701418	1553762714181	OK	 
REQUEST	49		request-5	1553762710039	1553762714227	OK	 
REQUEST	70		request-7	1553762710922	1553762714232	OK	 
REQUEST	86		request-4	1553762707971	1553762714251	OK	 
REQUEST	33		request-5	1553762709123	1553762714288	OK	 
REQUEST	25		request-6	1553762712191	1553762714316	OK	 
REQUEST	30		request-5	1553762710678	1553762714409	OK	 
REQUEST	82		request-5	1553762704021	1553762714438	OK	 
REQUEST	37		request-5	1553762710604	1553762714500	OK	 
REQUEST	68		request-3	1553762711159	1553762714547	OK	 
REQUEST	73		request-4	1553762710211	1553762714571	OK	 
REQUEST	11		request-6	1553762710743	1553762714640	OK	 
REQUEST	44		request-3	1553762709646	1553762714683	OK	 
REQUEST	1		request-3	1553762701593	1553762714741	OK	 
REQUEST	97		request-4	1553762710804	1553762714759	OK	 
REQUEST	16		request-5	1553762705013	1553762714830	OK	 
REQUEST	47		request-3	1553762704807	1553762714835	OK	 
REQUEST	45		request-5	1553762704416	1553762714906	OK	 
REQUEST	99		request-6	1553762711417	1553762714966	OK	 
REQUEST	4		request-5	1553762707455	1553762715015	OK	 
REQUEST	29		request-5	1553762705868	1553762715055	OK	 
REQUEST	69		request-6	1553762711776	1553762715108	OK	 
REQUEST	34		request-4	1553762713164	1553762715150	OK	 
REQUEST	36		request-3	1553762705208	1553762715156	OK	 
REQUEST	95		request-4	1553762705552	1553762715426	OK	 
REQUEST	42		request-5	1553762707525	1553762715502	OK	 
REQUEST	5		request-6	1553762713236	1553762715568	OK	 
REQUEST	46		request-6	1553762710463	1553762715669	OK	 
REQUEST	73		request-5	1553762714572	1553762715758	OK	 
REQUEST	90		request-6	1553762713097	1553762715782	OK	 
REQUEST	51		request-4	1553762713523	1553762715885	OK	 
REQUEST	92		request-3	1553762705606	1553762715886	OK	 
REQUEST	10		request-5	1553762708559	1553762715916	OK	 
REQUEST	40		request-5	1553762713971	1553762715934	OK	 
REQUEST	72		request-3	1553762712995	1553762715966	OK	 
REQUEST	30		request-6	1553762714410	1553762716089	OK	 
REQUEST	70		request-8	1553762714232	1553762716125	OK	 
REQUEST	26		request-6	1553762709295	1553762716146	OK	 
REQUEST	8		request-6	1553762707228	1553762716238	OK	 
REQUEST	61		request-4	1553762711344	1553762716251	OK	 
REQUEST	91		request-3	1553762709661	1553762716299	OK	 
REQUEST	75		request-5	1553762708419	1553762716312	OK	 
REQUEST	25		request-7	1553762714317	1553762716391	OK	 
REQUEST	83		request-4	1553762712061	1553762716469	OK	 
REQUEST	22		request-3	1553762710285	1553762716508	OK	 
REQUEST	14		request-5	1553762711539	1553762716570	OK	 
REQUEST	55		request-6	1553762711516	1553762716590	OK	 
REQUEST	4		request-6	1553762715016	1553762716624	OK	 
REQUEST	41		request-5	1553762711663	1553762716651	OK	 
REQUEST	48		request-6	1553762711971	1553762716712	OK	 
REQUEST	9		request-7	1553762713187	1553762716772	OK	 
REQUEST	67		request-7	1553762712937	1553762716826	OK	 
REQUEST	24		request-7	1553762712490	1553762716894	OK	 
REQUEST	5		request-7	1553762715569	1553762716950	OK	 
REQUEST	70		request-9	1553762716125	1553762716973	OK	 
USER	ImporterSimulation	70	END	1553762688883	1553762716977
REQUEST	50		request-5	1553762709827	1553762716992	OK	 
REQUEST	33		request-6	1553762714289	1553762717012	OK	 
REQUEST	99		request-7	1553762714967	1553762717070	OK	 
REQUEST	100		request-5	1553762707895	1553762717138	OK	 
REQUEST	93		request-4	1553762709999	1553762717241	OK	 
REQUEST	81		request-5	1553762711726	1553762717267	OK	 
REQUEST	54		request-4	1553762707880	1553762717314	OK	 
REQUEST	25		request-8	1553762716391	1553762717358	OK	 
REQUEST	78		request-3	1553762712448	1553762717379	OK	 
REQUEST	28		request-5	1553762713974	1553762717419	OK	 
REQUEST	31		request-6	1553762708821	1553762717452	OK	 
REQUEST	58		request-4	1553762713756	1553762717534	OK	 
REQUEST	64		request-4	1553762712810	1553762717578	OK	 
REQUEST	89		request-4	1553762712235	1553762717602	OK	 
REQUEST	71		request-5	1553762713989	1553762717683	OK	 
REQUEST	32		request-4	1553762709241	1553762717709	OK	 
REQUEST	67		request-8	1553762716827	1553762717744	OK	 
REQUEST	96		request-3	1553762712837	1553762717775	OK	 
REQUEST	39		request-5	1553762711901	1553762717888	OK	 
REQUEST	20		request-6	1553762710057	1553762717930	OK	 
REQUEST	24		request-8	1553762716894	1553762717943	OK	 
REQUEST	23		request-5	1553762713595	1553762718034	OK	 
REQUEST	19		request-4	1553762712816	1553762718087	OK	 
REQUEST	3		request-5	1553762714063	1553762718103	OK	 
REQUEST	27		request-5	1553762713656	1553762718175	OK	 
REQUEST	87		request-6	1553762711110	1553762718206	OK	 
REQUEST	56		request-4	1553762709616	1553762718242	OK	 
REQUEST	95		request-5	1553762715427	1553762718266	OK	 
REQUEST	59		request-4	1553762710074	1553762718318	OK	 
REQUEST	41		request-6	1553762716651	1553762718371	OK	 
REQUEST	81		request-6	1553762717267	1553762718458	OK	 
REQUEST	85		request-4	1553762710544	1553762718499	OK	 
REQUEST	37		request-6	1553762714501	1553762718546	OK	 
REQUEST	42		request-6	1553762715503	1553762718571	OK	 
REQUEST	21		request-7	1553762713472	1553762718623	OK	 
REQUEST	33		request-7	1553762717013	1553762718646	OK	 
REQUEST	69		request-7	1553762715109	1553762718717	OK	 
REQUEST	67		request-9	1553762717745	1553762718771	OK	 
USER	ImporterSimulation	67	END	1553762688880	1553762718771
REQUEST	26		request-7	1553762716147	1553762718862	OK	 
REQUEST	12		request-5	1553762711474	1553762718892	OK	 
REQUEST	74		request-5	1553762713308	1553762718913	OK	 
REQUEST	2		request-5	1553762709685	1553762718980	OK	 
REQUEST	62		request-5	1553762711129	1553762719018	OK	 
REQUEST	66		request-5	1553762713344	1553762719117	OK	 
REQUEST	27		request-6	1553762718176	1553762719166	OK	 
REQUEST	34		request-5	1553762715151	1553762719211	OK	 
REQUEST	60		request-7	1553762713553	1553762719232	OK	 
REQUEST	61		request-5	1553762716252	1553762719246	OK	 
REQUEST	71		request-6	1553762717684	1553762719322	OK	 
REQUEST	18		request-6	1553762711600	1553762719379	OK	 
REQUEST	44		request-4	1553762714683	1553762719392	OK	 
REQUEST	97		request-5	1553762714759	1553762719543	OK	 
REQUEST	36		request-4	1553762715157	1553762719553	OK	 
REQUEST	12		request-6	1553762718893	1553762719614	OK	 
REQUEST	48		request-7	1553762716713	1553762719638	OK	 
REQUEST	49		request-6	1553762714228	1553762719657	OK	 
REQUEST	63		request-5	1553762712374	1553762719709	OK	 
REQUEST	77		request-3	1553762713571	1553762719773	OK	 
REQUEST	84		request-5	1553762713864	1553762719842	OK	 
REQUEST	39		request-6	1553762717889	1553762719925	OK	 
REQUEST	88		request-6	1553762712149	1553762719968	OK	 
REQUEST	20		request-7	1553762717931	1553762719991	OK	 
REQUEST	73		request-6	1553762715758	1553762720043	OK	 
REQUEST	90		request-7	1553762715783	1553762720070	OK	 
REQUEST	31		request-7	1553762717453	1553762720105	OK	 
REQUEST	92		request-4	1553762715887	1553762720167	OK	 
REQUEST	50		request-6	1553762716993	1553762720286	OK	 
REQUEST	9		request-8	1553762716773	1553762720332	OK	 
REQUEST	41		request-7	1553762718371	1553762720359	OK	 
REQUEST	72		request-4	1553762715967	1553762720447	OK	 
REQUEST	76		request-4	1553762709202	1553762720496	OK	 
REQUEST	58		request-5	1553762717534	1553762720507	OK	 
REQUEST	68		request-4	1553762714548	1553762720540	OK	 
REQUEST	94		request-6	1553762711291	1553762720568	OK	 
REQUEST	88		request-7	1553762719969	1553762720620	OK	 
REQUEST	29		request-6	1553762715055	1553762720710	OK	 
REQUEST	53		request-7	1553762710113	1553762720823	OK	 
REQUEST	22		request-4	1553762716509	1553762720828	OK	 
REQUEST	91		request-4	1553762716299	1553762720840	OK	 
REQUEST	75		request-6	1553762716313	1553762720856	OK	 
REQUEST	39		request-7	1553762719926	1553762720881	OK	 
REQUEST	14		request-6	1553762716570	1553762721008	OK	 
REQUEST	89		request-5	1553762717603	1553762721028	OK	 
REQUEST	11		request-7	1553762714641	1553762721145	OK	 
REQUEST	9		request-9	1553762720332	1553762721191	OK	 
USER	ImporterSimulation	9	END	1553762688810	1553762721191
REQUEST	55		request-7	1553762716591	1553762721191	OK	 
REQUEST	60		request-8	1553762719232	1553762721250	OK	 
REQUEST	3		request-6	1553762718103	1553762721315	OK	 
REQUEST	46		request-7	1553762715670	1553762721363	OK	 
REQUEST	82		request-6	1553762714438	1553762721383	OK	 
REQUEST	25		request-9	1553762717359	1553762721425	OK	 
USER	ImporterSimulation	25	END	1553762688829	1553762721426
REQUEST	32		request-5	1553762717710	1553762721489	OK	 
REQUEST	4		request-7	1553762716624	1553762721513	OK	 
REQUEST	96		request-4	1553762717775	1553762721537	OK	 
REQUEST	30		request-7	1553762716090	1553762721687	OK	 
REQUEST	23		request-6	1553762718035	1553762721740	OK	 
REQUEST	19		request-5	1553762718088	1553762721742	OK	 
REQUEST	15		request-9	1553762711849	1553762721784	OK	 
USER	ImporterSimulation	15	END	1553762688818	1553762721785
REQUEST	80		request-3	1553762711557	1553762721785	OK	 
REQUEST	65		request-4	1553762710474	1553762721802	OK	 
REQUEST	28		request-6	1553762717420	1553762721815	OK	 
REQUEST	98		request-5	1553762710756	1553762721886	OK	 
REQUEST	92		request-5	1553762720168	1553762722026	OK	 
REQUEST	6		request-7	1553762710822	1553762722043	OK	 
REQUEST	79		request-6	1553762713120	1553762722077	OK	 
REQUEST	37		request-7	1553762718546	1553762722116	OK	 
REQUEST	56		request-5	1553762718242	1553762722126	OK	 
REQUEST	19		request-6	1553762721743	1553762722148	OK	 
REQUEST	50		request-7	1553762720287	1553762722159	OK	 
REQUEST	81		request-7	1553762718459	1553762722301	OK	 
REQUEST	13		request-5	1553762712881	1553762722392	OK	 
REQUEST	21		request-8	1553762718623	1553762722454	OK	 
REQUEST	35		request-5	1553762711801	1553762722492	OK	 
REQUEST	79		request-7	1553762722077	1553762722503	OK	 
REQUEST	6		request-8	1553762722043	1553762722509	OK	 
REQUEST	52		request-5	1553762713691	1553762722548	OK	 
REQUEST	2		request-6	1553762718981	1553762722691	OK	 
REQUEST	24		request-9	1553762717944	1553762722756	OK	 
USER	ImporterSimulation	24	END	1553762688827	1553762722757
REQUEST	83		request-5	1553762716469	1553762722792	OK	 
REQUEST	76		request-5	1553762720497	1553762722813	OK	 
REQUEST	7		request-4	1553762712247	1553762722849	OK	 
REQUEST	38		request-4	1553762713917	1553762722876	OK	 
REQUEST	17		request-4	1553762712318	1553762722900	OK	 
REQUEST	66		request-6	1553762719117	1553762723062	OK	 
REQUEST	87		request-7	1553762718207	1553762723123	OK	 
REQUEST	62		request-6	1553762719018	1553762723163	OK	 
REQUEST	3		request-7	1553762721315	1553762723174	OK	 
REQUEST	19		request-7	1553762722149	1553762723213	OK	 
REQUEST	11		request-8	1553762721146	1553762723258	OK	 
REQUEST	44		request-5	1553762719392	1553762723295	OK	 
REQUEST	14		request-7	1553762721009	1553762723314	OK	 
REQUEST	18		request-7	1553762719380	1553762723426	OK	 
REQUEST	36		request-5	1553762719554	1553762723512	OK	 
REQUEST	21		request-9	1553762722455	1553762723535	OK	 
USER	ImporterSimulation	21	END	1553762688824	1553762723536
REQUEST	81		request-8	1553762722302	1553762723537	OK	 
REQUEST	48		request-8	1553762719639	1553762723557	OK	 
REQUEST	79		request-8	1553762722504	1553762723575	OK	 
REQUEST	59		request-5	1553762718318	1553762723598	OK	 
REQUEST	16		request-6	1553762714831	1553762723769	OK	 
REQUEST	20		request-8	1553762719992	1553762723897	OK	 
REQUEST	47		request-4	1553762714836	1553762724142	OK	 
REQUEST	91		request-5	1553762720841	1553762724156	OK	 
REQUEST	66		request-7	1553762723062	1553762724164	OK	 
REQUEST	39		request-8	1553762720881	1553762724169	OK	 
REQUEST	30		request-8	1553762721688	1553762724197	OK	 
REQUEST	94		request-7	1553762720569	1553762724323	OK	 
REQUEST	58		request-6	1553762720508	1553762724346	OK	 
REQUEST	88		request-8	1553762720621	1553762724422	OK	 
REQUEST	55		request-8	1553762721192	1553762724443	OK	 
REQUEST	43		request-5	1553762713931	1553762724478	OK	 
REQUEST	36		request-6	1553762723512	1553762724512	OK	 
REQUEST	22		request-5	1553762720829	1553762724549	OK	 
REQUEST	86		request-5	1553762714251	1553762724606	OK	 
REQUEST	65		request-5	1553762721803	1553762724697	OK	 
REQUEST	40		request-6	1553762715935	1553762724729	OK	 
REQUEST	46		request-8	1553762721364	1553762724763	OK	 
REQUEST	98		request-6	1553762721886	1553762724810	OK	 
REQUEST	57		request-4	1553762714182	1553762724861	OK	 
REQUEST	1		request-4	1553762714741	1553762724897	OK	 
REQUEST	10		request-6	1553762715916	1553762724949	OK	 
REQUEST	37		request-8	1553762722116	1553762725014	OK	 
REQUEST	56		request-6	1553762722127	1553762725080	OK	 
REQUEST	34		request-6	1553762719211	1553762725092	OK	 
REQUEST	5		request-8	1553762716951	1553762725175	OK	 
REQUEST	65		request-6	1553762724697	1553762725201	OK	 
REQUEST	61		request-6	1553762719246	1553762725236	OK	 
REQUEST	6		request-9	1553762722509	1553762725262	OK	 
USER	ImporterSimulation	6	END	1553762688806	1553762725263
REQUEST	16		request-7	1553762723769	1553762725335	OK	 
REQUEST	40		request-7	1553762724730	1553762725356	OK	 
REQUEST	86		request-6	1553762724606	1553762725415	OK	 
REQUEST	79		request-9	1553762723575	1553762725484	OK	 
USER	ImporterSimulation	79	END	1553762688894	1553762725485
REQUEST	2		request-7	1553762722692	1553762725507	OK	 
REQUEST	84		request-6	1553762719843	1553762725569	OK	 
REQUEST	35		request-6	1553762722492	1553762725630	OK	 
REQUEST	52		request-6	1553762722549	1553762725674	OK	 
REQUEST	10		request-7	1553762724949	1553762725688	OK	 
REQUEST	59		request-6	1553762723599	1553762725707	OK	 
REQUEST	30		request-9	1553762724197	1553762725772	OK	 
USER	ImporterSimulation	30	END	1553762688835	1553762725773
REQUEST	34		request-7	1553762725093	1553762725856	OK	 
REQUEST	78		request-4	1553762717379	1553762725903	OK	 
REQUEST	80		request-4	1553762721785	1553762725997	OK	 
REQUEST	87		request-8	1553762723124	1553762726017	OK	 
REQUEST	99		request-8	1553762717071	1553762726064	OK	 
REQUEST	62		request-7	1553762723164	1553762726098	OK	 
REQUEST	83		request-6	1553762722792	1553762726115	OK	 
REQUEST	64		request-5	1553762717578	1553762726188	OK	 
REQUEST	100		request-6	1553762717138	1553762726233	OK	 
REQUEST	19		request-8	1553762723214	1553762726248	OK	 
REQUEST	55		request-9	1553762724443	1553762726355	OK	 
USER	ImporterSimulation	55	END	1553762688866	1553762726356
REQUEST	36		request-7	1553762724513	1553762726400	OK	 
REQUEST	89		request-6	1553762721029	1553762726453	OK	 
REQUEST	14		request-8	1553762723314	1553762726500	OK	 
REQUEST	50		request-8	1553762722160	1553762726529	OK	 
REQUEST	85		request-5	1553762718500	1553762726558	OK	 
REQUEST	95		request-6	1553762718266	1553762726632	OK	 
REQUEST	44		request-6	1553762723296	1553762726683	OK	 
REQUEST	65		request-7	1553762725202	1553762726724	OK	 
REQUEST	64		request-6	1553762726188	1553762726749	OK	 
REQUEST	16		request-8	1553762725335	1553762726784	OK	 
REQUEST	20		request-9	1553762723898	1553762726850	OK	 
USER	ImporterSimulation	20	END	1553762688823	1553762726851
REQUEST	62		request-8	1553762726098	1553762726878	OK	 
REQUEST	39		request-9	1553762724170	1553762726899	OK	 
USER	ImporterSimulation	39	END	1553762688848	1553762726900
REQUEST	40		request-8	1553762725356	1553762726956	OK	 
REQUEST	38		request-5	1553762722876	1553762727094	OK	 
REQUEST	66		request-8	1553762724165	1553762727120	OK	 
REQUEST	27		request-7	1553762719166	1553762727139	OK	 
REQUEST	82		request-7	1553762721383	1553762727179	OK	 
REQUEST	50		request-9	1553762726529	1553762727184	OK	 
USER	ImporterSimulation	50	END	1553762688860	1553762727184
REQUEST	17		request-5	1553762722901	1553762727223	OK	 
REQUEST	71		request-7	1553762719323	1553762727233	OK	 
REQUEST	51		request-5	1553762715886	1553762727355	OK	 
REQUEST	43		request-6	1553762724478	1553762727419	OK	 
REQUEST	59		request-7	1553762725708	1553762727460	OK	 
REQUEST	57		request-5	1553762724861	1553762727465	OK	 
REQUEST	40		request-9	1553762726957	1553762727490	OK	 
USER	ImporterSimulation	40	END	1553762688849	1553762727491
REQUEST	92		request-6	1553762722026	1553762727536	OK	 
REQUEST	10		request-8	1553762725689	1553762727559	OK	 
REQUEST	35		request-7	1553762725631	1553762727648	OK	 
REQUEST	97		request-6	1553762719543	1553762727704	OK	 
REQUEST	76		request-6	1553762722814	1553762727751	OK	 
REQUEST	82		request-8	1553762727179	1553762727766	OK	 
REQUEST	3		request-8	1553762723174	1553762727822	OK	 
REQUEST	52		request-7	1553762725675	1553762727849	OK	 
REQUEST	45		request-6	1553762714906	1553762727872	OK	 
REQUEST	73		request-7	1553762720044	1553762727930	OK	 
REQUEST	90		request-8	1553762720071	1553762728015	OK	 
REQUEST	5		request-9	1553762725175	1553762728123	OK	 
USER	ImporterSimulation	5	END	1553762688805	1553762728124
REQUEST	49		request-7	1553762719658	1553762728171	OK	 
REQUEST	37		request-9	1553762725014	1553762728189	OK	 
USER	ImporterSimulation	37	END	1553762688846	1553762728189
REQUEST	77		request-4	1553762719773	1553762728228	OK	 
REQUEST	76		request-7	1553762727751	1553762728233	OK	 
REQUEST	35		request-8	1553762727649	1553762728249	OK	 
REQUEST	69		request-8	1553762718717	1553762728323	OK	 
REQUEST	8		request-7	1553762716239	1553762728400	OK	 
REQUEST	31		request-8	1553762720105	1553762728465	OK	 
REQUEST	78		request-5	1553762725904	1553762728477	OK	 
REQUEST	72		request-5	1553762720447	1553762728503	OK	 
REQUEST	63		request-6	1553762719710	1553762728506	OK	 
REQUEST	12		request-7	1553762719614	1553762728538	OK	 
REQUEST	34		request-8	1553762725857	1553762728700	OK	 
REQUEST	47		request-5	1553762724143	1553762728720	OK	 
REQUEST	99		request-9	1553762726065	1553762728765	OK	 
USER	ImporterSimulation	99	END	1553762688915	1553762728766
REQUEST	19		request-9	1553762726248	1553762728766	OK	 
USER	ImporterSimulation	19	END	1553762688822	1553762728767
REQUEST	93		request-5	1553762717242	1553762728792	OK	 
REQUEST	31		request-9	1553762728465	1553762728822	OK	 
USER	ImporterSimulation	31	END	1553762688837	1553762728822
REQUEST	1		request-5	1553762724897	1553762728850	OK	 
REQUEST	75		request-7	1553762720857	1553762728915	OK	 
REQUEST	63		request-7	1553762728506	1553762729062	OK	 
REQUEST	54		request-5	1553762717314	1553762729101	OK	 
REQUEST	72		request-6	1553762728504	1553762729134	OK	 
REQUEST	26		request-8	1553762718863	1553762729147	OK	 
REQUEST	29		request-7	1553762720711	1553762729172	OK	 
REQUEST	60		request-9	1553762721250	1553762729199	OK	 
USER	ImporterSimulation	60	END	1553762688872	1553762729200
REQUEST	23		request-7	1553762721740	1553762729219	OK	 
REQUEST	12		request-8	1553762728538	1553762729232	OK	 
REQUEST	75		request-8	1553762728916	1553762729395	OK	 
REQUEST	85		request-6	1553762726559	1553762729473	OK	 
REQUEST	89		request-7	1553762726454	1553762729488	OK	 
REQUEST	65		request-8	1553762726725	1553762729509	OK	 
REQUEST	44		request-7	1553762726683	1553762729550	OK	 
REQUEST	16		request-9	1553762726784	1553762729557	OK	 
USER	ImporterSimulation	16	END	1553762688819	1553762729558
REQUEST	95		request-7	1553762726632	1553762729592	OK	 
REQUEST	57		request-6	1553762727466	1553762729632	OK	 
REQUEST	28		request-7	1553762721816	1553762729786	OK	 
REQUEST	98		request-7	1553762724810	1553762729823	OK	 
REQUEST	26		request-9	1553762729147	1553762729846	OK	 
USER	ImporterSimulation	26	END	1553762688830	1553762729846
REQUEST	88		request-9	1553762724423	1553762729860	OK	 
USER	ImporterSimulation	88	END	1553762688903	1553762729860
REQUEST	94		request-8	1553762724323	1553762729870	OK	 
REQUEST	64		request-7	1553762726750	1553762729886	OK	 
REQUEST	12		request-9	1553762729232	1553762729925	OK	 
USER	ImporterSimulation	12	END	1553762688814	1553762729926
REQUEST	58		request-7	1553762724347	1553762729996	OK	 
REQUEST	96		request-5	1553762721538	1553762730161	OK	 
REQUEST	63		request-8	1553762729063	1553762730171	OK	 
REQUEST	4		request-8	1553762721514	1553762730192	OK	 
REQUEST	38		request-6	1553762727094	1553762730217	OK	 
REQUEST	77		request-5	1553762728228	1553762730233	OK	 
REQUEST	41		request-8	1553762720360	1553762730300	OK	 
REQUEST	66		request-9	1553762727121	1553762730380	OK	 
USER	ImporterSimulation	66	END	1553762688879	1553762730380
REQUEST	27		request-8	1553762727140	1553762730449	OK	 
REQUEST	29		request-8	1553762729172	1553762730486	OK	 
REQUEST	68		request-5	1553762720541	1553762730487	OK	 
REQUEST	89		request-8	1553762729488	1553762730520	OK	 
REQUEST	23		request-8	1553762729220	1553762730584	OK	 
REQUEST	97		request-7	1553762727704	1553762730633	OK	 
REQUEST	42		request-7	1553762718571	1553762730656	OK	 
REQUEST	33		request-8	1553762718647	1553762730723	OK	 
REQUEST	52		request-8	1553762727850	1553762730786	OK	 
REQUEST	83		request-7	1553762726115	1553762730804	OK	 
REQUEST	74		request-6	1553762718913	1553762730879	OK	 
REQUEST	3		request-9	1553762727822	1553762730905	OK	 
USER	ImporterSimulation	3	END	1553762688802	1553762730905
REQUEST	43		request-7	1553762727420	1553762730961	OK	 
REQUEST	71		request-8	1553762727234	1553762731012	OK	 
REQUEST	7		request-5	1553762722850	1553762731033	OK	 
REQUEST	1		request-6	1553762728850	1553762731063	OK	 
REQUEST	42		request-8	1553762730657	1553762731106	OK	 
REQUEST	62		request-9	1553762726879	1553762731125	OK	 
USER	ImporterSimulation	62	END	1553762688874	1553762731126
REQUEST	75		request-9	1553762729395	1553762731205	OK	 
USER	ImporterSimulation	75	END	1553762688889	1553762731206
REQUEST	53		request-8	1553762720823	1553762731250	OK	 
REQUEST	54		request-6	1553762729101	1553762731393	OK	 
REQUEST	61		request-7	1553762725237	1553762731422	OK	 
REQUEST	32		request-6	1553762721490	1553762731447	OK	 
REQUEST	13		request-6	1553762722393	1553762731466	OK	 
REQUEST	48		request-9	1553762723557	1553762731521	OK	 
USER	ImporterSimulation	48	END	1553762688858	1553762731522
REQUEST	28		request-8	1553762729786	1553762731697	OK	 
REQUEST	11		request-9	1553762723258	1553762731748	OK	 
USER	ImporterSimulation	11	END	1553762688813	1553762731748
REQUEST	22		request-6	1553762724549	1553762731756	OK	 
REQUEST	71		request-9	1553762731012	1553762731783	OK	 
USER	ImporterSimulation	71	END	1553762688884	1553762731783
REQUEST	91		request-6	1553762724156	1553762731787	OK	 
REQUEST	49		request-8	1553762728171	1553762731802	OK	 
REQUEST	59		request-8	1553762727460	1553762731815	OK	 
REQUEST	2		request-8	1553762725507	1553762731895	OK	 
REQUEST	29		request-9	1553762730486	1553762732025	OK	 
USER	ImporterSimulation	29	END	1553762688834	1553762732025
REQUEST	52		request-9	1553762730787	1553762732047	OK	 
USER	ImporterSimulation	52	END	1553762688863	1553762732048
REQUEST	84		request-7	1553762725570	1553762732060	OK	 
REQUEST	86		request-7	1553762725415	1553762732066	OK	 
REQUEST	28		request-9	1553762731698	1553762732081	OK	 
USER	ImporterSimulation	28	END	1553762688833	1553762732081
REQUEST	18		request-8	1553762723426	1553762732120	OK	 
REQUEST	36		request-8	1553762726401	1553762732178	OK	 
REQUEST	100		request-7	1553762726234	1553762732231	OK	 
REQUEST	32		request-7	1553762731447	1553762732313	OK	 
REQUEST	81		request-9	1553762723537	1553762732333	OK	 
USER	ImporterSimulation	81	END	1553762688896	1553762732334
REQUEST	63		request-9	1553762730171	1553762732359	OK	 
USER	ImporterSimulation	63	END	1553762688876	1553762732360
REQUEST	65		request-9	1553762729509	1553762732389	OK	 
USER	ImporterSimulation	65	END	1553762688878	1553762732390
REQUEST	46		request-9	1553762724763	1553762732439	OK	 
USER	ImporterSimulation	46	END	1553762688855	1553762732439
REQUEST	17		request-6	1553762727223	1553762732469	OK	 
REQUEST	56		request-7	1553762725081	1553762732530	OK	 
REQUEST	68		request-6	1553762730487	1553762732563	OK	 
REQUEST	96		request-6	1553762730161	1553762732688	OK	 
REQUEST	100		request-8	1553762732231	1553762732719	OK	 
REQUEST	73		request-8	1553762727930	1553762732761	OK	 
REQUEST	89		request-9	1553762730521	1553762732762	OK	 
USER	ImporterSimulation	89	END	1553762688904	1553762732762
REQUEST	74		request-7	1553762730879	1553762732792	OK	 
REQUEST	92		request-7	1553762727536	1553762732793	OK	 
REQUEST	90		request-9	1553762728016	1553762732812	OK	 
USER	ImporterSimulation	90	END	1553762688905	1553762732813
REQUEST	80		request-5	1553762725997	1553762732847	OK	 
REQUEST	44		request-8	1553762729551	1553762732998	OK	 
REQUEST	68		request-7	1553762732564	1553762733094	OK	 
REQUEST	35		request-9	1553762728250	1553762733113	OK	 
USER	ImporterSimulation	35	END	1553762688843	1553762733114
REQUEST	100		request-9	1553762732719	1553762733115	OK	 
USER	ImporterSimulation	100	END	1553762688916	1553762733115
REQUEST	76		request-8	1553762728233	1553762733132	OK	 
REQUEST	87		request-9	1553762726017	1553762733164	OK	 
USER	ImporterSimulation	87	END	1553762688903	1553762733164
REQUEST	51		request-6	1553762727356	1553762733194	OK	 
REQUEST	69		request-9	1553762728323	1553762733247	OK	 
USER	ImporterSimulation	69	END	1553762688882	1553762733247
REQUEST	78		request-6	1553762728477	1553762733403	OK	 
REQUEST	73		request-9	1553762732761	1553762733464	OK	 
USER	ImporterSimulation	73	END	1553762688887	1553762733465
REQUEST	14		request-9	1553762726501	1553762733517	OK	 
USER	ImporterSimulation	14	END	1553762688817	1553762733518
REQUEST	68		request-8	1553762733094	1553762733518	OK	 
REQUEST	47		request-6	1553762728721	1553762733569	OK	 
REQUEST	22		request-7	1553762731756	1553762733583	OK	 
REQUEST	94		request-9	1553762729870	1553762733633	OK	 
USER	ImporterSimulation	94	END	1553762688910	1553762733634
REQUEST	72		request-7	1553762729135	1553762733685	OK	 
REQUEST	95		request-8	1553762729592	1553762733788	OK	 
REQUEST	7		request-6	1553762731034	1553762733835	OK	 
REQUEST	38		request-7	1553762730217	1553762733871	OK	 
REQUEST	45		request-7	1553762727872	1553762733893	OK	 
REQUEST	57		request-7	1553762729633	1553762733907	OK	 
REQUEST	77		request-6	1553762730233	1553762733966	OK	 
REQUEST	98		request-8	1553762729823	1553762733989	OK	 
REQUEST	78		request-7	1553762733404	1553762734058	OK	 
REQUEST	82		request-9	1553762727766	1553762734147	OK	 
USER	ImporterSimulation	82	END	1553762688897	1553762734147
REQUEST	84		request-8	1553762732061	1553762734223	OK	 
REQUEST	10		request-9	1553762727559	1553762734268	OK	 
USER	ImporterSimulation	10	END	1553762688811	1553762734268
REQUEST	95		request-9	1553762733788	1553762734297	OK	 
USER	ImporterSimulation	95	END	1553762688911	1553762734297
REQUEST	23		request-9	1553762730585	1553762734320	OK	 
USER	ImporterSimulation	23	END	1553762688826	1553762734321
REQUEST	93		request-6	1553762728792	1553762734364	OK	 
REQUEST	86		request-8	1553762732066	1553762734380	OK	 
REQUEST	97		request-8	1553762730633	1553762734452	OK	 
REQUEST	45		request-8	1553762733894	1553762734524	OK	 
REQUEST	17		request-7	1553762732470	1553762734585	OK	 
REQUEST	41		request-9	1553762730301	1553762734602	OK	 
USER	ImporterSimulation	41	END	1553762688850	1553762734603
REQUEST	57		request-8	1553762733908	1553762734636	OK	 
REQUEST	77		request-7	1553762733966	1553762734692	OK	 
REQUEST	49		request-9	1553762731802	1553762734765	OK	 
USER	ImporterSimulation	49	END	1553762688859	1553762734765
REQUEST	83		request-8	1553762730804	1553762734783	OK	 
REQUEST	85		request-7	1553762729474	1553762734842	OK	 
REQUEST	91		request-7	1553762731787	1553762734957	OK	 
REQUEST	42		request-9	1553762731106	1553762734980	OK	 
USER	ImporterSimulation	42	END	1553762688852	1553762734981
REQUEST	17		request-8	1553762734586	1553762735024	OK	 
REQUEST	45		request-9	1553762734524	1553762735063	OK	 
USER	ImporterSimulation	45	END	1553762688855	1553762735063
REQUEST	93		request-7	1553762734364	1553762735083	OK	 
REQUEST	59		request-9	1553762731815	1553762735135	OK	 
USER	ImporterSimulation	59	END	1553762688870	1553762735136
REQUEST	57		request-9	1553762734637	1553762735195	OK	 
USER	ImporterSimulation	57	END	1553762688868	1553762735196
REQUEST	8		request-8	1553762728400	1553762735396	OK	 
REQUEST	77		request-8	1553762734693	1553762735404	OK	 
REQUEST	91		request-8	1553762734957	1553762735430	OK	 
REQUEST	34		request-9	1553762728700	1553762735457	OK	 
USER	ImporterSimulation	34	END	1553762688842	1553762735458
REQUEST	64		request-8	1553762729887	1553762735461	OK	 
REQUEST	58		request-8	1553762729997	1553762735487	OK	 
REQUEST	36		request-9	1553762732178	1553762735538	OK	 
USER	ImporterSimulation	36	END	1553762688845	1553762735539
REQUEST	33		request-9	1553762730723	1553762735638	OK	 
USER	ImporterSimulation	33	END	1553762688840	1553762735638
REQUEST	92		request-8	1553762732794	1553762735729	OK	 
REQUEST	96		request-7	1553762732688	1553762735781	OK	 
REQUEST	44		request-9	1553762732998	1553762735788	OK	 
USER	ImporterSimulation	44	END	1553762688853	1553762735788
REQUEST	74		request-8	1553762732792	1553762735819	OK	 
REQUEST	8		request-9	1553762735396	1553762735875	OK	 
USER	ImporterSimulation	8	END	1553762688809	1553762735875
REQUEST	77		request-9	1553762735404	1553762735922	OK	 
USER	ImporterSimulation	77	END	1553762688891	1553762735923
REQUEST	4		request-9	1553762730193	1553762735985	OK	 
USER	ImporterSimulation	4	END	1553762688804	1553762735986
REQUEST	13		request-7	1553762731466	1553762736000	OK	 
REQUEST	76		request-9	1553762733132	1553762736051	OK	 
USER	ImporterSimulation	76	END	1553762688890	1553762736051
REQUEST	80		request-6	1553762732848	1553762736077	OK	 
REQUEST	92		request-9	1553762735730	1553762736144	OK	 
USER	ImporterSimulation	92	END	1553762688908	1553762736145
REQUEST	47		request-7	1553762733570	1553762736207	OK	 
REQUEST	22		request-8	1553762733584	1553762736265	OK	 
REQUEST	43		request-8	1553762730961	1553762736281	OK	 
REQUEST	68		request-9	1553762733518	1553762736323	OK	 
USER	ImporterSimulation	68	END	1553762688881	1553762736323
REQUEST	96		request-8	1553762735782	1553762736386	OK	 
REQUEST	7		request-7	1553762733835	1553762736457	OK	 
REQUEST	27		request-9	1553762730449	1553762736472	OK	 
USER	ImporterSimulation	27	END	1553762688832	1553762736473
REQUEST	1		request-7	1553762731063	1553762736528	OK	 
REQUEST	72		request-8	1553762733686	1553762736547	OK	 
REQUEST	84		request-9	1553762734224	1553762736610	OK	 
USER	ImporterSimulation	84	END	1553762688899	1553762736611
REQUEST	74		request-9	1553762735820	1553762736615	OK	 
USER	ImporterSimulation	74	END	1553762688887	1553762736616
REQUEST	32		request-8	1553762732313	1553762736686	OK	 
REQUEST	98		request-9	1553762733989	1553762736760	OK	 
USER	ImporterSimulation	98	END	1553762688914	1553762736761
REQUEST	38		request-8	1553762733871	1553762736785	OK	 
REQUEST	53		request-9	1553762731250	1553762736856	OK	 
USER	ImporterSimulation	53	END	1553762688864	1553762736857
REQUEST	96		request-9	1553762736386	1553762736895	OK	 
USER	ImporterSimulation	96	END	1553762688912	1553762736896
REQUEST	61		request-8	1553762731422	1553762736938	OK	 
REQUEST	97		request-9	1553762734452	1553762736976	OK	 
USER	ImporterSimulation	97	END	1553762688913	1553762736976
REQUEST	2		request-9	1553762731896	1553762736997	OK	 
USER	ImporterSimulation	2	END	1553762688801	1553762736997
REQUEST	54		request-7	1553762731394	1553762737079	OK	 
REQUEST	78		request-8	1553762734059	1553762737132	OK	 
REQUEST	83		request-9	1553762734784	1553762737214	OK	 
USER	ImporterSimulation	83	END	1553762688898	1553762737214
REQUEST	91		request-9	1553762735431	1553762737230	OK	 
USER	ImporterSimulation	91	END	1553762688906	1553762737231
REQUEST	38		request-9	1553762736785	1553762737269	OK	 
USER	ImporterSimulation	38	END	1553762688847	1553762737270
REQUEST	17		request-9	1553762735024	1553762737292	OK	 
USER	ImporterSimulation	17	END	1553762688820	1553762737293
REQUEST	18		request-9	1553762732121	1553762737342	OK	 
USER	ImporterSimulation	18	END	1553762688821	1553762737342
REQUEST	93		request-8	1553762735083	1553762737398	OK	 
REQUEST	56		request-8	1553762732530	1553762737487	OK	 
REQUEST	22		request-9	1553762736266	1553762737547	OK	 
USER	ImporterSimulation	22	END	1553762688825	1553762737548
REQUEST	78		request-9	1553762737132	1553762737578	OK	 
USER	ImporterSimulation	78	END	1553762688892	1553762737579
REQUEST	64		request-9	1553762735461	1553762737607	OK	 
USER	ImporterSimulation	64	END	1553762688877	1553762737607
REQUEST	1		request-8	1553762736528	1553762737621	OK	 
REQUEST	58		request-9	1553762735488	1553762737662	OK	 
USER	ImporterSimulation	58	END	1553762688869	1553762737662
REQUEST	51		request-7	1553762733194	1553762737705	OK	 
REQUEST	85		request-8	1553762734843	1553762737754	OK	 
REQUEST	47		request-8	1553762736207	1553762737818	OK	 
REQUEST	86		request-9	1553762734381	1553762737872	OK	 
USER	ImporterSimulation	86	END	1553762688901	1553762737873
REQUEST	43		request-9	1553762736281	1553762737894	OK	 
USER	ImporterSimulation	43	END	1553762688852	1553762737894
REQUEST	7		request-8	1553762736457	1553762737941	OK	 
REQUEST	72		request-9	1553762736547	1553762737960	OK	 
USER	ImporterSimulation	72	END	1553762688885	1553762737960
REQUEST	54		request-8	1553762737080	1553762737971	OK	 
REQUEST	80		request-7	1553762736077	1553762738018	OK	 
REQUEST	93		request-9	1553762737398	1553762738135	OK	 
USER	ImporterSimulation	93	END	1553762688909	1553762738136
REQUEST	13		request-8	1553762736000	1553762738217	OK	 
REQUEST	1		request-9	1553762737621	1553762738236	OK	 
USER	ImporterSimulation	1	END	1553762688765	1553762738236
REQUEST	61		request-9	1553762736938	1553762738259	OK	 
USER	ImporterSimulation	61	END	1553762688873	1553762738260
REQUEST	32		request-9	1553762736686	1553762738311	OK	 
USER	ImporterSimulation	32	END	1553762688838	1553762738311
REQUEST	56		request-9	1553762737488	1553762738337	OK	 
USER	ImporterSimulation	56	END	1553762688867	1553762738337
REQUEST	51		request-8	1553762737706	1553762738371	OK	 
REQUEST	47		request-9	1553762737818	1553762738399	OK	 
USER	ImporterSimulation	47	END	1553762688857	1553762738400
REQUEST	85		request-9	1553762737754	1553762738456	OK	 
USER	ImporterSimulation	85	END	1553762688900	1553762738457
REQUEST	7		request-9	1553762737942	1553762738478	OK	 
USER	ImporterSimulation	7	END	1553762688807	1553762738478
REQUEST	54		request-9	1553762737971	1553762738502	OK	 
USER	ImporterSimulation	54	END	1553762688865	1553762738503
REQUEST	51		request-9	1553762738371	1553762738543	OK	 
USER	ImporterSimulation	51	END	1553762688861	1553762738544
REQUEST	13		request-9	1553762738217	1553762738575	OK	 
USER	ImporterSimulation	13	END	1553762688816	1553762738575
REQUEST	80		request-8	1553762738018	1553762738597	OK	 
REQUEST	80		request-9	1553762738598	1553762738822	OK	 
USER	ImporterSimulation	80	END	1553762688895	1553762738823
